[debug] [2023-07-06T13:50:26.992Z] ----------------------------------------------------------------------
[debug] [2023-07-06T13:50:26.994Z] Command:       /opt/homebrew/Cellar/node/20.3.1_1/bin/node /Users/tyler/git/apipassage/node_modules/.bin/firebase deploy --only functions
[debug] [2023-07-06T13:50:26.994Z] CLI Version:   12.2.1
[debug] [2023-07-06T13:50:26.994Z] Platform:      darwin
[debug] [2023-07-06T13:50:26.994Z] Node Version:  v20.3.1
[debug] [2023-07-06T13:50:26.994Z] Time:          Thu Jul 06 2023 08:50:26 GMT-0500 (Central Daylight Time)
[debug] [2023-07-06T13:50:26.994Z] ----------------------------------------------------------------------
[debug] 
[debug] [2023-07-06T13:50:27.035Z] > command requires scopes: ["email","openid","https://www.googleapis.com/auth/cloudplatformprojects.readonly","https://www.googleapis.com/auth/firebase","https://www.googleapis.com/auth/cloud-platform"]
[debug] [2023-07-06T13:50:27.035Z] > authorizing via signed-in user (tyler@mellasa.com)
[debug] [2023-07-06T13:50:27.035Z] [iam] checking project apipassage for permissions ["cloudfunctions.functions.create","cloudfunctions.functions.delete","cloudfunctions.functions.get","cloudfunctions.functions.list","cloudfunctions.functions.update","cloudfunctions.operations.get","firebase.projects.get"]
[debug] [2023-07-06T13:50:27.036Z] >>> [apiv2][query] POST https://cloudresourcemanager.googleapis.com/v1/projects/apipassage:testIamPermissions [none]
[debug] [2023-07-06T13:50:27.036Z] >>> [apiv2][(partial)header] POST https://cloudresourcemanager.googleapis.com/v1/projects/apipassage:testIamPermissions x-goog-quota-user=projects/apipassage
[debug] [2023-07-06T13:50:27.037Z] >>> [apiv2][body] POST https://cloudresourcemanager.googleapis.com/v1/projects/apipassage:testIamPermissions {"permissions":["cloudfunctions.functions.create","cloudfunctions.functions.delete","cloudfunctions.functions.get","cloudfunctions.functions.list","cloudfunctions.functions.update","cloudfunctions.operations.get","firebase.projects.get"]}
[debug] [2023-07-06T13:50:27.290Z] <<< [apiv2][status] POST https://cloudresourcemanager.googleapis.com/v1/projects/apipassage:testIamPermissions 200
[debug] [2023-07-06T13:50:27.290Z] <<< [apiv2][body] POST https://cloudresourcemanager.googleapis.com/v1/projects/apipassage:testIamPermissions {"permissions":["cloudfunctions.functions.create","cloudfunctions.functions.delete","cloudfunctions.functions.get","cloudfunctions.functions.list","cloudfunctions.functions.update","cloudfunctions.operations.get","firebase.projects.get"]}
[debug] [2023-07-06T13:50:27.290Z] >>> [apiv2][query] POST https://iam.googleapis.com/v1/projects/apipassage/serviceAccounts/apipassage@appspot.gserviceaccount.com:testIamPermissions [none]
[debug] [2023-07-06T13:50:27.291Z] >>> [apiv2][body] POST https://iam.googleapis.com/v1/projects/apipassage/serviceAccounts/apipassage@appspot.gserviceaccount.com:testIamPermissions {"permissions":["iam.serviceAccounts.actAs"]}
[debug] [2023-07-06T13:50:27.469Z] <<< [apiv2][status] POST https://iam.googleapis.com/v1/projects/apipassage/serviceAccounts/apipassage@appspot.gserviceaccount.com:testIamPermissions 200
[debug] [2023-07-06T13:50:27.469Z] <<< [apiv2][body] POST https://iam.googleapis.com/v1/projects/apipassage/serviceAccounts/apipassage@appspot.gserviceaccount.com:testIamPermissions {"permissions":["iam.serviceAccounts.actAs"]}
[info] 
[info] === Deploying to 'apipassage'...
[info] 
[info] i  deploying functions 
[info] Running command: npm --prefix "$RESOURCE_DIR" run build
[info] ✔  functions: Finished running predeploy script. 
[debug] [2023-07-06T13:50:28.545Z] >>> [apiv2][query] GET https://firebase.googleapis.com/v1beta1/projects/apipassage [none]
[debug] [2023-07-06T13:50:28.765Z] <<< [apiv2][status] GET https://firebase.googleapis.com/v1beta1/projects/apipassage 200
[debug] [2023-07-06T13:50:28.765Z] <<< [apiv2][body] GET https://firebase.googleapis.com/v1beta1/projects/apipassage {"projectId":"apipassage","projectNumber":"256217368185","displayName":"apipassage","name":"projects/apipassage","resources":{"hostingSite":"apipassage","realtimeDatabaseInstance":"apipassage-default-rtdb"},"state":"ACTIVE","etag":"1_a6abe54b-a99f-44dd-ad24-04cefb5900b5"}
[info] i  functions: preparing codebase default for deployment 
[info] i  functions: ensuring required API cloudfunctions.googleapis.com is enabled... 
[info] i  functions: ensuring required API cloudbuild.googleapis.com is enabled... 
[info] i  artifactregistry: ensuring required API artifactregistry.googleapis.com is enabled... 
[debug] [2023-07-06T13:50:28.766Z] >>> [apiv2][query] GET https://serviceusage.googleapis.com/v1/projects/apipassage/services/cloudfunctions.googleapis.com [none]
[debug] [2023-07-06T13:50:28.766Z] >>> [apiv2][(partial)header] GET https://serviceusage.googleapis.com/v1/projects/apipassage/services/cloudfunctions.googleapis.com x-goog-quota-user=projects/apipassage
[debug] [2023-07-06T13:50:28.767Z] >>> [apiv2][query] GET https://serviceusage.googleapis.com/v1/projects/apipassage/services/runtimeconfig.googleapis.com [none]
[debug] [2023-07-06T13:50:28.767Z] >>> [apiv2][(partial)header] GET https://serviceusage.googleapis.com/v1/projects/apipassage/services/runtimeconfig.googleapis.com x-goog-quota-user=projects/apipassage
[debug] [2023-07-06T13:50:28.767Z] >>> [apiv2][query] GET https://serviceusage.googleapis.com/v1/projects/apipassage/services/cloudbuild.googleapis.com [none]
[debug] [2023-07-06T13:50:28.767Z] >>> [apiv2][(partial)header] GET https://serviceusage.googleapis.com/v1/projects/apipassage/services/cloudbuild.googleapis.com x-goog-quota-user=projects/apipassage
[debug] [2023-07-06T13:50:28.768Z] >>> [apiv2][query] GET https://serviceusage.googleapis.com/v1/projects/apipassage/services/artifactregistry.googleapis.com [none]
[debug] [2023-07-06T13:50:28.768Z] >>> [apiv2][(partial)header] GET https://serviceusage.googleapis.com/v1/projects/apipassage/services/artifactregistry.googleapis.com x-goog-quota-user=projects/apipassage
[debug] [2023-07-06T13:50:29.116Z] <<< [apiv2][status] GET https://serviceusage.googleapis.com/v1/projects/apipassage/services/artifactregistry.googleapis.com 200
[debug] [2023-07-06T13:50:29.116Z] <<< [apiv2][body] GET https://serviceusage.googleapis.com/v1/projects/apipassage/services/artifactregistry.googleapis.com [omitted]
[info] ✔  artifactregistry: required API artifactregistry.googleapis.com is enabled 
[debug] [2023-07-06T13:50:29.119Z] <<< [apiv2][status] GET https://serviceusage.googleapis.com/v1/projects/apipassage/services/cloudfunctions.googleapis.com 200
[debug] [2023-07-06T13:50:29.119Z] <<< [apiv2][body] GET https://serviceusage.googleapis.com/v1/projects/apipassage/services/cloudfunctions.googleapis.com [omitted]
[info] ✔  functions: required API cloudfunctions.googleapis.com is enabled 
[debug] [2023-07-06T13:50:29.120Z] <<< [apiv2][status] GET https://serviceusage.googleapis.com/v1/projects/apipassage/services/cloudbuild.googleapis.com 200
[debug] [2023-07-06T13:50:29.120Z] <<< [apiv2][body] GET https://serviceusage.googleapis.com/v1/projects/apipassage/services/cloudbuild.googleapis.com [omitted]
[info] ✔  functions: required API cloudbuild.googleapis.com is enabled 
[debug] [2023-07-06T13:50:29.122Z] <<< [apiv2][status] GET https://serviceusage.googleapis.com/v1/projects/apipassage/services/runtimeconfig.googleapis.com 200
[debug] [2023-07-06T13:50:29.122Z] <<< [apiv2][body] GET https://serviceusage.googleapis.com/v1/projects/apipassage/services/runtimeconfig.googleapis.com [omitted]
[debug] [2023-07-06T13:50:29.123Z] >>> [apiv2][query] GET https://firebase.googleapis.com/v1beta1/projects/apipassage/adminSdkConfig [none]
[debug] [2023-07-06T13:50:29.272Z] <<< [apiv2][status] GET https://firebase.googleapis.com/v1beta1/projects/apipassage/adminSdkConfig 200
[debug] [2023-07-06T13:50:29.273Z] <<< [apiv2][body] GET https://firebase.googleapis.com/v1beta1/projects/apipassage/adminSdkConfig {"projectId":"apipassage","databaseURL":"https://apipassage-default-rtdb.firebaseio.com","storageBucket":"apipassage.appspot.com"}
[debug] [2023-07-06T13:50:29.274Z] >>> [apiv2][query] GET https://runtimeconfig.googleapis.com/v1beta1/projects/apipassage/configs [none]
[debug] [2023-07-06T13:50:29.518Z] <<< [apiv2][status] GET https://runtimeconfig.googleapis.com/v1beta1/projects/apipassage/configs 200
[debug] [2023-07-06T13:50:29.518Z] <<< [apiv2][body] GET https://runtimeconfig.googleapis.com/v1beta1/projects/apipassage/configs {}
[debug] [2023-07-06T13:50:29.522Z] Validating nodejs source
[warn] ⚠  functions: package.json indicates an outdated version of firebase-functions. Please upgrade using npm install --save firebase-functions@latest in your functions directory. 
[warn] ⚠  functions: Please note that there will be breaking changes when you upgrade. 
[debug] [2023-07-06T13:50:30.219Z] > [functions] package.json contents: {
  "name": "functions",
  "scripts": {
    "lint": "eslint --ext .js,.ts .",
    "build": "tsc",
    "serve": "npm run build && firebase emulators:start --only functions",
    "shell": "npm run build && firebase functions:shell",
    "start": "npm run shell",
    "deploy": "firebase deploy --only functions",
    "logs": "firebase functions:log"
  },
  "engines": {
    "node": "14"
  },
  "main": "lib/index.js",
  "dependencies": {
    "axios": "^0.24.0",
    "cors": "^2.8.5",
    "eslint-config-prettier": "^8.3.0",
    "eslint-plugin-prettier": "^4.0.0",
    "firebase-admin": "^9.8.0",
    "firebase-functions": "^3.16.0",
    "node-ipinfo": "^3.0.1"
  },
  "devDependencies": {
    "@types/node": "^16.10.2",
    "@typescript-eslint/eslint-plugin": "^3.9.1",
    "@typescript-eslint/parser": "^3.8.0",
    "eslint": "^7.6.0",
    "eslint-config-google": "^0.14.0",
    "eslint-plugin-import": "^2.22.0",
    "firebase-functions-test": "^0.2.0",
    "typescript": "^5.1.6"
  },
  "private": true
}
[debug] [2023-07-06T13:50:30.219Z] Building nodejs source
[debug] [2023-07-06T13:50:30.220Z] Could not find functions.yaml. Must use http discovery
[debug] [2023-07-06T13:50:30.226Z] Found firebase-functions binary at '/Users/tyler/git/apipassage/functions/node_modules/.bin/firebase-functions'
[debug] [2023-07-06T13:50:30.329Z] Serving at port 8882

[debug] [2023-07-06T13:50:30.377Z] Got response from /__/functions.yaml {"endpoints":{"securitySearch":{"platform":"gcfv1","httpsTrigger":{},"entryPoint":"securitySearch"}},"specVersion":"v1alpha1","requiredAPIs":[]}
[debug] [2023-07-06T13:50:30.381Z] shutdown requested via /__/quitquitquit

[info] i  functions: preparing functions directory for uploading... 
[info] i  functions: packaged /Users/tyler/git/apipassage/functions (62.51 KB) for uploading 
[debug] [2023-07-06T13:50:30.420Z] >>> [apiv2][query] GET https://cloudfunctions.googleapis.com/v1/projects/apipassage/locations/-/functions [none]
[debug] [2023-07-06T13:50:30.880Z] <<< [apiv2][status] GET https://cloudfunctions.googleapis.com/v1/projects/apipassage/locations/-/functions 200
[debug] [2023-07-06T13:50:30.881Z] <<< [apiv2][body] GET https://cloudfunctions.googleapis.com/v1/projects/apipassage/locations/-/functions {"functions":[{"name":"projects/apipassage/locations/us-central1/functions/securitySearch","httpsTrigger":{"url":"https://us-central1-apipassage.cloudfunctions.net/securitySearch","securityLevel":"SECURE_ALWAYS"},"status":"ACTIVE","entryPoint":"securitySearch","timeout":"60s","availableMemoryMb":256,"serviceAccountEmail":"apipassage@appspot.gserviceaccount.com","updateTime":"2023-07-05T15:03:53.146Z","versionId":"1","labels":{"deployment-tool":"cli-firebase"},"sourceUploadUrl":"https://storage.googleapis.com/uploads-229093970397.us-central1.cloudfunctions.appspot.com/19ba6a3a-c7f0-4d19-a91e-8facd9aae8f5.zip","environmentVariables":{"FIREBASE_CONFIG":"{\"projectId\":\"apipassage\",\"databaseURL\":\"https://apipassage-default-rtdb.firebaseio.com\",\"storageBucket\":\"apipassage.appspot.com\"}","GCLOUD_PROJECT":"apipassage"},"runtime":"nodejs14","ingressSettings":"ALLOW_ALL","buildId":"f1e68cfe-9838-4ae0-9ab0-dd287fd9f4e4","buildName":"projects/256217368185/locations/us-central1/builds/f1e68cfe-9838-4ae0-9ab0-dd287fd9f4e4","dockerRegistry":"CONTAINER_REGISTRY"}]}
[debug] [2023-07-06T13:50:30.883Z] >>> [apiv2][query] GET https://cloudfunctions.googleapis.com/v2/projects/apipassage/locations/-/functions filter=environment%3D%22GEN_2%22
[debug] [2023-07-06T13:50:31.319Z] <<< [apiv2][status] GET https://cloudfunctions.googleapis.com/v2/projects/apipassage/locations/-/functions 200
[debug] [2023-07-06T13:50:31.320Z] <<< [apiv2][body] GET https://cloudfunctions.googleapis.com/v2/projects/apipassage/locations/-/functions {}
[debug] [2023-07-06T13:50:31.326Z] >>> [apiv2][query] GET https://firebase.googleapis.com/v1beta1/projects/apipassage [none]
[debug] [2023-07-06T13:50:31.462Z] <<< [apiv2][status] GET https://firebase.googleapis.com/v1beta1/projects/apipassage 200
[debug] [2023-07-06T13:50:31.462Z] <<< [apiv2][body] GET https://firebase.googleapis.com/v1beta1/projects/apipassage {"projectId":"apipassage","projectNumber":"256217368185","displayName":"apipassage","name":"projects/apipassage","resources":{"hostingSite":"apipassage","realtimeDatabaseInstance":"apipassage-default-rtdb"},"state":"ACTIVE","etag":"1_a6abe54b-a99f-44dd-ad24-04cefb5900b5"}
[debug] [2023-07-06T13:50:31.465Z] >>> [apiv2][query] POST https://cloudfunctions.googleapis.com/v1/projects/apipassage/locations/us-central1/functions:generateUploadUrl [none]
[debug] [2023-07-06T13:50:31.465Z] >>> [apiv2][body] POST https://cloudfunctions.googleapis.com/v1/projects/apipassage/locations/us-central1/functions:generateUploadUrl {}
[debug] [2023-07-06T13:50:31.783Z] <<< [apiv2][status] POST https://cloudfunctions.googleapis.com/v1/projects/apipassage/locations/us-central1/functions:generateUploadUrl 200
[debug] [2023-07-06T13:50:31.784Z] <<< [apiv2][body] POST https://cloudfunctions.googleapis.com/v1/projects/apipassage/locations/us-central1/functions:generateUploadUrl {"uploadUrl":"https://storage.googleapis.com/uploads-229093970397.us-central1.cloudfunctions.appspot.com/1f04e5aa-844d-4022-ad41-35651fea0b94.zip?GoogleAccessId=service-256217368185@gcf-admin-robot.iam.gserviceaccount.com&Expires=1688653231&Signature=CDr2ICuCdUpwwTEqsEJCOrVimm5ZmSbxii0nhWS98QdTN6rzw%2Fxy3dGGrMIHVGKBfNFg%2BiGhWniVv3xn7jxSFlBo02Ef8u09Q1GwxUAPmkKze51JwemrstgXS3ACSs%2B1crTRGpPaCy5GSSwJgGzNpSPty7gZBV1WESBfSuFKg%2FoIDZ5TfIwP0XQnXQ%2Fpm7cSDlOYPZ37ccSJtOPCFDZRLES1ab8y4fqLTxdBDk4qR9wWgRj%2FNjPtlQk4jsXuzi9Q0XxSA0LxNjEi%2F1Qpc0F6LefMq30kREsq%2FU7T0ibSovaagYErkICEfWwxlLII4%2FTg%2FgLtD%2FidVAQqzJjU1%2BD4Vg%3D%3D"}
[debug] [2023-07-06T13:50:31.787Z] >>> [apiv2][query] PUT https://storage.googleapis.com/uploads-229093970397.us-central1.cloudfunctions.appspot.com/1f04e5aa-844d-4022-ad41-35651fea0b94.zip GoogleAccessId=service-256217368185%40gcf-admin-robot.iam.gserviceaccount.com&Expires=1688653231&Signature=CDr2ICuCdUpwwTEqsEJCOrVimm5ZmSbxii0nhWS98QdTN6rzw%2Fxy3dGGrMIHVGKBfNFg%2BiGhWniVv3xn7jxSFlBo02Ef8u09Q1GwxUAPmkKze51JwemrstgXS3ACSs%2B1crTRGpPaCy5GSSwJgGzNpSPty7gZBV1WESBfSuFKg%2FoIDZ5TfIwP0XQnXQ%2Fpm7cSDlOYPZ37ccSJtOPCFDZRLES1ab8y4fqLTxdBDk4qR9wWgRj%2FNjPtlQk4jsXuzi9Q0XxSA0LxNjEi%2F1Qpc0F6LefMq30kREsq%2FU7T0ibSovaagYErkICEfWwxlLII4%2FTg%2FgLtD%2FidVAQqzJjU1%2BD4Vg%3D%3D
[debug] [2023-07-06T13:50:31.787Z] >>> [apiv2][body] PUT https://storage.googleapis.com/uploads-229093970397.us-central1.cloudfunctions.appspot.com/1f04e5aa-844d-4022-ad41-35651fea0b94.zip [stream]
[debug] [2023-07-06T13:50:32.083Z] <<< [apiv2][status] PUT https://storage.googleapis.com/uploads-229093970397.us-central1.cloudfunctions.appspot.com/1f04e5aa-844d-4022-ad41-35651fea0b94.zip 200
[debug] [2023-07-06T13:50:32.084Z] <<< [apiv2][body] PUT https://storage.googleapis.com/uploads-229093970397.us-central1.cloudfunctions.appspot.com/1f04e5aa-844d-4022-ad41-35651fea0b94.zip [omitted]
[info] ✔  functions: functions folder uploaded successfully 
[info] i  functions: updating Node.js 14 (1st Gen) function securitySearch(us-central1)... 
[debug] [2023-07-06T13:50:32.091Z] >>> [apiv2][query] PATCH https://cloudfunctions.googleapis.com/v1/projects/apipassage/locations/us-central1/functions/securitySearch updateMask=name%2CsourceUploadUrl%2CentryPoint%2Cruntime%2CdockerRegistry%2Clabels%2ChttpsTrigger.securityLevel%2CenvironmentVariables%2CavailableMemoryMb%2CsourceToken%2CbuildEnvironmentVariables
[debug] [2023-07-06T13:50:32.091Z] >>> [apiv2][body] PATCH https://cloudfunctions.googleapis.com/v1/projects/apipassage/locations/us-central1/functions/securitySearch {"name":"projects/apipassage/locations/us-central1/functions/securitySearch","sourceUploadUrl":"https://storage.googleapis.com/uploads-229093970397.us-central1.cloudfunctions.appspot.com/1f04e5aa-844d-4022-ad41-35651fea0b94.zip?GoogleAccessId=service-256217368185@gcf-admin-robot.iam.gserviceaccount.com&Expires=1688653231&Signature=CDr2ICuCdUpwwTEqsEJCOrVimm5ZmSbxii0nhWS98QdTN6rzw%2Fxy3dGGrMIHVGKBfNFg%2BiGhWniVv3xn7jxSFlBo02Ef8u09Q1GwxUAPmkKze51JwemrstgXS3ACSs%2B1crTRGpPaCy5GSSwJgGzNpSPty7gZBV1WESBfSuFKg%2FoIDZ5TfIwP0XQnXQ%2Fpm7cSDlOYPZ37ccSJtOPCFDZRLES1ab8y4fqLTxdBDk4qR9wWgRj%2FNjPtlQk4jsXuzi9Q0XxSA0LxNjEi%2F1Qpc0F6LefMq30kREsq%2FU7T0ibSovaagYErkICEfWwxlLII4%2FTg%2FgLtD%2FidVAQqzJjU1%2BD4Vg%3D%3D","entryPoint":"securitySearch","runtime":"nodejs14","dockerRegistry":"ARTIFACT_REGISTRY","labels":{"deployment-tool":"cli-firebase","firebase-functions-hash":"5584c359008e954678f486ba32b972cd75e38f28"},"httpsTrigger":{"securityLevel":"SECURE_ALWAYS"},"environmentVariables":{"FIREBASE_CONFIG":"{\"projectId\":\"apipassage\",\"databaseURL\":\"https://apipassage-default-rtdb.firebaseio.com\",\"storageBucket\":\"apipassage.appspot.com\"}","GCLOUD_PROJECT":"apipassage","EVENTARC_CLOUD_EVENT_SOURCE":"projects/apipassage/locations/us-central1/functions/securitySearch"},"availableMemoryMb":256,"buildEnvironmentVariables":{"GOOGLE_NODE_RUN_SCRIPTS":""}}
[debug] [2023-07-06T13:50:32.427Z] <<< [apiv2][status] PATCH https://cloudfunctions.googleapis.com/v1/projects/apipassage/locations/us-central1/functions/securitySearch 200
[debug] [2023-07-06T13:50:32.427Z] <<< [apiv2][body] PATCH https://cloudfunctions.googleapis.com/v1/projects/apipassage/locations/us-central1/functions/securitySearch {"name":"operations/YXBpcGFzc2FnZS91cy1jZW50cmFsMS9zZWN1cml0eVNlYXJjaC9CTHY2OUV5aVRvTQ","metadata":{"@type":"type.googleapis.com/google.cloud.functions.v1.OperationMetadataV1","target":"projects/apipassage/locations/us-central1/functions/securitySearch","type":"UPDATE_FUNCTION","request":{"@type":"type.googleapis.com/google.cloud.functions.v1.CloudFunction","name":"projects/apipassage/locations/us-central1/functions/securitySearch","httpsTrigger":{"url":"https://us-central1-apipassage.cloudfunctions.net/securitySearch","securityLevel":"SECURE_ALWAYS"},"status":"ACTIVE","entryPoint":"securitySearch","timeout":"60s","availableMemoryMb":256,"serviceAccountEmail":"apipassage@appspot.gserviceaccount.com","updateTime":"2023-07-05T15:03:53.146Z","versionId":"1","labels":{"deployment-tool":"cli-firebase","firebase-functions-hash":"5584c359008e954678f486ba32b972cd75e38f28"},"sourceUploadUrl":"https://storage.googleapis.com/uploads-229093970397.us-central1.cloudfunctions.appspot.com/1f04e5aa-844d-4022-ad41-35651fea0b94.zip?GoogleAccessId=service-256217368185@gcf-admin-robot.iam.gserviceaccount.com&Expires=1688653231&Signature=CDr2ICuCdUpwwTEqsEJCOrVimm5ZmSbxii0nhWS98QdTN6rzw%2Fxy3dGGrMIHVGKBfNFg%2BiGhWniVv3xn7jxSFlBo02Ef8u09Q1GwxUAPmkKze51JwemrstgXS3ACSs%2B1crTRGpPaCy5GSSwJgGzNpSPty7gZBV1WESBfSuFKg%2FoIDZ5TfIwP0XQnXQ%2Fpm7cSDlOYPZ37ccSJtOPCFDZRLES1ab8y4fqLTxdBDk4qR9wWgRj%2FNjPtlQk4jsXuzi9Q0XxSA0LxNjEi%2F1Qpc0F6LefMq30kREsq%2FU7T0ibSovaagYErkICEfWwxlLII4%2FTg%2FgLtD%2FidVAQqzJjU1%2BD4Vg%3D%3D","environmentVariables":{"FIREBASE_CONFIG":"{\"projectId\":\"apipassage\",\"databaseURL\":\"https://apipassage-default-rtdb.firebaseio.com\",\"storageBucket\":\"apipassage.appspot.com\"}","GCLOUD_PROJECT":"apipassage","EVENTARC_CLOUD_EVENT_SOURCE":"projects/apipassage/locations/us-central1/functions/securitySearch"},"runtime":"nodejs14","ingressSettings":"ALLOW_ALL","buildId":"f1e68cfe-9838-4ae0-9ab0-dd287fd9f4e4","buildEnvironmentVariables":{"GOOGLE_NODE_RUN_SCRIPTS":""},"buildName":"projects/256217368185/locations/us-central1/builds/f1e68cfe-9838-4ae0-9ab0-dd287fd9f4e4","dockerRegistry":"ARTIFACT_REGISTRY"},"versionId":"6","updateTime":"2023-07-06T13:50:32Z"}}
[debug] [2023-07-06T13:50:32.428Z] >>> [apiv2][query] GET https://cloudfunctions.googleapis.com/v1/operations/YXBpcGFzc2FnZS91cy1jZW50cmFsMS9zZWN1cml0eVNlYXJjaC9CTHY2OUV5aVRvTQ [none]
[debug] [2023-07-06T13:50:32.530Z] <<< [apiv2][status] GET https://cloudfunctions.googleapis.com/v1/operations/YXBpcGFzc2FnZS91cy1jZW50cmFsMS9zZWN1cml0eVNlYXJjaC9CTHY2OUV5aVRvTQ 200
[debug] [2023-07-06T13:50:32.530Z] <<< [apiv2][body] GET https://cloudfunctions.googleapis.com/v1/operations/YXBpcGFzc2FnZS91cy1jZW50cmFsMS9zZWN1cml0eVNlYXJjaC9CTHY2OUV5aVRvTQ {"name":"operations/YXBpcGFzc2FnZS91cy1jZW50cmFsMS9zZWN1cml0eVNlYXJjaC9CTHY2OUV5aVRvTQ","metadata":{"@type":"type.googleapis.com/google.cloud.functions.v1.OperationMetadataV1","target":"projects/apipassage/locations/us-central1/functions/securitySearch","type":"UPDATE_FUNCTION","request":{"@type":"type.googleapis.com/google.cloud.functions.v1.CloudFunction","name":"projects/apipassage/locations/us-central1/functions/securitySearch","httpsTrigger":{"url":"https://us-central1-apipassage.cloudfunctions.net/securitySearch","securityLevel":"SECURE_ALWAYS"},"status":"ACTIVE","entryPoint":"securitySearch","timeout":"60s","availableMemoryMb":256,"serviceAccountEmail":"apipassage@appspot.gserviceaccount.com","updateTime":"2023-07-05T15:03:53.146Z","versionId":"1","labels":{"deployment-tool":"cli-firebase","firebase-functions-hash":"5584c359008e954678f486ba32b972cd75e38f28"},"sourceUploadUrl":"https://storage.googleapis.com/uploads-229093970397.us-central1.cloudfunctions.appspot.com/1f04e5aa-844d-4022-ad41-35651fea0b94.zip?GoogleAccessId=service-256217368185@gcf-admin-robot.iam.gserviceaccount.com&Expires=1688653231&Signature=CDr2ICuCdUpwwTEqsEJCOrVimm5ZmSbxii0nhWS98QdTN6rzw%2Fxy3dGGrMIHVGKBfNFg%2BiGhWniVv3xn7jxSFlBo02Ef8u09Q1GwxUAPmkKze51JwemrstgXS3ACSs%2B1crTRGpPaCy5GSSwJgGzNpSPty7gZBV1WESBfSuFKg%2FoIDZ5TfIwP0XQnXQ%2Fpm7cSDlOYPZ37ccSJtOPCFDZRLES1ab8y4fqLTxdBDk4qR9wWgRj%2FNjPtlQk4jsXuzi9Q0XxSA0LxNjEi%2F1Qpc0F6LefMq30kREsq%2FU7T0ibSovaagYErkICEfWwxlLII4%2FTg%2FgLtD%2FidVAQqzJjU1%2BD4Vg%3D%3D","environmentVariables":{"FIREBASE_CONFIG":"{\"projectId\":\"apipassage\",\"databaseURL\":\"https://apipassage-default-rtdb.firebaseio.com\",\"storageBucket\":\"apipassage.appspot.com\"}","GCLOUD_PROJECT":"apipassage","EVENTARC_CLOUD_EVENT_SOURCE":"projects/apipassage/locations/us-central1/functions/securitySearch"},"runtime":"nodejs14","ingressSettings":"ALLOW_ALL","buildId":"f1e68cfe-9838-4ae0-9ab0-dd287fd9f4e4","buildEnvironmentVariables":{"GOOGLE_NODE_RUN_SCRIPTS":""},"buildName":"projects/256217368185/locations/us-central1/builds/f1e68cfe-9838-4ae0-9ab0-dd287fd9f4e4","dockerRegistry":"ARTIFACT_REGISTRY"},"versionId":"6","updateTime":"2023-07-06T13:50:32Z"}}
[debug] [2023-07-06T13:50:33.033Z] [update-default-us-central1-securitySearch] Retrying task index 0
[debug] [2023-07-06T13:50:33.034Z] >>> [apiv2][query] GET https://cloudfunctions.googleapis.com/v1/operations/YXBpcGFzc2FnZS91cy1jZW50cmFsMS9zZWN1cml0eVNlYXJjaC9CTHY2OUV5aVRvTQ [none]
[debug] [2023-07-06T13:50:33.158Z] <<< [apiv2][status] GET https://cloudfunctions.googleapis.com/v1/operations/YXBpcGFzc2FnZS91cy1jZW50cmFsMS9zZWN1cml0eVNlYXJjaC9CTHY2OUV5aVRvTQ 200
[debug] [2023-07-06T13:50:33.158Z] <<< [apiv2][body] GET https://cloudfunctions.googleapis.com/v1/operations/YXBpcGFzc2FnZS91cy1jZW50cmFsMS9zZWN1cml0eVNlYXJjaC9CTHY2OUV5aVRvTQ {"name":"operations/YXBpcGFzc2FnZS91cy1jZW50cmFsMS9zZWN1cml0eVNlYXJjaC9CTHY2OUV5aVRvTQ","metadata":{"@type":"type.googleapis.com/google.cloud.functions.v1.OperationMetadataV1","target":"projects/apipassage/locations/us-central1/functions/securitySearch","type":"UPDATE_FUNCTION","request":{"@type":"type.googleapis.com/google.cloud.functions.v1.CloudFunction","name":"projects/apipassage/locations/us-central1/functions/securitySearch","httpsTrigger":{"url":"https://us-central1-apipassage.cloudfunctions.net/securitySearch","securityLevel":"SECURE_ALWAYS"},"status":"ACTIVE","entryPoint":"securitySearch","timeout":"60s","availableMemoryMb":256,"serviceAccountEmail":"apipassage@appspot.gserviceaccount.com","updateTime":"2023-07-05T15:03:53.146Z","versionId":"1","labels":{"deployment-tool":"cli-firebase","firebase-functions-hash":"5584c359008e954678f486ba32b972cd75e38f28"},"sourceUploadUrl":"https://storage.googleapis.com/uploads-229093970397.us-central1.cloudfunctions.appspot.com/1f04e5aa-844d-4022-ad41-35651fea0b94.zip?GoogleAccessId=service-256217368185@gcf-admin-robot.iam.gserviceaccount.com&Expires=1688653231&Signature=CDr2ICuCdUpwwTEqsEJCOrVimm5ZmSbxii0nhWS98QdTN6rzw%2Fxy3dGGrMIHVGKBfNFg%2BiGhWniVv3xn7jxSFlBo02Ef8u09Q1GwxUAPmkKze51JwemrstgXS3ACSs%2B1crTRGpPaCy5GSSwJgGzNpSPty7gZBV1WESBfSuFKg%2FoIDZ5TfIwP0XQnXQ%2Fpm7cSDlOYPZ37ccSJtOPCFDZRLES1ab8y4fqLTxdBDk4qR9wWgRj%2FNjPtlQk4jsXuzi9Q0XxSA0LxNjEi%2F1Qpc0F6LefMq30kREsq%2FU7T0ibSovaagYErkICEfWwxlLII4%2FTg%2FgLtD%2FidVAQqzJjU1%2BD4Vg%3D%3D","environmentVariables":{"FIREBASE_CONFIG":"{\"projectId\":\"apipassage\",\"databaseURL\":\"https://apipassage-default-rtdb.firebaseio.com\",\"storageBucket\":\"apipassage.appspot.com\"}","GCLOUD_PROJECT":"apipassage","EVENTARC_CLOUD_EVENT_SOURCE":"projects/apipassage/locations/us-central1/functions/securitySearch"},"runtime":"nodejs14","ingressSettings":"ALLOW_ALL","buildId":"f1e68cfe-9838-4ae0-9ab0-dd287fd9f4e4","buildEnvironmentVariables":{"GOOGLE_NODE_RUN_SCRIPTS":""},"buildName":"projects/256217368185/locations/us-central1/builds/f1e68cfe-9838-4ae0-9ab0-dd287fd9f4e4","dockerRegistry":"ARTIFACT_REGISTRY"},"versionId":"6","updateTime":"2023-07-06T13:50:32Z","buildId":"6dfc18d3-e7f3-4353-9519-1ff7caac6883","buildName":"projects/256217368185/locations/us-central1/builds/6dfc18d3-e7f3-4353-9519-1ff7caac6883"}}
[debug] [2023-07-06T13:50:34.160Z] [update-default-us-central1-securitySearch] Retrying task index 0
[debug] [2023-07-06T13:50:34.161Z] >>> [apiv2][query] GET https://cloudfunctions.googleapis.com/v1/operations/YXBpcGFzc2FnZS91cy1jZW50cmFsMS9zZWN1cml0eVNlYXJjaC9CTHY2OUV5aVRvTQ [none]
[debug] [2023-07-06T13:50:34.258Z] <<< [apiv2][status] GET https://cloudfunctions.googleapis.com/v1/operations/YXBpcGFzc2FnZS91cy1jZW50cmFsMS9zZWN1cml0eVNlYXJjaC9CTHY2OUV5aVRvTQ 200
[debug] [2023-07-06T13:50:34.259Z] <<< [apiv2][body] GET https://cloudfunctions.googleapis.com/v1/operations/YXBpcGFzc2FnZS91cy1jZW50cmFsMS9zZWN1cml0eVNlYXJjaC9CTHY2OUV5aVRvTQ {"name":"operations/YXBpcGFzc2FnZS91cy1jZW50cmFsMS9zZWN1cml0eVNlYXJjaC9CTHY2OUV5aVRvTQ","metadata":{"@type":"type.googleapis.com/google.cloud.functions.v1.OperationMetadataV1","target":"projects/apipassage/locations/us-central1/functions/securitySearch","type":"UPDATE_FUNCTION","request":{"@type":"type.googleapis.com/google.cloud.functions.v1.CloudFunction","name":"projects/apipassage/locations/us-central1/functions/securitySearch","httpsTrigger":{"url":"https://us-central1-apipassage.cloudfunctions.net/securitySearch","securityLevel":"SECURE_ALWAYS"},"status":"ACTIVE","entryPoint":"securitySearch","timeout":"60s","availableMemoryMb":256,"serviceAccountEmail":"apipassage@appspot.gserviceaccount.com","updateTime":"2023-07-05T15:03:53.146Z","versionId":"1","labels":{"deployment-tool":"cli-firebase","firebase-functions-hash":"5584c359008e954678f486ba32b972cd75e38f28"},"sourceUploadUrl":"https://storage.googleapis.com/uploads-229093970397.us-central1.cloudfunctions.appspot.com/1f04e5aa-844d-4022-ad41-35651fea0b94.zip?GoogleAccessId=service-256217368185@gcf-admin-robot.iam.gserviceaccount.com&Expires=1688653231&Signature=CDr2ICuCdUpwwTEqsEJCOrVimm5ZmSbxii0nhWS98QdTN6rzw%2Fxy3dGGrMIHVGKBfNFg%2BiGhWniVv3xn7jxSFlBo02Ef8u09Q1GwxUAPmkKze51JwemrstgXS3ACSs%2B1crTRGpPaCy5GSSwJgGzNpSPty7gZBV1WESBfSuFKg%2FoIDZ5TfIwP0XQnXQ%2Fpm7cSDlOYPZ37ccSJtOPCFDZRLES1ab8y4fqLTxdBDk4qR9wWgRj%2FNjPtlQk4jsXuzi9Q0XxSA0LxNjEi%2F1Qpc0F6LefMq30kREsq%2FU7T0ibSovaagYErkICEfWwxlLII4%2FTg%2FgLtD%2FidVAQqzJjU1%2BD4Vg%3D%3D","environmentVariables":{"FIREBASE_CONFIG":"{\"projectId\":\"apipassage\",\"databaseURL\":\"https://apipassage-default-rtdb.firebaseio.com\",\"storageBucket\":\"apipassage.appspot.com\"}","GCLOUD_PROJECT":"apipassage","EVENTARC_CLOUD_EVENT_SOURCE":"projects/apipassage/locations/us-central1/functions/securitySearch"},"runtime":"nodejs14","ingressSettings":"ALLOW_ALL","buildId":"f1e68cfe-9838-4ae0-9ab0-dd287fd9f4e4","buildEnvironmentVariables":{"GOOGLE_NODE_RUN_SCRIPTS":""},"buildName":"projects/256217368185/locations/us-central1/builds/f1e68cfe-9838-4ae0-9ab0-dd287fd9f4e4","dockerRegistry":"ARTIFACT_REGISTRY"},"versionId":"6","updateTime":"2023-07-06T13:50:32Z","buildId":"6dfc18d3-e7f3-4353-9519-1ff7caac6883","buildName":"projects/256217368185/locations/us-central1/builds/6dfc18d3-e7f3-4353-9519-1ff7caac6883"}}
[debug] [2023-07-06T13:50:36.260Z] [update-default-us-central1-securitySearch] Retrying task index 0
[debug] [2023-07-06T13:50:36.261Z] >>> [apiv2][query] GET https://cloudfunctions.googleapis.com/v1/operations/YXBpcGFzc2FnZS91cy1jZW50cmFsMS9zZWN1cml0eVNlYXJjaC9CTHY2OUV5aVRvTQ [none]
[debug] [2023-07-06T13:50:36.372Z] <<< [apiv2][status] GET https://cloudfunctions.googleapis.com/v1/operations/YXBpcGFzc2FnZS91cy1jZW50cmFsMS9zZWN1cml0eVNlYXJjaC9CTHY2OUV5aVRvTQ 200
[debug] [2023-07-06T13:50:36.373Z] <<< [apiv2][body] GET https://cloudfunctions.googleapis.com/v1/operations/YXBpcGFzc2FnZS91cy1jZW50cmFsMS9zZWN1cml0eVNlYXJjaC9CTHY2OUV5aVRvTQ {"name":"operations/YXBpcGFzc2FnZS91cy1jZW50cmFsMS9zZWN1cml0eVNlYXJjaC9CTHY2OUV5aVRvTQ","metadata":{"@type":"type.googleapis.com/google.cloud.functions.v1.OperationMetadataV1","target":"projects/apipassage/locations/us-central1/functions/securitySearch","type":"UPDATE_FUNCTION","request":{"@type":"type.googleapis.com/google.cloud.functions.v1.CloudFunction","name":"projects/apipassage/locations/us-central1/functions/securitySearch","httpsTrigger":{"url":"https://us-central1-apipassage.cloudfunctions.net/securitySearch","securityLevel":"SECURE_ALWAYS"},"status":"ACTIVE","entryPoint":"securitySearch","timeout":"60s","availableMemoryMb":256,"serviceAccountEmail":"apipassage@appspot.gserviceaccount.com","updateTime":"2023-07-05T15:03:53.146Z","versionId":"1","labels":{"deployment-tool":"cli-firebase","firebase-functions-hash":"5584c359008e954678f486ba32b972cd75e38f28"},"sourceUploadUrl":"https://storage.googleapis.com/uploads-229093970397.us-central1.cloudfunctions.appspot.com/1f04e5aa-844d-4022-ad41-35651fea0b94.zip?GoogleAccessId=service-256217368185@gcf-admin-robot.iam.gserviceaccount.com&Expires=1688653231&Signature=CDr2ICuCdUpwwTEqsEJCOrVimm5ZmSbxii0nhWS98QdTN6rzw%2Fxy3dGGrMIHVGKBfNFg%2BiGhWniVv3xn7jxSFlBo02Ef8u09Q1GwxUAPmkKze51JwemrstgXS3ACSs%2B1crTRGpPaCy5GSSwJgGzNpSPty7gZBV1WESBfSuFKg%2FoIDZ5TfIwP0XQnXQ%2Fpm7cSDlOYPZ37ccSJtOPCFDZRLES1ab8y4fqLTxdBDk4qR9wWgRj%2FNjPtlQk4jsXuzi9Q0XxSA0LxNjEi%2F1Qpc0F6LefMq30kREsq%2FU7T0ibSovaagYErkICEfWwxlLII4%2FTg%2FgLtD%2FidVAQqzJjU1%2BD4Vg%3D%3D","environmentVariables":{"FIREBASE_CONFIG":"{\"projectId\":\"apipassage\",\"databaseURL\":\"https://apipassage-default-rtdb.firebaseio.com\",\"storageBucket\":\"apipassage.appspot.com\"}","GCLOUD_PROJECT":"apipassage","EVENTARC_CLOUD_EVENT_SOURCE":"projects/apipassage/locations/us-central1/functions/securitySearch"},"runtime":"nodejs14","ingressSettings":"ALLOW_ALL","buildId":"f1e68cfe-9838-4ae0-9ab0-dd287fd9f4e4","buildEnvironmentVariables":{"GOOGLE_NODE_RUN_SCRIPTS":""},"buildName":"projects/256217368185/locations/us-central1/builds/f1e68cfe-9838-4ae0-9ab0-dd287fd9f4e4","dockerRegistry":"ARTIFACT_REGISTRY"},"versionId":"6","updateTime":"2023-07-06T13:50:32Z","buildId":"6dfc18d3-e7f3-4353-9519-1ff7caac6883","buildName":"projects/256217368185/locations/us-central1/builds/6dfc18d3-e7f3-4353-9519-1ff7caac6883"}}
[debug] [2023-07-06T13:50:40.376Z] [update-default-us-central1-securitySearch] Retrying task index 0
[debug] [2023-07-06T13:50:40.378Z] >>> [apiv2][query] GET https://cloudfunctions.googleapis.com/v1/operations/YXBpcGFzc2FnZS91cy1jZW50cmFsMS9zZWN1cml0eVNlYXJjaC9CTHY2OUV5aVRvTQ [none]
[debug] [2023-07-06T13:50:40.475Z] <<< [apiv2][status] GET https://cloudfunctions.googleapis.com/v1/operations/YXBpcGFzc2FnZS91cy1jZW50cmFsMS9zZWN1cml0eVNlYXJjaC9CTHY2OUV5aVRvTQ 200
[debug] [2023-07-06T13:50:40.476Z] <<< [apiv2][body] GET https://cloudfunctions.googleapis.com/v1/operations/YXBpcGFzc2FnZS91cy1jZW50cmFsMS9zZWN1cml0eVNlYXJjaC9CTHY2OUV5aVRvTQ {"name":"operations/YXBpcGFzc2FnZS91cy1jZW50cmFsMS9zZWN1cml0eVNlYXJjaC9CTHY2OUV5aVRvTQ","metadata":{"@type":"type.googleapis.com/google.cloud.functions.v1.OperationMetadataV1","target":"projects/apipassage/locations/us-central1/functions/securitySearch","type":"UPDATE_FUNCTION","request":{"@type":"type.googleapis.com/google.cloud.functions.v1.CloudFunction","name":"projects/apipassage/locations/us-central1/functions/securitySearch","httpsTrigger":{"url":"https://us-central1-apipassage.cloudfunctions.net/securitySearch","securityLevel":"SECURE_ALWAYS"},"status":"ACTIVE","entryPoint":"securitySearch","timeout":"60s","availableMemoryMb":256,"serviceAccountEmail":"apipassage@appspot.gserviceaccount.com","updateTime":"2023-07-05T15:03:53.146Z","versionId":"1","labels":{"deployment-tool":"cli-firebase","firebase-functions-hash":"5584c359008e954678f486ba32b972cd75e38f28"},"sourceUploadUrl":"https://storage.googleapis.com/uploads-229093970397.us-central1.cloudfunctions.appspot.com/1f04e5aa-844d-4022-ad41-35651fea0b94.zip?GoogleAccessId=service-256217368185@gcf-admin-robot.iam.gserviceaccount.com&Expires=1688653231&Signature=CDr2ICuCdUpwwTEqsEJCOrVimm5ZmSbxii0nhWS98QdTN6rzw%2Fxy3dGGrMIHVGKBfNFg%2BiGhWniVv3xn7jxSFlBo02Ef8u09Q1GwxUAPmkKze51JwemrstgXS3ACSs%2B1crTRGpPaCy5GSSwJgGzNpSPty7gZBV1WESBfSuFKg%2FoIDZ5TfIwP0XQnXQ%2Fpm7cSDlOYPZ37ccSJtOPCFDZRLES1ab8y4fqLTxdBDk4qR9wWgRj%2FNjPtlQk4jsXuzi9Q0XxSA0LxNjEi%2F1Qpc0F6LefMq30kREsq%2FU7T0ibSovaagYErkICEfWwxlLII4%2FTg%2FgLtD%2FidVAQqzJjU1%2BD4Vg%3D%3D","environmentVariables":{"FIREBASE_CONFIG":"{\"projectId\":\"apipassage\",\"databaseURL\":\"https://apipassage-default-rtdb.firebaseio.com\",\"storageBucket\":\"apipassage.appspot.com\"}","GCLOUD_PROJECT":"apipassage","EVENTARC_CLOUD_EVENT_SOURCE":"projects/apipassage/locations/us-central1/functions/securitySearch"},"runtime":"nodejs14","ingressSettings":"ALLOW_ALL","buildId":"f1e68cfe-9838-4ae0-9ab0-dd287fd9f4e4","buildEnvironmentVariables":{"GOOGLE_NODE_RUN_SCRIPTS":""},"buildName":"projects/256217368185/locations/us-central1/builds/f1e68cfe-9838-4ae0-9ab0-dd287fd9f4e4","dockerRegistry":"ARTIFACT_REGISTRY"},"versionId":"6","updateTime":"2023-07-06T13:50:32Z","buildId":"6dfc18d3-e7f3-4353-9519-1ff7caac6883","buildName":"projects/256217368185/locations/us-central1/builds/6dfc18d3-e7f3-4353-9519-1ff7caac6883"}}
[debug] [2023-07-06T13:50:48.478Z] [update-default-us-central1-securitySearch] Retrying task index 0
[debug] [2023-07-06T13:50:48.481Z] >>> [apiv2][query] GET https://cloudfunctions.googleapis.com/v1/operations/YXBpcGFzc2FnZS91cy1jZW50cmFsMS9zZWN1cml0eVNlYXJjaC9CTHY2OUV5aVRvTQ [none]
[debug] [2023-07-06T13:50:48.673Z] <<< [apiv2][status] GET https://cloudfunctions.googleapis.com/v1/operations/YXBpcGFzc2FnZS91cy1jZW50cmFsMS9zZWN1cml0eVNlYXJjaC9CTHY2OUV5aVRvTQ 200
[debug] [2023-07-06T13:50:48.673Z] <<< [apiv2][body] GET https://cloudfunctions.googleapis.com/v1/operations/YXBpcGFzc2FnZS91cy1jZW50cmFsMS9zZWN1cml0eVNlYXJjaC9CTHY2OUV5aVRvTQ {"name":"operations/YXBpcGFzc2FnZS91cy1jZW50cmFsMS9zZWN1cml0eVNlYXJjaC9CTHY2OUV5aVRvTQ","metadata":{"@type":"type.googleapis.com/google.cloud.functions.v1.OperationMetadataV1","target":"projects/apipassage/locations/us-central1/functions/securitySearch","type":"UPDATE_FUNCTION","request":{"@type":"type.googleapis.com/google.cloud.functions.v1.CloudFunction","name":"projects/apipassage/locations/us-central1/functions/securitySearch","httpsTrigger":{"url":"https://us-central1-apipassage.cloudfunctions.net/securitySearch","securityLevel":"SECURE_ALWAYS"},"status":"ACTIVE","entryPoint":"securitySearch","timeout":"60s","availableMemoryMb":256,"serviceAccountEmail":"apipassage@appspot.gserviceaccount.com","updateTime":"2023-07-05T15:03:53.146Z","versionId":"1","labels":{"deployment-tool":"cli-firebase","firebase-functions-hash":"5584c359008e954678f486ba32b972cd75e38f28"},"sourceUploadUrl":"https://storage.googleapis.com/uploads-229093970397.us-central1.cloudfunctions.appspot.com/1f04e5aa-844d-4022-ad41-35651fea0b94.zip?GoogleAccessId=service-256217368185@gcf-admin-robot.iam.gserviceaccount.com&Expires=1688653231&Signature=CDr2ICuCdUpwwTEqsEJCOrVimm5ZmSbxii0nhWS98QdTN6rzw%2Fxy3dGGrMIHVGKBfNFg%2BiGhWniVv3xn7jxSFlBo02Ef8u09Q1GwxUAPmkKze51JwemrstgXS3ACSs%2B1crTRGpPaCy5GSSwJgGzNpSPty7gZBV1WESBfSuFKg%2FoIDZ5TfIwP0XQnXQ%2Fpm7cSDlOYPZ37ccSJtOPCFDZRLES1ab8y4fqLTxdBDk4qR9wWgRj%2FNjPtlQk4jsXuzi9Q0XxSA0LxNjEi%2F1Qpc0F6LefMq30kREsq%2FU7T0ibSovaagYErkICEfWwxlLII4%2FTg%2FgLtD%2FidVAQqzJjU1%2BD4Vg%3D%3D","environmentVariables":{"FIREBASE_CONFIG":"{\"projectId\":\"apipassage\",\"databaseURL\":\"https://apipassage-default-rtdb.firebaseio.com\",\"storageBucket\":\"apipassage.appspot.com\"}","GCLOUD_PROJECT":"apipassage","EVENTARC_CLOUD_EVENT_SOURCE":"projects/apipassage/locations/us-central1/functions/securitySearch"},"runtime":"nodejs14","ingressSettings":"ALLOW_ALL","buildId":"f1e68cfe-9838-4ae0-9ab0-dd287fd9f4e4","buildEnvironmentVariables":{"GOOGLE_NODE_RUN_SCRIPTS":""},"buildName":"projects/256217368185/locations/us-central1/builds/f1e68cfe-9838-4ae0-9ab0-dd287fd9f4e4","dockerRegistry":"ARTIFACT_REGISTRY"},"versionId":"6","updateTime":"2023-07-06T13:50:32Z","buildId":"6dfc18d3-e7f3-4353-9519-1ff7caac6883","buildName":"projects/256217368185/locations/us-central1/builds/6dfc18d3-e7f3-4353-9519-1ff7caac6883"}}
[debug] [2023-07-06T13:50:58.675Z] [update-default-us-central1-securitySearch] Retrying task index 0
[debug] [2023-07-06T13:50:58.676Z] >>> [apiv2][query] GET https://cloudfunctions.googleapis.com/v1/operations/YXBpcGFzc2FnZS91cy1jZW50cmFsMS9zZWN1cml0eVNlYXJjaC9CTHY2OUV5aVRvTQ [none]
[debug] [2023-07-06T13:50:58.852Z] <<< [apiv2][status] GET https://cloudfunctions.googleapis.com/v1/operations/YXBpcGFzc2FnZS91cy1jZW50cmFsMS9zZWN1cml0eVNlYXJjaC9CTHY2OUV5aVRvTQ 200
[debug] [2023-07-06T13:50:58.853Z] <<< [apiv2][body] GET https://cloudfunctions.googleapis.com/v1/operations/YXBpcGFzc2FnZS91cy1jZW50cmFsMS9zZWN1cml0eVNlYXJjaC9CTHY2OUV5aVRvTQ {"name":"operations/YXBpcGFzc2FnZS91cy1jZW50cmFsMS9zZWN1cml0eVNlYXJjaC9CTHY2OUV5aVRvTQ","metadata":{"@type":"type.googleapis.com/google.cloud.functions.v1.OperationMetadataV1","target":"projects/apipassage/locations/us-central1/functions/securitySearch","type":"UPDATE_FUNCTION","request":{"@type":"type.googleapis.com/google.cloud.functions.v1.CloudFunction","name":"projects/apipassage/locations/us-central1/functions/securitySearch","httpsTrigger":{"url":"https://us-central1-apipassage.cloudfunctions.net/securitySearch","securityLevel":"SECURE_ALWAYS"},"status":"ACTIVE","entryPoint":"securitySearch","timeout":"60s","availableMemoryMb":256,"serviceAccountEmail":"apipassage@appspot.gserviceaccount.com","updateTime":"2023-07-05T15:03:53.146Z","versionId":"1","labels":{"deployment-tool":"cli-firebase","firebase-functions-hash":"5584c359008e954678f486ba32b972cd75e38f28"},"sourceUploadUrl":"https://storage.googleapis.com/uploads-229093970397.us-central1.cloudfunctions.appspot.com/1f04e5aa-844d-4022-ad41-35651fea0b94.zip?GoogleAccessId=service-256217368185@gcf-admin-robot.iam.gserviceaccount.com&Expires=1688653231&Signature=CDr2ICuCdUpwwTEqsEJCOrVimm5ZmSbxii0nhWS98QdTN6rzw%2Fxy3dGGrMIHVGKBfNFg%2BiGhWniVv3xn7jxSFlBo02Ef8u09Q1GwxUAPmkKze51JwemrstgXS3ACSs%2B1crTRGpPaCy5GSSwJgGzNpSPty7gZBV1WESBfSuFKg%2FoIDZ5TfIwP0XQnXQ%2Fpm7cSDlOYPZ37ccSJtOPCFDZRLES1ab8y4fqLTxdBDk4qR9wWgRj%2FNjPtlQk4jsXuzi9Q0XxSA0LxNjEi%2F1Qpc0F6LefMq30kREsq%2FU7T0ibSovaagYErkICEfWwxlLII4%2FTg%2FgLtD%2FidVAQqzJjU1%2BD4Vg%3D%3D","environmentVariables":{"FIREBASE_CONFIG":"{\"projectId\":\"apipassage\",\"databaseURL\":\"https://apipassage-default-rtdb.firebaseio.com\",\"storageBucket\":\"apipassage.appspot.com\"}","GCLOUD_PROJECT":"apipassage","EVENTARC_CLOUD_EVENT_SOURCE":"projects/apipassage/locations/us-central1/functions/securitySearch"},"runtime":"nodejs14","ingressSettings":"ALLOW_ALL","buildId":"f1e68cfe-9838-4ae0-9ab0-dd287fd9f4e4","buildEnvironmentVariables":{"GOOGLE_NODE_RUN_SCRIPTS":""},"buildName":"projects/256217368185/locations/us-central1/builds/f1e68cfe-9838-4ae0-9ab0-dd287fd9f4e4","dockerRegistry":"ARTIFACT_REGISTRY"},"versionId":"6","updateTime":"2023-07-06T13:50:53Z","buildId":"6dfc18d3-e7f3-4353-9519-1ff7caac6883","buildName":"projects/256217368185/locations/us-central1/builds/6dfc18d3-e7f3-4353-9519-1ff7caac6883"},"done":true,"error":{"code":3,"message":"Build failed: npm ERR! Cannot read property 'axios' of undefined\n\nnpm ERR! A complete log of this run can be found in:\nnpm ERR!     /www-data-home/.npm/_logs/2023-07-06T13_50_48_254Z-debug.log; Error ID: beaf8772"}}
[debug] [2023-07-06T13:50:58.853Z] Got source token undefined for region us-central1
[error] Build failed: npm ERR! Cannot read property 'axios' of undefined

npm ERR! A complete log of this run can be found in:
npm ERR!     /www-data-home/.npm/_logs/2023-07-06T13_50_48_254Z-debug.log; Error ID: beaf8772
[debug] [2023-07-06T13:50:58.857Z] Total Function Deployment time: 26767
[debug] [2023-07-06T13:50:58.857Z] 1 Functions Deployed
[debug] [2023-07-06T13:50:58.857Z] 1 Functions Errored
[debug] [2023-07-06T13:50:58.858Z] 0 Function Deployments Aborted
[debug] [2023-07-06T13:50:58.858Z] Average Function Deployment time: 26766
[info] 
[info] Functions deploy had errors with the following functions:
	securitySearch(us-central1)
[debug] [2023-07-06T13:50:58.859Z] Not printing URL for HTTPS function. Typically this means it didn't match a filter or we failed deployment
[info] i  functions: cleaning up build files... 
[debug] [2023-07-06T13:50:58.861Z] >>> [apiv2][query] DELETE https://artifactregistry.googleapis.com/v1beta2/projects/apipassage/locations/us-central1/repositories/gcf-artifacts/packages/security_search [none]
[debug] [2023-07-06T13:50:58.863Z] >>> [apiv2][query] GET https://us.gcr.io/v2/apipassage/gcf/us-central1/tags/list [none]
[debug] [2023-07-06T13:50:59.040Z] <<< [apiv2][status] DELETE https://artifactregistry.googleapis.com/v1beta2/projects/apipassage/locations/us-central1/repositories/gcf-artifacts/packages/security_search 404
[debug] [2023-07-06T13:50:59.040Z] <<< [apiv2][body] DELETE https://artifactregistry.googleapis.com/v1beta2/projects/apipassage/locations/us-central1/repositories/gcf-artifacts/packages/security_search {"error":{"code":404,"message":"Package \"projects/apipassage/locations/us-central1/repositories/gcf-artifacts/packages/security_search\" was not found.","status":"NOT_FOUND"}}
[debug] [2023-07-06T13:50:59.092Z] <<< [apiv2][status] GET https://us.gcr.io/v2/apipassage/gcf/us-central1/tags/list 200
[debug] [2023-07-06T13:50:59.092Z] <<< [apiv2][body] GET https://us.gcr.io/v2/apipassage/gcf/us-central1/tags/list {"child":[],"manifest":{},"name":"apipassage/gcf/us-central1","tags":[]}
[debug] [2023-07-06T13:50:59.093Z] Could not find image for function projects/apipassage/locations/us-central1/functions/securitySearch
[debug] [2023-07-06T13:50:59.093Z] Functions deploy failed.
[debug] [2023-07-06T13:50:59.093Z] {
  "endpoint": {
    "id": "securitySearch",
    "project": "apipassage",
    "region": "us-central1",
    "entryPoint": "securitySearch",
    "platform": "gcfv1",
    "runtime": "nodejs14",
    "httpsTrigger": {},
    "environmentVariables": {
      "FIREBASE_CONFIG": "{\"projectId\":\"apipassage\",\"databaseURL\":\"https://apipassage-default-rtdb.firebaseio.com\",\"storageBucket\":\"apipassage.appspot.com\"}",
      "GCLOUD_PROJECT": "apipassage",
      "EVENTARC_CLOUD_EVENT_SOURCE": "projects/apipassage/locations/us-central1/functions/securitySearch"
    },
    "codebase": "default",
    "availableMemoryMb": 256,
    "securityLevel": "SECURE_ALWAYS",
    "targetedByOnly": false,
    "hash": "5584c359008e954678f486ba32b972cd75e38f28",
    "labels": {
      "deployment-tool": "cli-firebase"
    }
  },
  "op": "update",
  "original": {
    "name": "FirebaseError",
    "children": [],
    "exit": 1,
    "message": "Build failed: npm ERR! Cannot read property 'axios' of undefined\n\nnpm ERR! A complete log of this run can be found in:\nnpm ERR!     /www-data-home/.npm/_logs/2023-07-06T13_50_48_254Z-debug.log; Error ID: beaf8772",
    "status": 3
  }
}
[debug] [2023-07-06T13:50:59.095Z] Error: Failed to update function securitySearch in region us-central1
    at /Users/tyler/git/apipassage/node_modules/firebase-tools/lib/deploy/functions/release/fabricator.js:49:11
    at process.processTicksAndRejections (node:internal/process/task_queues:95:5)
    at async Fabricator.updateV1Function (/Users/tyler/git/apipassage/node_modules/firebase-tools/lib/deploy/functions/release/fabricator.js:330:32)
    at async Fabricator.updateEndpoint (/Users/tyler/git/apipassage/node_modules/firebase-tools/lib/deploy/functions/release/fabricator.js:148:13)
    at async handle (/Users/tyler/git/apipassage/node_modules/firebase-tools/lib/deploy/functions/release/fabricator.js:86:17)
[error] 
[error] Error: There was an error deploying functions
[debug] [2023-07-06T13:52:37.407Z] ----------------------------------------------------------------------
[debug] [2023-07-06T13:52:37.408Z] Command:       /opt/homebrew/Cellar/node/20.3.1_1/bin/node /Users/tyler/git/apipassage/node_modules/.bin/firebase deploy --only functions
[debug] [2023-07-06T13:52:37.409Z] CLI Version:   12.2.1
[debug] [2023-07-06T13:52:37.409Z] Platform:      darwin
[debug] [2023-07-06T13:52:37.409Z] Node Version:  v20.3.1
[debug] [2023-07-06T13:52:37.409Z] Time:          Thu Jul 06 2023 08:52:37 GMT-0500 (Central Daylight Time)
[debug] [2023-07-06T13:52:37.409Z] ----------------------------------------------------------------------
[debug] 
[debug] [2023-07-06T13:52:37.449Z] > command requires scopes: ["email","openid","https://www.googleapis.com/auth/cloudplatformprojects.readonly","https://www.googleapis.com/auth/firebase","https://www.googleapis.com/auth/cloud-platform"]
[debug] [2023-07-06T13:52:37.449Z] > authorizing via signed-in user (tyler@mellasa.com)
[debug] [2023-07-06T13:52:37.449Z] [iam] checking project apipassage for permissions ["cloudfunctions.functions.create","cloudfunctions.functions.delete","cloudfunctions.functions.get","cloudfunctions.functions.list","cloudfunctions.functions.update","cloudfunctions.operations.get","firebase.projects.get"]
[debug] [2023-07-06T13:52:37.450Z] >>> [apiv2][query] POST https://cloudresourcemanager.googleapis.com/v1/projects/apipassage:testIamPermissions [none]
[debug] [2023-07-06T13:52:37.450Z] >>> [apiv2][(partial)header] POST https://cloudresourcemanager.googleapis.com/v1/projects/apipassage:testIamPermissions x-goog-quota-user=projects/apipassage
[debug] [2023-07-06T13:52:37.451Z] >>> [apiv2][body] POST https://cloudresourcemanager.googleapis.com/v1/projects/apipassage:testIamPermissions {"permissions":["cloudfunctions.functions.create","cloudfunctions.functions.delete","cloudfunctions.functions.get","cloudfunctions.functions.list","cloudfunctions.functions.update","cloudfunctions.operations.get","firebase.projects.get"]}
[debug] [2023-07-06T13:52:37.709Z] <<< [apiv2][status] POST https://cloudresourcemanager.googleapis.com/v1/projects/apipassage:testIamPermissions 200
[debug] [2023-07-06T13:52:37.709Z] <<< [apiv2][body] POST https://cloudresourcemanager.googleapis.com/v1/projects/apipassage:testIamPermissions {"permissions":["cloudfunctions.functions.create","cloudfunctions.functions.delete","cloudfunctions.functions.get","cloudfunctions.functions.list","cloudfunctions.functions.update","cloudfunctions.operations.get","firebase.projects.get"]}
[debug] [2023-07-06T13:52:37.709Z] >>> [apiv2][query] POST https://iam.googleapis.com/v1/projects/apipassage/serviceAccounts/apipassage@appspot.gserviceaccount.com:testIamPermissions [none]
[debug] [2023-07-06T13:52:37.709Z] >>> [apiv2][body] POST https://iam.googleapis.com/v1/projects/apipassage/serviceAccounts/apipassage@appspot.gserviceaccount.com:testIamPermissions {"permissions":["iam.serviceAccounts.actAs"]}
[debug] [2023-07-06T13:52:37.881Z] <<< [apiv2][status] POST https://iam.googleapis.com/v1/projects/apipassage/serviceAccounts/apipassage@appspot.gserviceaccount.com:testIamPermissions 200
[debug] [2023-07-06T13:52:37.881Z] <<< [apiv2][body] POST https://iam.googleapis.com/v1/projects/apipassage/serviceAccounts/apipassage@appspot.gserviceaccount.com:testIamPermissions {"permissions":["iam.serviceAccounts.actAs"]}
[info] 
[info] === Deploying to 'apipassage'...
[info] 
[info] i  deploying functions 
[info] Running command: npm --prefix "$RESOURCE_DIR" run build
[info] ✔  functions: Finished running predeploy script. 
[debug] [2023-07-06T13:52:38.881Z] >>> [apiv2][query] GET https://firebase.googleapis.com/v1beta1/projects/apipassage [none]
[debug] [2023-07-06T13:52:39.095Z] <<< [apiv2][status] GET https://firebase.googleapis.com/v1beta1/projects/apipassage 200
[debug] [2023-07-06T13:52:39.095Z] <<< [apiv2][body] GET https://firebase.googleapis.com/v1beta1/projects/apipassage {"projectId":"apipassage","projectNumber":"256217368185","displayName":"apipassage","name":"projects/apipassage","resources":{"hostingSite":"apipassage","realtimeDatabaseInstance":"apipassage-default-rtdb"},"state":"ACTIVE","etag":"1_a6abe54b-a99f-44dd-ad24-04cefb5900b5"}
[info] i  functions: preparing codebase default for deployment 
[info] i  functions: ensuring required API cloudfunctions.googleapis.com is enabled... 
[info] i  functions: ensuring required API cloudbuild.googleapis.com is enabled... 
[info] i  artifactregistry: ensuring required API artifactregistry.googleapis.com is enabled... 
[debug] [2023-07-06T13:52:39.097Z] >>> [apiv2][query] GET https://serviceusage.googleapis.com/v1/projects/apipassage/services/cloudfunctions.googleapis.com [none]
[debug] [2023-07-06T13:52:39.097Z] >>> [apiv2][(partial)header] GET https://serviceusage.googleapis.com/v1/projects/apipassage/services/cloudfunctions.googleapis.com x-goog-quota-user=projects/apipassage
[debug] [2023-07-06T13:52:39.098Z] >>> [apiv2][query] GET https://serviceusage.googleapis.com/v1/projects/apipassage/services/runtimeconfig.googleapis.com [none]
[debug] [2023-07-06T13:52:39.098Z] >>> [apiv2][(partial)header] GET https://serviceusage.googleapis.com/v1/projects/apipassage/services/runtimeconfig.googleapis.com x-goog-quota-user=projects/apipassage
[debug] [2023-07-06T13:52:39.098Z] >>> [apiv2][query] GET https://serviceusage.googleapis.com/v1/projects/apipassage/services/cloudbuild.googleapis.com [none]
[debug] [2023-07-06T13:52:39.098Z] >>> [apiv2][(partial)header] GET https://serviceusage.googleapis.com/v1/projects/apipassage/services/cloudbuild.googleapis.com x-goog-quota-user=projects/apipassage
[debug] [2023-07-06T13:52:39.099Z] >>> [apiv2][query] GET https://serviceusage.googleapis.com/v1/projects/apipassage/services/artifactregistry.googleapis.com [none]
[debug] [2023-07-06T13:52:39.099Z] >>> [apiv2][(partial)header] GET https://serviceusage.googleapis.com/v1/projects/apipassage/services/artifactregistry.googleapis.com x-goog-quota-user=projects/apipassage
[debug] [2023-07-06T13:52:39.404Z] <<< [apiv2][status] GET https://serviceusage.googleapis.com/v1/projects/apipassage/services/artifactregistry.googleapis.com 200
[debug] [2023-07-06T13:52:39.405Z] <<< [apiv2][body] GET https://serviceusage.googleapis.com/v1/projects/apipassage/services/artifactregistry.googleapis.com [omitted]
[info] ✔  artifactregistry: required API artifactregistry.googleapis.com is enabled 
[debug] [2023-07-06T13:52:39.438Z] <<< [apiv2][status] GET https://serviceusage.googleapis.com/v1/projects/apipassage/services/cloudfunctions.googleapis.com 200
[debug] [2023-07-06T13:52:39.438Z] <<< [apiv2][body] GET https://serviceusage.googleapis.com/v1/projects/apipassage/services/cloudfunctions.googleapis.com [omitted]
[info] ✔  functions: required API cloudfunctions.googleapis.com is enabled 
[debug] [2023-07-06T13:52:39.439Z] <<< [apiv2][status] GET https://serviceusage.googleapis.com/v1/projects/apipassage/services/runtimeconfig.googleapis.com 200
[debug] [2023-07-06T13:52:39.439Z] <<< [apiv2][body] GET https://serviceusage.googleapis.com/v1/projects/apipassage/services/runtimeconfig.googleapis.com [omitted]
[debug] [2023-07-06T13:52:39.460Z] <<< [apiv2][status] GET https://serviceusage.googleapis.com/v1/projects/apipassage/services/cloudbuild.googleapis.com 200
[debug] [2023-07-06T13:52:39.460Z] <<< [apiv2][body] GET https://serviceusage.googleapis.com/v1/projects/apipassage/services/cloudbuild.googleapis.com [omitted]
[info] ✔  functions: required API cloudbuild.googleapis.com is enabled 
[debug] [2023-07-06T13:52:39.461Z] >>> [apiv2][query] GET https://firebase.googleapis.com/v1beta1/projects/apipassage/adminSdkConfig [none]
[debug] [2023-07-06T13:52:39.612Z] <<< [apiv2][status] GET https://firebase.googleapis.com/v1beta1/projects/apipassage/adminSdkConfig 200
[debug] [2023-07-06T13:52:39.612Z] <<< [apiv2][body] GET https://firebase.googleapis.com/v1beta1/projects/apipassage/adminSdkConfig {"projectId":"apipassage","databaseURL":"https://apipassage-default-rtdb.firebaseio.com","storageBucket":"apipassage.appspot.com"}
[debug] [2023-07-06T13:52:39.613Z] >>> [apiv2][query] GET https://runtimeconfig.googleapis.com/v1beta1/projects/apipassage/configs [none]
[debug] [2023-07-06T13:52:39.907Z] <<< [apiv2][status] GET https://runtimeconfig.googleapis.com/v1beta1/projects/apipassage/configs 200
[debug] [2023-07-06T13:52:39.907Z] <<< [apiv2][body] GET https://runtimeconfig.googleapis.com/v1beta1/projects/apipassage/configs {}
[debug] [2023-07-06T13:52:39.909Z] Validating nodejs source
[warn] ⚠  functions: package.json indicates an outdated version of firebase-functions. Please upgrade using npm install --save firebase-functions@latest in your functions directory. 
[warn] ⚠  functions: Please note that there will be breaking changes when you upgrade. 
[debug] [2023-07-06T13:52:40.332Z] > [functions] package.json contents: {
  "name": "functions",
  "scripts": {
    "lint": "eslint --ext .js,.ts .",
    "build": "tsc",
    "serve": "npm run build && firebase emulators:start --only functions",
    "shell": "npm run build && firebase functions:shell",
    "start": "npm run shell",
    "deploy": "firebase deploy --only functions",
    "logs": "firebase functions:log"
  },
  "engines": {
    "node": "14"
  },
  "main": "lib/index.js",
  "dependencies": {
    "axios": "^0.24.0",
    "cors": "^2.8.5",
    "eslint-config-prettier": "^8.3.0",
    "eslint-plugin-prettier": "^4.0.0",
    "firebase-admin": "^9.8.0",
    "firebase-functions": "^3.16.0",
    "node-ipinfo": "^3.0.1"
  },
  "devDependencies": {
    "@types/node": "^16.10.2",
    "@typescript-eslint/eslint-plugin": "^3.9.1",
    "@typescript-eslint/parser": "^3.8.0",
    "eslint": "^7.6.0",
    "eslint-config-google": "^0.14.0",
    "eslint-plugin-import": "^2.22.0",
    "firebase-functions-test": "^0.2.0",
    "typescript": "^5.1.6"
  },
  "private": true
}
[debug] [2023-07-06T13:52:40.332Z] Building nodejs source
[debug] [2023-07-06T13:52:40.333Z] Could not find functions.yaml. Must use http discovery
[debug] [2023-07-06T13:52:40.339Z] Found firebase-functions binary at '/Users/tyler/git/apipassage/functions/node_modules/.bin/firebase-functions'
[debug] [2023-07-06T13:52:40.434Z] Serving at port 8224

[debug] [2023-07-06T13:52:40.477Z] Got response from /__/functions.yaml {"endpoints":{"securitySearch":{"platform":"gcfv1","httpsTrigger":{},"entryPoint":"securitySearch"}},"specVersion":"v1alpha1","requiredAPIs":[]}
[debug] [2023-07-06T13:52:40.481Z] shutdown requested via /__/quitquitquit

[info] i  functions: preparing functions directory for uploading... 
[info] i  functions: packaged /Users/tyler/git/apipassage/functions (62.51 KB) for uploading 
[debug] [2023-07-06T13:52:40.512Z] >>> [apiv2][query] GET https://cloudfunctions.googleapis.com/v1/projects/apipassage/locations/-/functions [none]
[debug] [2023-07-06T13:52:40.997Z] <<< [apiv2][status] GET https://cloudfunctions.googleapis.com/v1/projects/apipassage/locations/-/functions 200
[debug] [2023-07-06T13:52:40.997Z] <<< [apiv2][body] GET https://cloudfunctions.googleapis.com/v1/projects/apipassage/locations/-/functions {"functions":[{"name":"projects/apipassage/locations/us-central1/functions/securitySearch","httpsTrigger":{"url":"https://us-central1-apipassage.cloudfunctions.net/securitySearch","securityLevel":"SECURE_ALWAYS"},"status":"ACTIVE","entryPoint":"securitySearch","timeout":"60s","availableMemoryMb":256,"serviceAccountEmail":"apipassage@appspot.gserviceaccount.com","updateTime":"2023-07-05T15:03:53.146Z","versionId":"1","labels":{"deployment-tool":"cli-firebase"},"sourceUploadUrl":"https://storage.googleapis.com/uploads-229093970397.us-central1.cloudfunctions.appspot.com/19ba6a3a-c7f0-4d19-a91e-8facd9aae8f5.zip","environmentVariables":{"FIREBASE_CONFIG":"{\"projectId\":\"apipassage\",\"databaseURL\":\"https://apipassage-default-rtdb.firebaseio.com\",\"storageBucket\":\"apipassage.appspot.com\"}","GCLOUD_PROJECT":"apipassage"},"runtime":"nodejs14","ingressSettings":"ALLOW_ALL","buildId":"f1e68cfe-9838-4ae0-9ab0-dd287fd9f4e4","buildName":"projects/256217368185/locations/us-central1/builds/f1e68cfe-9838-4ae0-9ab0-dd287fd9f4e4","dockerRegistry":"CONTAINER_REGISTRY"}]}
[debug] [2023-07-06T13:52:40.999Z] >>> [apiv2][query] GET https://cloudfunctions.googleapis.com/v2/projects/apipassage/locations/-/functions filter=environment%3D%22GEN_2%22
[debug] [2023-07-06T13:52:41.434Z] <<< [apiv2][status] GET https://cloudfunctions.googleapis.com/v2/projects/apipassage/locations/-/functions 200
[debug] [2023-07-06T13:52:41.435Z] <<< [apiv2][body] GET https://cloudfunctions.googleapis.com/v2/projects/apipassage/locations/-/functions {}
[debug] [2023-07-06T13:52:41.443Z] >>> [apiv2][query] GET https://firebase.googleapis.com/v1beta1/projects/apipassage [none]
[debug] [2023-07-06T13:52:41.556Z] <<< [apiv2][status] GET https://firebase.googleapis.com/v1beta1/projects/apipassage 200
[debug] [2023-07-06T13:52:41.557Z] <<< [apiv2][body] GET https://firebase.googleapis.com/v1beta1/projects/apipassage {"projectId":"apipassage","projectNumber":"256217368185","displayName":"apipassage","name":"projects/apipassage","resources":{"hostingSite":"apipassage","realtimeDatabaseInstance":"apipassage-default-rtdb"},"state":"ACTIVE","etag":"1_a6abe54b-a99f-44dd-ad24-04cefb5900b5"}
[debug] [2023-07-06T13:52:41.559Z] >>> [apiv2][query] POST https://cloudfunctions.googleapis.com/v1/projects/apipassage/locations/us-central1/functions:generateUploadUrl [none]
[debug] [2023-07-06T13:52:41.559Z] >>> [apiv2][body] POST https://cloudfunctions.googleapis.com/v1/projects/apipassage/locations/us-central1/functions:generateUploadUrl {}
[debug] [2023-07-06T13:52:41.909Z] <<< [apiv2][status] POST https://cloudfunctions.googleapis.com/v1/projects/apipassage/locations/us-central1/functions:generateUploadUrl 200
[debug] [2023-07-06T13:52:41.910Z] <<< [apiv2][body] POST https://cloudfunctions.googleapis.com/v1/projects/apipassage/locations/us-central1/functions:generateUploadUrl {"uploadUrl":"https://storage.googleapis.com/uploads-229093970397.us-central1.cloudfunctions.appspot.com/614af66e-0867-4ead-884c-b08ec2957f7a.zip?GoogleAccessId=service-256217368185@gcf-admin-robot.iam.gserviceaccount.com&Expires=1688653361&Signature=MwUMNlJmJiPpE9wj2xvGQoWD9N9m97vHXnXwJIEVvQR4VAabE5O373aq6OPmW%2BNQQeHFrLVoLpWEGNcTKpw14UVtRJnIYVBI5pKfeY0NFwYXLlOS4RThKhU5Pmj13u%2BITGQcHq7o1HpnY8SNq5Hhn6AEK4n0rqEvkJWBBwiFXIyee5zR9XMROEsdEGvac7DtXM7Fy0iOQaS7WOY4%2Bsf8zFUBMI4Mykddv7wgzhYJQE%2FXhb3vdLCWgfPnS1dQ%2FAwd1u6tN6WKu5HroF3%2BTPNvPGQZExeJwTbdUQ9E6qjXvC6tFvupBuALdF%2F6QZKTVcejkshnS7Pp6AZgZkJ%2B0ngBTA%3D%3D"}
[debug] [2023-07-06T13:52:41.912Z] >>> [apiv2][query] PUT https://storage.googleapis.com/uploads-229093970397.us-central1.cloudfunctions.appspot.com/614af66e-0867-4ead-884c-b08ec2957f7a.zip GoogleAccessId=service-256217368185%40gcf-admin-robot.iam.gserviceaccount.com&Expires=1688653361&Signature=MwUMNlJmJiPpE9wj2xvGQoWD9N9m97vHXnXwJIEVvQR4VAabE5O373aq6OPmW%2BNQQeHFrLVoLpWEGNcTKpw14UVtRJnIYVBI5pKfeY0NFwYXLlOS4RThKhU5Pmj13u%2BITGQcHq7o1HpnY8SNq5Hhn6AEK4n0rqEvkJWBBwiFXIyee5zR9XMROEsdEGvac7DtXM7Fy0iOQaS7WOY4%2Bsf8zFUBMI4Mykddv7wgzhYJQE%2FXhb3vdLCWgfPnS1dQ%2FAwd1u6tN6WKu5HroF3%2BTPNvPGQZExeJwTbdUQ9E6qjXvC6tFvupBuALdF%2F6QZKTVcejkshnS7Pp6AZgZkJ%2B0ngBTA%3D%3D
[debug] [2023-07-06T13:52:41.912Z] >>> [apiv2][body] PUT https://storage.googleapis.com/uploads-229093970397.us-central1.cloudfunctions.appspot.com/614af66e-0867-4ead-884c-b08ec2957f7a.zip [stream]
[debug] [2023-07-06T13:52:42.207Z] <<< [apiv2][status] PUT https://storage.googleapis.com/uploads-229093970397.us-central1.cloudfunctions.appspot.com/614af66e-0867-4ead-884c-b08ec2957f7a.zip 200
[debug] [2023-07-06T13:52:42.207Z] <<< [apiv2][body] PUT https://storage.googleapis.com/uploads-229093970397.us-central1.cloudfunctions.appspot.com/614af66e-0867-4ead-884c-b08ec2957f7a.zip [omitted]
[info] ✔  functions: functions folder uploaded successfully 
[info] i  functions: updating Node.js 14 (1st Gen) function securitySearch(us-central1)... 
[debug] [2023-07-06T13:52:42.210Z] >>> [apiv2][query] PATCH https://cloudfunctions.googleapis.com/v1/projects/apipassage/locations/us-central1/functions/securitySearch updateMask=name%2CsourceUploadUrl%2CentryPoint%2Cruntime%2CdockerRegistry%2Clabels%2ChttpsTrigger.securityLevel%2CenvironmentVariables%2CavailableMemoryMb%2CsourceToken%2CbuildEnvironmentVariables
[debug] [2023-07-06T13:52:42.210Z] >>> [apiv2][body] PATCH https://cloudfunctions.googleapis.com/v1/projects/apipassage/locations/us-central1/functions/securitySearch {"name":"projects/apipassage/locations/us-central1/functions/securitySearch","sourceUploadUrl":"https://storage.googleapis.com/uploads-229093970397.us-central1.cloudfunctions.appspot.com/614af66e-0867-4ead-884c-b08ec2957f7a.zip?GoogleAccessId=service-256217368185@gcf-admin-robot.iam.gserviceaccount.com&Expires=1688653361&Signature=MwUMNlJmJiPpE9wj2xvGQoWD9N9m97vHXnXwJIEVvQR4VAabE5O373aq6OPmW%2BNQQeHFrLVoLpWEGNcTKpw14UVtRJnIYVBI5pKfeY0NFwYXLlOS4RThKhU5Pmj13u%2BITGQcHq7o1HpnY8SNq5Hhn6AEK4n0rqEvkJWBBwiFXIyee5zR9XMROEsdEGvac7DtXM7Fy0iOQaS7WOY4%2Bsf8zFUBMI4Mykddv7wgzhYJQE%2FXhb3vdLCWgfPnS1dQ%2FAwd1u6tN6WKu5HroF3%2BTPNvPGQZExeJwTbdUQ9E6qjXvC6tFvupBuALdF%2F6QZKTVcejkshnS7Pp6AZgZkJ%2B0ngBTA%3D%3D","entryPoint":"securitySearch","runtime":"nodejs14","dockerRegistry":"ARTIFACT_REGISTRY","labels":{"deployment-tool":"cli-firebase","firebase-functions-hash":"5584c359008e954678f486ba32b972cd75e38f28"},"httpsTrigger":{"securityLevel":"SECURE_ALWAYS"},"environmentVariables":{"FIREBASE_CONFIG":"{\"projectId\":\"apipassage\",\"databaseURL\":\"https://apipassage-default-rtdb.firebaseio.com\",\"storageBucket\":\"apipassage.appspot.com\"}","GCLOUD_PROJECT":"apipassage","EVENTARC_CLOUD_EVENT_SOURCE":"projects/apipassage/locations/us-central1/functions/securitySearch"},"availableMemoryMb":256,"buildEnvironmentVariables":{"GOOGLE_NODE_RUN_SCRIPTS":""}}
[debug] [2023-07-06T13:52:42.552Z] <<< [apiv2][status] PATCH https://cloudfunctions.googleapis.com/v1/projects/apipassage/locations/us-central1/functions/securitySearch 200
[debug] [2023-07-06T13:52:42.553Z] <<< [apiv2][body] PATCH https://cloudfunctions.googleapis.com/v1/projects/apipassage/locations/us-central1/functions/securitySearch {"name":"operations/YXBpcGFzc2FnZS91cy1jZW50cmFsMS9zZWN1cml0eVNlYXJjaC8ySmpPcTU2NnZOOA","metadata":{"@type":"type.googleapis.com/google.cloud.functions.v1.OperationMetadataV1","target":"projects/apipassage/locations/us-central1/functions/securitySearch","type":"UPDATE_FUNCTION","request":{"@type":"type.googleapis.com/google.cloud.functions.v1.CloudFunction","name":"projects/apipassage/locations/us-central1/functions/securitySearch","httpsTrigger":{"url":"https://us-central1-apipassage.cloudfunctions.net/securitySearch","securityLevel":"SECURE_ALWAYS"},"status":"ACTIVE","entryPoint":"securitySearch","timeout":"60s","availableMemoryMb":256,"serviceAccountEmail":"apipassage@appspot.gserviceaccount.com","updateTime":"2023-07-05T15:03:53.146Z","versionId":"1","labels":{"deployment-tool":"cli-firebase","firebase-functions-hash":"5584c359008e954678f486ba32b972cd75e38f28"},"sourceUploadUrl":"https://storage.googleapis.com/uploads-229093970397.us-central1.cloudfunctions.appspot.com/614af66e-0867-4ead-884c-b08ec2957f7a.zip?GoogleAccessId=service-256217368185@gcf-admin-robot.iam.gserviceaccount.com&Expires=1688653361&Signature=MwUMNlJmJiPpE9wj2xvGQoWD9N9m97vHXnXwJIEVvQR4VAabE5O373aq6OPmW%2BNQQeHFrLVoLpWEGNcTKpw14UVtRJnIYVBI5pKfeY0NFwYXLlOS4RThKhU5Pmj13u%2BITGQcHq7o1HpnY8SNq5Hhn6AEK4n0rqEvkJWBBwiFXIyee5zR9XMROEsdEGvac7DtXM7Fy0iOQaS7WOY4%2Bsf8zFUBMI4Mykddv7wgzhYJQE%2FXhb3vdLCWgfPnS1dQ%2FAwd1u6tN6WKu5HroF3%2BTPNvPGQZExeJwTbdUQ9E6qjXvC6tFvupBuALdF%2F6QZKTVcejkshnS7Pp6AZgZkJ%2B0ngBTA%3D%3D","environmentVariables":{"FIREBASE_CONFIG":"{\"projectId\":\"apipassage\",\"databaseURL\":\"https://apipassage-default-rtdb.firebaseio.com\",\"storageBucket\":\"apipassage.appspot.com\"}","GCLOUD_PROJECT":"apipassage","EVENTARC_CLOUD_EVENT_SOURCE":"projects/apipassage/locations/us-central1/functions/securitySearch"},"runtime":"nodejs14","ingressSettings":"ALLOW_ALL","buildId":"f1e68cfe-9838-4ae0-9ab0-dd287fd9f4e4","buildEnvironmentVariables":{"GOOGLE_NODE_RUN_SCRIPTS":""},"buildName":"projects/256217368185/locations/us-central1/builds/f1e68cfe-9838-4ae0-9ab0-dd287fd9f4e4","dockerRegistry":"ARTIFACT_REGISTRY"},"versionId":"7","updateTime":"2023-07-06T13:52:42Z"}}
[debug] [2023-07-06T13:52:42.554Z] >>> [apiv2][query] GET https://cloudfunctions.googleapis.com/v1/operations/YXBpcGFzc2FnZS91cy1jZW50cmFsMS9zZWN1cml0eVNlYXJjaC8ySmpPcTU2NnZOOA [none]
[debug] [2023-07-06T13:52:42.666Z] <<< [apiv2][status] GET https://cloudfunctions.googleapis.com/v1/operations/YXBpcGFzc2FnZS91cy1jZW50cmFsMS9zZWN1cml0eVNlYXJjaC8ySmpPcTU2NnZOOA 200
[debug] [2023-07-06T13:52:42.666Z] <<< [apiv2][body] GET https://cloudfunctions.googleapis.com/v1/operations/YXBpcGFzc2FnZS91cy1jZW50cmFsMS9zZWN1cml0eVNlYXJjaC8ySmpPcTU2NnZOOA {"name":"operations/YXBpcGFzc2FnZS91cy1jZW50cmFsMS9zZWN1cml0eVNlYXJjaC8ySmpPcTU2NnZOOA","metadata":{"@type":"type.googleapis.com/google.cloud.functions.v1.OperationMetadataV1","target":"projects/apipassage/locations/us-central1/functions/securitySearch","type":"UPDATE_FUNCTION","request":{"@type":"type.googleapis.com/google.cloud.functions.v1.CloudFunction","name":"projects/apipassage/locations/us-central1/functions/securitySearch","httpsTrigger":{"url":"https://us-central1-apipassage.cloudfunctions.net/securitySearch","securityLevel":"SECURE_ALWAYS"},"status":"ACTIVE","entryPoint":"securitySearch","timeout":"60s","availableMemoryMb":256,"serviceAccountEmail":"apipassage@appspot.gserviceaccount.com","updateTime":"2023-07-05T15:03:53.146Z","versionId":"1","labels":{"deployment-tool":"cli-firebase","firebase-functions-hash":"5584c359008e954678f486ba32b972cd75e38f28"},"sourceUploadUrl":"https://storage.googleapis.com/uploads-229093970397.us-central1.cloudfunctions.appspot.com/614af66e-0867-4ead-884c-b08ec2957f7a.zip?GoogleAccessId=service-256217368185@gcf-admin-robot.iam.gserviceaccount.com&Expires=1688653361&Signature=MwUMNlJmJiPpE9wj2xvGQoWD9N9m97vHXnXwJIEVvQR4VAabE5O373aq6OPmW%2BNQQeHFrLVoLpWEGNcTKpw14UVtRJnIYVBI5pKfeY0NFwYXLlOS4RThKhU5Pmj13u%2BITGQcHq7o1HpnY8SNq5Hhn6AEK4n0rqEvkJWBBwiFXIyee5zR9XMROEsdEGvac7DtXM7Fy0iOQaS7WOY4%2Bsf8zFUBMI4Mykddv7wgzhYJQE%2FXhb3vdLCWgfPnS1dQ%2FAwd1u6tN6WKu5HroF3%2BTPNvPGQZExeJwTbdUQ9E6qjXvC6tFvupBuALdF%2F6QZKTVcejkshnS7Pp6AZgZkJ%2B0ngBTA%3D%3D","environmentVariables":{"FIREBASE_CONFIG":"{\"projectId\":\"apipassage\",\"databaseURL\":\"https://apipassage-default-rtdb.firebaseio.com\",\"storageBucket\":\"apipassage.appspot.com\"}","GCLOUD_PROJECT":"apipassage","EVENTARC_CLOUD_EVENT_SOURCE":"projects/apipassage/locations/us-central1/functions/securitySearch"},"runtime":"nodejs14","ingressSettings":"ALLOW_ALL","buildId":"f1e68cfe-9838-4ae0-9ab0-dd287fd9f4e4","buildEnvironmentVariables":{"GOOGLE_NODE_RUN_SCRIPTS":""},"buildName":"projects/256217368185/locations/us-central1/builds/f1e68cfe-9838-4ae0-9ab0-dd287fd9f4e4","dockerRegistry":"ARTIFACT_REGISTRY"},"versionId":"7","updateTime":"2023-07-06T13:52:42Z"}}
[debug] [2023-07-06T13:52:43.169Z] [update-default-us-central1-securitySearch] Retrying task index 0
[debug] [2023-07-06T13:52:43.169Z] >>> [apiv2][query] GET https://cloudfunctions.googleapis.com/v1/operations/YXBpcGFzc2FnZS91cy1jZW50cmFsMS9zZWN1cml0eVNlYXJjaC8ySmpPcTU2NnZOOA [none]
[debug] [2023-07-06T13:52:43.267Z] <<< [apiv2][status] GET https://cloudfunctions.googleapis.com/v1/operations/YXBpcGFzc2FnZS91cy1jZW50cmFsMS9zZWN1cml0eVNlYXJjaC8ySmpPcTU2NnZOOA 200
[debug] [2023-07-06T13:52:43.267Z] <<< [apiv2][body] GET https://cloudfunctions.googleapis.com/v1/operations/YXBpcGFzc2FnZS91cy1jZW50cmFsMS9zZWN1cml0eVNlYXJjaC8ySmpPcTU2NnZOOA {"name":"operations/YXBpcGFzc2FnZS91cy1jZW50cmFsMS9zZWN1cml0eVNlYXJjaC8ySmpPcTU2NnZOOA","metadata":{"@type":"type.googleapis.com/google.cloud.functions.v1.OperationMetadataV1","target":"projects/apipassage/locations/us-central1/functions/securitySearch","type":"UPDATE_FUNCTION","request":{"@type":"type.googleapis.com/google.cloud.functions.v1.CloudFunction","name":"projects/apipassage/locations/us-central1/functions/securitySearch","httpsTrigger":{"url":"https://us-central1-apipassage.cloudfunctions.net/securitySearch","securityLevel":"SECURE_ALWAYS"},"status":"ACTIVE","entryPoint":"securitySearch","timeout":"60s","availableMemoryMb":256,"serviceAccountEmail":"apipassage@appspot.gserviceaccount.com","updateTime":"2023-07-05T15:03:53.146Z","versionId":"1","labels":{"deployment-tool":"cli-firebase","firebase-functions-hash":"5584c359008e954678f486ba32b972cd75e38f28"},"sourceUploadUrl":"https://storage.googleapis.com/uploads-229093970397.us-central1.cloudfunctions.appspot.com/614af66e-0867-4ead-884c-b08ec2957f7a.zip?GoogleAccessId=service-256217368185@gcf-admin-robot.iam.gserviceaccount.com&Expires=1688653361&Signature=MwUMNlJmJiPpE9wj2xvGQoWD9N9m97vHXnXwJIEVvQR4VAabE5O373aq6OPmW%2BNQQeHFrLVoLpWEGNcTKpw14UVtRJnIYVBI5pKfeY0NFwYXLlOS4RThKhU5Pmj13u%2BITGQcHq7o1HpnY8SNq5Hhn6AEK4n0rqEvkJWBBwiFXIyee5zR9XMROEsdEGvac7DtXM7Fy0iOQaS7WOY4%2Bsf8zFUBMI4Mykddv7wgzhYJQE%2FXhb3vdLCWgfPnS1dQ%2FAwd1u6tN6WKu5HroF3%2BTPNvPGQZExeJwTbdUQ9E6qjXvC6tFvupBuALdF%2F6QZKTVcejkshnS7Pp6AZgZkJ%2B0ngBTA%3D%3D","environmentVariables":{"FIREBASE_CONFIG":"{\"projectId\":\"apipassage\",\"databaseURL\":\"https://apipassage-default-rtdb.firebaseio.com\",\"storageBucket\":\"apipassage.appspot.com\"}","GCLOUD_PROJECT":"apipassage","EVENTARC_CLOUD_EVENT_SOURCE":"projects/apipassage/locations/us-central1/functions/securitySearch"},"runtime":"nodejs14","ingressSettings":"ALLOW_ALL","buildId":"f1e68cfe-9838-4ae0-9ab0-dd287fd9f4e4","buildEnvironmentVariables":{"GOOGLE_NODE_RUN_SCRIPTS":""},"buildName":"projects/256217368185/locations/us-central1/builds/f1e68cfe-9838-4ae0-9ab0-dd287fd9f4e4","dockerRegistry":"ARTIFACT_REGISTRY"},"versionId":"7","updateTime":"2023-07-06T13:52:42Z"}}
[debug] [2023-07-06T13:52:44.270Z] [update-default-us-central1-securitySearch] Retrying task index 0
[debug] [2023-07-06T13:52:44.272Z] >>> [apiv2][query] GET https://cloudfunctions.googleapis.com/v1/operations/YXBpcGFzc2FnZS91cy1jZW50cmFsMS9zZWN1cml0eVNlYXJjaC8ySmpPcTU2NnZOOA [none]
[debug] [2023-07-06T13:52:44.428Z] <<< [apiv2][status] GET https://cloudfunctions.googleapis.com/v1/operations/YXBpcGFzc2FnZS91cy1jZW50cmFsMS9zZWN1cml0eVNlYXJjaC8ySmpPcTU2NnZOOA 200
[debug] [2023-07-06T13:52:44.428Z] <<< [apiv2][body] GET https://cloudfunctions.googleapis.com/v1/operations/YXBpcGFzc2FnZS91cy1jZW50cmFsMS9zZWN1cml0eVNlYXJjaC8ySmpPcTU2NnZOOA {"name":"operations/YXBpcGFzc2FnZS91cy1jZW50cmFsMS9zZWN1cml0eVNlYXJjaC8ySmpPcTU2NnZOOA","metadata":{"@type":"type.googleapis.com/google.cloud.functions.v1.OperationMetadataV1","target":"projects/apipassage/locations/us-central1/functions/securitySearch","type":"UPDATE_FUNCTION","request":{"@type":"type.googleapis.com/google.cloud.functions.v1.CloudFunction","name":"projects/apipassage/locations/us-central1/functions/securitySearch","httpsTrigger":{"url":"https://us-central1-apipassage.cloudfunctions.net/securitySearch","securityLevel":"SECURE_ALWAYS"},"status":"ACTIVE","entryPoint":"securitySearch","timeout":"60s","availableMemoryMb":256,"serviceAccountEmail":"apipassage@appspot.gserviceaccount.com","updateTime":"2023-07-05T15:03:53.146Z","versionId":"1","labels":{"deployment-tool":"cli-firebase","firebase-functions-hash":"5584c359008e954678f486ba32b972cd75e38f28"},"sourceUploadUrl":"https://storage.googleapis.com/uploads-229093970397.us-central1.cloudfunctions.appspot.com/614af66e-0867-4ead-884c-b08ec2957f7a.zip?GoogleAccessId=service-256217368185@gcf-admin-robot.iam.gserviceaccount.com&Expires=1688653361&Signature=MwUMNlJmJiPpE9wj2xvGQoWD9N9m97vHXnXwJIEVvQR4VAabE5O373aq6OPmW%2BNQQeHFrLVoLpWEGNcTKpw14UVtRJnIYVBI5pKfeY0NFwYXLlOS4RThKhU5Pmj13u%2BITGQcHq7o1HpnY8SNq5Hhn6AEK4n0rqEvkJWBBwiFXIyee5zR9XMROEsdEGvac7DtXM7Fy0iOQaS7WOY4%2Bsf8zFUBMI4Mykddv7wgzhYJQE%2FXhb3vdLCWgfPnS1dQ%2FAwd1u6tN6WKu5HroF3%2BTPNvPGQZExeJwTbdUQ9E6qjXvC6tFvupBuALdF%2F6QZKTVcejkshnS7Pp6AZgZkJ%2B0ngBTA%3D%3D","environmentVariables":{"FIREBASE_CONFIG":"{\"projectId\":\"apipassage\",\"databaseURL\":\"https://apipassage-default-rtdb.firebaseio.com\",\"storageBucket\":\"apipassage.appspot.com\"}","GCLOUD_PROJECT":"apipassage","EVENTARC_CLOUD_EVENT_SOURCE":"projects/apipassage/locations/us-central1/functions/securitySearch"},"runtime":"nodejs14","ingressSettings":"ALLOW_ALL","buildId":"f1e68cfe-9838-4ae0-9ab0-dd287fd9f4e4","buildEnvironmentVariables":{"GOOGLE_NODE_RUN_SCRIPTS":""},"buildName":"projects/256217368185/locations/us-central1/builds/f1e68cfe-9838-4ae0-9ab0-dd287fd9f4e4","dockerRegistry":"ARTIFACT_REGISTRY"},"versionId":"7","updateTime":"2023-07-06T13:52:42Z","buildId":"55828e43-0c60-4cbc-bd48-94d06cab0056","buildName":"projects/256217368185/locations/us-central1/builds/55828e43-0c60-4cbc-bd48-94d06cab0056"}}
[debug] [2023-07-06T13:52:46.429Z] [update-default-us-central1-securitySearch] Retrying task index 0
[debug] [2023-07-06T13:52:46.433Z] >>> [apiv2][query] GET https://cloudfunctions.googleapis.com/v1/operations/YXBpcGFzc2FnZS91cy1jZW50cmFsMS9zZWN1cml0eVNlYXJjaC8ySmpPcTU2NnZOOA [none]
[debug] [2023-07-06T13:52:46.578Z] <<< [apiv2][status] GET https://cloudfunctions.googleapis.com/v1/operations/YXBpcGFzc2FnZS91cy1jZW50cmFsMS9zZWN1cml0eVNlYXJjaC8ySmpPcTU2NnZOOA 200
[debug] [2023-07-06T13:52:46.579Z] <<< [apiv2][body] GET https://cloudfunctions.googleapis.com/v1/operations/YXBpcGFzc2FnZS91cy1jZW50cmFsMS9zZWN1cml0eVNlYXJjaC8ySmpPcTU2NnZOOA {"name":"operations/YXBpcGFzc2FnZS91cy1jZW50cmFsMS9zZWN1cml0eVNlYXJjaC8ySmpPcTU2NnZOOA","metadata":{"@type":"type.googleapis.com/google.cloud.functions.v1.OperationMetadataV1","target":"projects/apipassage/locations/us-central1/functions/securitySearch","type":"UPDATE_FUNCTION","request":{"@type":"type.googleapis.com/google.cloud.functions.v1.CloudFunction","name":"projects/apipassage/locations/us-central1/functions/securitySearch","httpsTrigger":{"url":"https://us-central1-apipassage.cloudfunctions.net/securitySearch","securityLevel":"SECURE_ALWAYS"},"status":"ACTIVE","entryPoint":"securitySearch","timeout":"60s","availableMemoryMb":256,"serviceAccountEmail":"apipassage@appspot.gserviceaccount.com","updateTime":"2023-07-05T15:03:53.146Z","versionId":"1","labels":{"deployment-tool":"cli-firebase","firebase-functions-hash":"5584c359008e954678f486ba32b972cd75e38f28"},"sourceUploadUrl":"https://storage.googleapis.com/uploads-229093970397.us-central1.cloudfunctions.appspot.com/614af66e-0867-4ead-884c-b08ec2957f7a.zip?GoogleAccessId=service-256217368185@gcf-admin-robot.iam.gserviceaccount.com&Expires=1688653361&Signature=MwUMNlJmJiPpE9wj2xvGQoWD9N9m97vHXnXwJIEVvQR4VAabE5O373aq6OPmW%2BNQQeHFrLVoLpWEGNcTKpw14UVtRJnIYVBI5pKfeY0NFwYXLlOS4RThKhU5Pmj13u%2BITGQcHq7o1HpnY8SNq5Hhn6AEK4n0rqEvkJWBBwiFXIyee5zR9XMROEsdEGvac7DtXM7Fy0iOQaS7WOY4%2Bsf8zFUBMI4Mykddv7wgzhYJQE%2FXhb3vdLCWgfPnS1dQ%2FAwd1u6tN6WKu5HroF3%2BTPNvPGQZExeJwTbdUQ9E6qjXvC6tFvupBuALdF%2F6QZKTVcejkshnS7Pp6AZgZkJ%2B0ngBTA%3D%3D","environmentVariables":{"FIREBASE_CONFIG":"{\"projectId\":\"apipassage\",\"databaseURL\":\"https://apipassage-default-rtdb.firebaseio.com\",\"storageBucket\":\"apipassage.appspot.com\"}","GCLOUD_PROJECT":"apipassage","EVENTARC_CLOUD_EVENT_SOURCE":"projects/apipassage/locations/us-central1/functions/securitySearch"},"runtime":"nodejs14","ingressSettings":"ALLOW_ALL","buildId":"f1e68cfe-9838-4ae0-9ab0-dd287fd9f4e4","buildEnvironmentVariables":{"GOOGLE_NODE_RUN_SCRIPTS":""},"buildName":"projects/256217368185/locations/us-central1/builds/f1e68cfe-9838-4ae0-9ab0-dd287fd9f4e4","dockerRegistry":"ARTIFACT_REGISTRY"},"versionId":"7","updateTime":"2023-07-06T13:52:42Z","buildId":"55828e43-0c60-4cbc-bd48-94d06cab0056","buildName":"projects/256217368185/locations/us-central1/builds/55828e43-0c60-4cbc-bd48-94d06cab0056"}}
[debug] [2023-07-06T13:52:50.580Z] [update-default-us-central1-securitySearch] Retrying task index 0
[debug] [2023-07-06T13:52:50.581Z] >>> [apiv2][query] GET https://cloudfunctions.googleapis.com/v1/operations/YXBpcGFzc2FnZS91cy1jZW50cmFsMS9zZWN1cml0eVNlYXJjaC8ySmpPcTU2NnZOOA [none]
[debug] [2023-07-06T13:52:50.667Z] <<< [apiv2][status] GET https://cloudfunctions.googleapis.com/v1/operations/YXBpcGFzc2FnZS91cy1jZW50cmFsMS9zZWN1cml0eVNlYXJjaC8ySmpPcTU2NnZOOA 200
[debug] [2023-07-06T13:52:50.667Z] <<< [apiv2][body] GET https://cloudfunctions.googleapis.com/v1/operations/YXBpcGFzc2FnZS91cy1jZW50cmFsMS9zZWN1cml0eVNlYXJjaC8ySmpPcTU2NnZOOA {"name":"operations/YXBpcGFzc2FnZS91cy1jZW50cmFsMS9zZWN1cml0eVNlYXJjaC8ySmpPcTU2NnZOOA","metadata":{"@type":"type.googleapis.com/google.cloud.functions.v1.OperationMetadataV1","target":"projects/apipassage/locations/us-central1/functions/securitySearch","type":"UPDATE_FUNCTION","request":{"@type":"type.googleapis.com/google.cloud.functions.v1.CloudFunction","name":"projects/apipassage/locations/us-central1/functions/securitySearch","httpsTrigger":{"url":"https://us-central1-apipassage.cloudfunctions.net/securitySearch","securityLevel":"SECURE_ALWAYS"},"status":"ACTIVE","entryPoint":"securitySearch","timeout":"60s","availableMemoryMb":256,"serviceAccountEmail":"apipassage@appspot.gserviceaccount.com","updateTime":"2023-07-05T15:03:53.146Z","versionId":"1","labels":{"deployment-tool":"cli-firebase","firebase-functions-hash":"5584c359008e954678f486ba32b972cd75e38f28"},"sourceUploadUrl":"https://storage.googleapis.com/uploads-229093970397.us-central1.cloudfunctions.appspot.com/614af66e-0867-4ead-884c-b08ec2957f7a.zip?GoogleAccessId=service-256217368185@gcf-admin-robot.iam.gserviceaccount.com&Expires=1688653361&Signature=MwUMNlJmJiPpE9wj2xvGQoWD9N9m97vHXnXwJIEVvQR4VAabE5O373aq6OPmW%2BNQQeHFrLVoLpWEGNcTKpw14UVtRJnIYVBI5pKfeY0NFwYXLlOS4RThKhU5Pmj13u%2BITGQcHq7o1HpnY8SNq5Hhn6AEK4n0rqEvkJWBBwiFXIyee5zR9XMROEsdEGvac7DtXM7Fy0iOQaS7WOY4%2Bsf8zFUBMI4Mykddv7wgzhYJQE%2FXhb3vdLCWgfPnS1dQ%2FAwd1u6tN6WKu5HroF3%2BTPNvPGQZExeJwTbdUQ9E6qjXvC6tFvupBuALdF%2F6QZKTVcejkshnS7Pp6AZgZkJ%2B0ngBTA%3D%3D","environmentVariables":{"FIREBASE_CONFIG":"{\"projectId\":\"apipassage\",\"databaseURL\":\"https://apipassage-default-rtdb.firebaseio.com\",\"storageBucket\":\"apipassage.appspot.com\"}","GCLOUD_PROJECT":"apipassage","EVENTARC_CLOUD_EVENT_SOURCE":"projects/apipassage/locations/us-central1/functions/securitySearch"},"runtime":"nodejs14","ingressSettings":"ALLOW_ALL","buildId":"f1e68cfe-9838-4ae0-9ab0-dd287fd9f4e4","buildEnvironmentVariables":{"GOOGLE_NODE_RUN_SCRIPTS":""},"buildName":"projects/256217368185/locations/us-central1/builds/f1e68cfe-9838-4ae0-9ab0-dd287fd9f4e4","dockerRegistry":"ARTIFACT_REGISTRY"},"versionId":"7","updateTime":"2023-07-06T13:52:42Z","buildId":"55828e43-0c60-4cbc-bd48-94d06cab0056","buildName":"projects/256217368185/locations/us-central1/builds/55828e43-0c60-4cbc-bd48-94d06cab0056"}}
[debug] [2023-07-06T13:52:58.668Z] [update-default-us-central1-securitySearch] Retrying task index 0
[debug] [2023-07-06T13:52:58.670Z] >>> [apiv2][query] GET https://cloudfunctions.googleapis.com/v1/operations/YXBpcGFzc2FnZS91cy1jZW50cmFsMS9zZWN1cml0eVNlYXJjaC8ySmpPcTU2NnZOOA [none]
[debug] [2023-07-06T13:52:58.850Z] <<< [apiv2][status] GET https://cloudfunctions.googleapis.com/v1/operations/YXBpcGFzc2FnZS91cy1jZW50cmFsMS9zZWN1cml0eVNlYXJjaC8ySmpPcTU2NnZOOA 200
[debug] [2023-07-06T13:52:58.850Z] <<< [apiv2][body] GET https://cloudfunctions.googleapis.com/v1/operations/YXBpcGFzc2FnZS91cy1jZW50cmFsMS9zZWN1cml0eVNlYXJjaC8ySmpPcTU2NnZOOA {"name":"operations/YXBpcGFzc2FnZS91cy1jZW50cmFsMS9zZWN1cml0eVNlYXJjaC8ySmpPcTU2NnZOOA","metadata":{"@type":"type.googleapis.com/google.cloud.functions.v1.OperationMetadataV1","target":"projects/apipassage/locations/us-central1/functions/securitySearch","type":"UPDATE_FUNCTION","request":{"@type":"type.googleapis.com/google.cloud.functions.v1.CloudFunction","name":"projects/apipassage/locations/us-central1/functions/securitySearch","httpsTrigger":{"url":"https://us-central1-apipassage.cloudfunctions.net/securitySearch","securityLevel":"SECURE_ALWAYS"},"status":"ACTIVE","entryPoint":"securitySearch","timeout":"60s","availableMemoryMb":256,"serviceAccountEmail":"apipassage@appspot.gserviceaccount.com","updateTime":"2023-07-05T15:03:53.146Z","versionId":"1","labels":{"deployment-tool":"cli-firebase","firebase-functions-hash":"5584c359008e954678f486ba32b972cd75e38f28"},"sourceUploadUrl":"https://storage.googleapis.com/uploads-229093970397.us-central1.cloudfunctions.appspot.com/614af66e-0867-4ead-884c-b08ec2957f7a.zip?GoogleAccessId=service-256217368185@gcf-admin-robot.iam.gserviceaccount.com&Expires=1688653361&Signature=MwUMNlJmJiPpE9wj2xvGQoWD9N9m97vHXnXwJIEVvQR4VAabE5O373aq6OPmW%2BNQQeHFrLVoLpWEGNcTKpw14UVtRJnIYVBI5pKfeY0NFwYXLlOS4RThKhU5Pmj13u%2BITGQcHq7o1HpnY8SNq5Hhn6AEK4n0rqEvkJWBBwiFXIyee5zR9XMROEsdEGvac7DtXM7Fy0iOQaS7WOY4%2Bsf8zFUBMI4Mykddv7wgzhYJQE%2FXhb3vdLCWgfPnS1dQ%2FAwd1u6tN6WKu5HroF3%2BTPNvPGQZExeJwTbdUQ9E6qjXvC6tFvupBuALdF%2F6QZKTVcejkshnS7Pp6AZgZkJ%2B0ngBTA%3D%3D","environmentVariables":{"FIREBASE_CONFIG":"{\"projectId\":\"apipassage\",\"databaseURL\":\"https://apipassage-default-rtdb.firebaseio.com\",\"storageBucket\":\"apipassage.appspot.com\"}","GCLOUD_PROJECT":"apipassage","EVENTARC_CLOUD_EVENT_SOURCE":"projects/apipassage/locations/us-central1/functions/securitySearch"},"runtime":"nodejs14","ingressSettings":"ALLOW_ALL","buildId":"f1e68cfe-9838-4ae0-9ab0-dd287fd9f4e4","buildEnvironmentVariables":{"GOOGLE_NODE_RUN_SCRIPTS":""},"buildName":"projects/256217368185/locations/us-central1/builds/f1e68cfe-9838-4ae0-9ab0-dd287fd9f4e4","dockerRegistry":"ARTIFACT_REGISTRY"},"versionId":"7","updateTime":"2023-07-06T13:52:42Z","buildId":"55828e43-0c60-4cbc-bd48-94d06cab0056","buildName":"projects/256217368185/locations/us-central1/builds/55828e43-0c60-4cbc-bd48-94d06cab0056"}}
[debug] [2023-07-06T13:53:08.852Z] [update-default-us-central1-securitySearch] Retrying task index 0
[debug] [2023-07-06T13:53:08.853Z] >>> [apiv2][query] GET https://cloudfunctions.googleapis.com/v1/operations/YXBpcGFzc2FnZS91cy1jZW50cmFsMS9zZWN1cml0eVNlYXJjaC8ySmpPcTU2NnZOOA [none]
[debug] [2023-07-06T13:53:09.054Z] <<< [apiv2][status] GET https://cloudfunctions.googleapis.com/v1/operations/YXBpcGFzc2FnZS91cy1jZW50cmFsMS9zZWN1cml0eVNlYXJjaC8ySmpPcTU2NnZOOA 200
[debug] [2023-07-06T13:53:09.054Z] <<< [apiv2][body] GET https://cloudfunctions.googleapis.com/v1/operations/YXBpcGFzc2FnZS91cy1jZW50cmFsMS9zZWN1cml0eVNlYXJjaC8ySmpPcTU2NnZOOA {"name":"operations/YXBpcGFzc2FnZS91cy1jZW50cmFsMS9zZWN1cml0eVNlYXJjaC8ySmpPcTU2NnZOOA","metadata":{"@type":"type.googleapis.com/google.cloud.functions.v1.OperationMetadataV1","target":"projects/apipassage/locations/us-central1/functions/securitySearch","type":"UPDATE_FUNCTION","request":{"@type":"type.googleapis.com/google.cloud.functions.v1.CloudFunction","name":"projects/apipassage/locations/us-central1/functions/securitySearch","httpsTrigger":{"url":"https://us-central1-apipassage.cloudfunctions.net/securitySearch","securityLevel":"SECURE_ALWAYS"},"status":"ACTIVE","entryPoint":"securitySearch","timeout":"60s","availableMemoryMb":256,"serviceAccountEmail":"apipassage@appspot.gserviceaccount.com","updateTime":"2023-07-05T15:03:53.146Z","versionId":"1","labels":{"deployment-tool":"cli-firebase","firebase-functions-hash":"5584c359008e954678f486ba32b972cd75e38f28"},"sourceUploadUrl":"https://storage.googleapis.com/uploads-229093970397.us-central1.cloudfunctions.appspot.com/614af66e-0867-4ead-884c-b08ec2957f7a.zip?GoogleAccessId=service-256217368185@gcf-admin-robot.iam.gserviceaccount.com&Expires=1688653361&Signature=MwUMNlJmJiPpE9wj2xvGQoWD9N9m97vHXnXwJIEVvQR4VAabE5O373aq6OPmW%2BNQQeHFrLVoLpWEGNcTKpw14UVtRJnIYVBI5pKfeY0NFwYXLlOS4RThKhU5Pmj13u%2BITGQcHq7o1HpnY8SNq5Hhn6AEK4n0rqEvkJWBBwiFXIyee5zR9XMROEsdEGvac7DtXM7Fy0iOQaS7WOY4%2Bsf8zFUBMI4Mykddv7wgzhYJQE%2FXhb3vdLCWgfPnS1dQ%2FAwd1u6tN6WKu5HroF3%2BTPNvPGQZExeJwTbdUQ9E6qjXvC6tFvupBuALdF%2F6QZKTVcejkshnS7Pp6AZgZkJ%2B0ngBTA%3D%3D","environmentVariables":{"FIREBASE_CONFIG":"{\"projectId\":\"apipassage\",\"databaseURL\":\"https://apipassage-default-rtdb.firebaseio.com\",\"storageBucket\":\"apipassage.appspot.com\"}","GCLOUD_PROJECT":"apipassage","EVENTARC_CLOUD_EVENT_SOURCE":"projects/apipassage/locations/us-central1/functions/securitySearch"},"runtime":"nodejs14","ingressSettings":"ALLOW_ALL","buildId":"f1e68cfe-9838-4ae0-9ab0-dd287fd9f4e4","buildEnvironmentVariables":{"GOOGLE_NODE_RUN_SCRIPTS":""},"buildName":"projects/256217368185/locations/us-central1/builds/f1e68cfe-9838-4ae0-9ab0-dd287fd9f4e4","dockerRegistry":"ARTIFACT_REGISTRY"},"versionId":"7","updateTime":"2023-07-06T13:53:03Z","buildId":"55828e43-0c60-4cbc-bd48-94d06cab0056","buildName":"projects/256217368185/locations/us-central1/builds/55828e43-0c60-4cbc-bd48-94d06cab0056"},"done":true,"error":{"code":3,"message":"Build failed: npm ERR! Cannot read property 'axios' of undefined\n\nnpm ERR! A complete log of this run can be found in:\nnpm ERR!     /www-data-home/.npm/_logs/2023-07-06T13_52_58_067Z-debug.log; Error ID: beaf8772"}}
[debug] [2023-07-06T13:53:09.054Z] Got source token undefined for region us-central1
[error] Build failed: npm ERR! Cannot read property 'axios' of undefined

npm ERR! A complete log of this run can be found in:
npm ERR!     /www-data-home/.npm/_logs/2023-07-06T13_52_58_067Z-debug.log; Error ID: beaf8772
[debug] [2023-07-06T13:53:09.056Z] Total Function Deployment time: 26845
[debug] [2023-07-06T13:53:09.056Z] 1 Functions Deployed
[debug] [2023-07-06T13:53:09.056Z] 1 Functions Errored
[debug] [2023-07-06T13:53:09.056Z] 0 Function Deployments Aborted
[debug] [2023-07-06T13:53:09.056Z] Average Function Deployment time: 26845
[info] 
[info] Functions deploy had errors with the following functions:
	securitySearch(us-central1)
[debug] [2023-07-06T13:53:09.057Z] Not printing URL for HTTPS function. Typically this means it didn't match a filter or we failed deployment
[info] i  functions: cleaning up build files... 
[debug] [2023-07-06T13:53:09.058Z] >>> [apiv2][query] DELETE https://artifactregistry.googleapis.com/v1beta2/projects/apipassage/locations/us-central1/repositories/gcf-artifacts/packages/security_search [none]
[debug] [2023-07-06T13:53:09.058Z] >>> [apiv2][query] GET https://us.gcr.io/v2/apipassage/gcf/us-central1/tags/list [none]
[debug] [2023-07-06T13:53:09.260Z] <<< [apiv2][status] GET https://us.gcr.io/v2/apipassage/gcf/us-central1/tags/list 200
[debug] [2023-07-06T13:53:09.261Z] <<< [apiv2][body] GET https://us.gcr.io/v2/apipassage/gcf/us-central1/tags/list {"child":[],"manifest":{},"name":"apipassage/gcf/us-central1","tags":[]}
[debug] [2023-07-06T13:53:09.261Z] Could not find image for function projects/apipassage/locations/us-central1/functions/securitySearch
[debug] [2023-07-06T13:53:09.263Z] <<< [apiv2][status] DELETE https://artifactregistry.googleapis.com/v1beta2/projects/apipassage/locations/us-central1/repositories/gcf-artifacts/packages/security_search 404
[debug] [2023-07-06T13:53:09.263Z] <<< [apiv2][body] DELETE https://artifactregistry.googleapis.com/v1beta2/projects/apipassage/locations/us-central1/repositories/gcf-artifacts/packages/security_search {"error":{"code":404,"message":"Package \"projects/apipassage/locations/us-central1/repositories/gcf-artifacts/packages/security_search\" was not found.","status":"NOT_FOUND"}}
[debug] [2023-07-06T13:53:09.264Z] Functions deploy failed.
[debug] [2023-07-06T13:53:09.264Z] {
  "endpoint": {
    "id": "securitySearch",
    "project": "apipassage",
    "region": "us-central1",
    "entryPoint": "securitySearch",
    "platform": "gcfv1",
    "runtime": "nodejs14",
    "httpsTrigger": {},
    "environmentVariables": {
      "FIREBASE_CONFIG": "{\"projectId\":\"apipassage\",\"databaseURL\":\"https://apipassage-default-rtdb.firebaseio.com\",\"storageBucket\":\"apipassage.appspot.com\"}",
      "GCLOUD_PROJECT": "apipassage",
      "EVENTARC_CLOUD_EVENT_SOURCE": "projects/apipassage/locations/us-central1/functions/securitySearch"
    },
    "codebase": "default",
    "availableMemoryMb": 256,
    "securityLevel": "SECURE_ALWAYS",
    "targetedByOnly": false,
    "hash": "5584c359008e954678f486ba32b972cd75e38f28",
    "labels": {
      "deployment-tool": "cli-firebase"
    }
  },
  "op": "update",
  "original": {
    "name": "FirebaseError",
    "children": [],
    "exit": 1,
    "message": "Build failed: npm ERR! Cannot read property 'axios' of undefined\n\nnpm ERR! A complete log of this run can be found in:\nnpm ERR!     /www-data-home/.npm/_logs/2023-07-06T13_52_58_067Z-debug.log; Error ID: beaf8772",
    "status": 3
  }
}
[debug] [2023-07-06T13:53:09.264Z] Error: Failed to update function securitySearch in region us-central1
    at /Users/tyler/git/apipassage/node_modules/firebase-tools/lib/deploy/functions/release/fabricator.js:49:11
    at process.processTicksAndRejections (node:internal/process/task_queues:95:5)
    at async Fabricator.updateV1Function (/Users/tyler/git/apipassage/node_modules/firebase-tools/lib/deploy/functions/release/fabricator.js:330:32)
    at async Fabricator.updateEndpoint (/Users/tyler/git/apipassage/node_modules/firebase-tools/lib/deploy/functions/release/fabricator.js:148:13)
    at async handle (/Users/tyler/git/apipassage/node_modules/firebase-tools/lib/deploy/functions/release/fabricator.js:86:17)
[error] 
[error] Error: There was an error deploying functions
