[debug] [2023-07-06T00:10:15.164Z] ----------------------------------------------------------------------
[debug] [2023-07-06T00:10:15.165Z] Command:       /opt/homebrew/Cellar/node/20.3.1_1/bin/node /Users/tyler/git/apipassage/node_modules/.bin/firebase deploy
[debug] [2023-07-06T00:10:15.166Z] CLI Version:   12.2.1
[debug] [2023-07-06T00:10:15.166Z] Platform:      darwin
[debug] [2023-07-06T00:10:15.166Z] Node Version:  v20.3.1
[debug] [2023-07-06T00:10:15.166Z] Time:          Wed Jul 05 2023 19:10:15 GMT-0500 (Central Daylight Time)
[debug] [2023-07-06T00:10:15.166Z] ----------------------------------------------------------------------
[debug] 
[debug] [2023-07-06T00:10:15.206Z] > command requires scopes: ["email","openid","https://www.googleapis.com/auth/cloudplatformprojects.readonly","https://www.googleapis.com/auth/firebase","https://www.googleapis.com/auth/cloud-platform"]
[debug] [2023-07-06T00:10:15.206Z] > authorizing via signed-in user (tyler@mellasa.com)
[debug] [2023-07-06T00:10:15.206Z] [iam] checking project apipassage for permissions ["cloudfunctions.functions.create","cloudfunctions.functions.delete","cloudfunctions.functions.get","cloudfunctions.functions.list","cloudfunctions.functions.update","cloudfunctions.operations.get","datastore.indexes.create","datastore.indexes.delete","datastore.indexes.list","datastore.indexes.update","firebase.projects.get","firebasehosting.sites.update"]
[debug] [2023-07-06T00:10:15.207Z] > refreshing access token with scopes: []
[debug] [2023-07-06T00:10:15.208Z] >>> [apiv2][query] POST https://www.googleapis.com/oauth2/v3/token [none]
[debug] [2023-07-06T00:10:15.208Z] >>> [apiv2][body] POST https://www.googleapis.com/oauth2/v3/token [omitted]
[debug] [2023-07-06T00:10:15.538Z] <<< [apiv2][status] POST https://www.googleapis.com/oauth2/v3/token 200
[debug] [2023-07-06T00:10:15.538Z] <<< [apiv2][body] POST https://www.googleapis.com/oauth2/v3/token [omitted]
[debug] [2023-07-06T00:10:15.555Z] >>> [apiv2][query] POST https://cloudresourcemanager.googleapis.com/v1/projects/apipassage:testIamPermissions [none]
[debug] [2023-07-06T00:10:15.555Z] >>> [apiv2][(partial)header] POST https://cloudresourcemanager.googleapis.com/v1/projects/apipassage:testIamPermissions x-goog-quota-user=projects/apipassage
[debug] [2023-07-06T00:10:15.555Z] >>> [apiv2][body] POST https://cloudresourcemanager.googleapis.com/v1/projects/apipassage:testIamPermissions {"permissions":["cloudfunctions.functions.create","cloudfunctions.functions.delete","cloudfunctions.functions.get","cloudfunctions.functions.list","cloudfunctions.functions.update","cloudfunctions.operations.get","datastore.indexes.create","datastore.indexes.delete","datastore.indexes.list","datastore.indexes.update","firebase.projects.get","firebasehosting.sites.update"]}
[debug] [2023-07-06T00:10:15.830Z] <<< [apiv2][status] POST https://cloudresourcemanager.googleapis.com/v1/projects/apipassage:testIamPermissions 200
[debug] [2023-07-06T00:10:15.830Z] <<< [apiv2][body] POST https://cloudresourcemanager.googleapis.com/v1/projects/apipassage:testIamPermissions {"permissions":["cloudfunctions.functions.create","cloudfunctions.functions.delete","cloudfunctions.functions.get","cloudfunctions.functions.list","cloudfunctions.functions.update","cloudfunctions.operations.get","datastore.indexes.create","datastore.indexes.delete","datastore.indexes.list","datastore.indexes.update","firebase.projects.get","firebasehosting.sites.update"]}
[debug] [2023-07-06T00:10:15.830Z] >>> [apiv2][query] POST https://iam.googleapis.com/v1/projects/apipassage/serviceAccounts/apipassage@appspot.gserviceaccount.com:testIamPermissions [none]
[debug] [2023-07-06T00:10:15.830Z] >>> [apiv2][body] POST https://iam.googleapis.com/v1/projects/apipassage/serviceAccounts/apipassage@appspot.gserviceaccount.com:testIamPermissions {"permissions":["iam.serviceAccounts.actAs"]}
[debug] [2023-07-06T00:10:16.060Z] <<< [apiv2][status] POST https://iam.googleapis.com/v1/projects/apipassage/serviceAccounts/apipassage@appspot.gserviceaccount.com:testIamPermissions 200
[debug] [2023-07-06T00:10:16.060Z] <<< [apiv2][body] POST https://iam.googleapis.com/v1/projects/apipassage/serviceAccounts/apipassage@appspot.gserviceaccount.com:testIamPermissions {"permissions":["iam.serviceAccounts.actAs"]}
[debug] [2023-07-06T00:10:16.062Z] >>> [apiv2][query] GET https://firebase.googleapis.com/v1beta1/projects/apipassage [none]
[debug] [2023-07-06T00:10:16.327Z] <<< [apiv2][status] GET https://firebase.googleapis.com/v1beta1/projects/apipassage 200
[debug] [2023-07-06T00:10:16.327Z] <<< [apiv2][body] GET https://firebase.googleapis.com/v1beta1/projects/apipassage {"projectId":"apipassage","projectNumber":"256217368185","displayName":"apipassage","name":"projects/apipassage","resources":{"hostingSite":"apipassage","realtimeDatabaseInstance":"apipassage-default-rtdb"},"state":"ACTIVE","etag":"1_a6abe54b-a99f-44dd-ad24-04cefb5900b5"}
[info] 
[info] === Deploying to 'apipassage'...
[info] 
[info] i  deploying firestore, functions, hosting 
[info] Running command: npm --prefix "$RESOURCE_DIR" run build
[info] ✔  functions: Finished running predeploy script. 
[info] i  cloud.firestore: checking firestore.rules for compilation errors... 
[debug] [2023-07-06T00:10:17.319Z] >>> [apiv2][query] POST https://firebaserules.googleapis.com/v1/projects/apipassage:test [none]
[debug] [2023-07-06T00:10:17.319Z] >>> [apiv2][body] POST https://firebaserules.googleapis.com/v1/projects/apipassage:test [omitted]
[debug] [2023-07-06T00:10:17.565Z] <<< [apiv2][status] POST https://firebaserules.googleapis.com/v1/projects/apipassage:test 200
[debug] [2023-07-06T00:10:17.565Z] <<< [apiv2][body] POST https://firebaserules.googleapis.com/v1/projects/apipassage:test {}
[info] ✔  cloud.firestore: rules file firestore.rules compiled successfully 
[debug] [2023-07-06T00:10:17.566Z] >>> [apiv2][query] GET https://firebase.googleapis.com/v1beta1/projects/apipassage [none]
[debug] [2023-07-06T00:10:17.682Z] <<< [apiv2][status] GET https://firebase.googleapis.com/v1beta1/projects/apipassage 200
[debug] [2023-07-06T00:10:17.682Z] <<< [apiv2][body] GET https://firebase.googleapis.com/v1beta1/projects/apipassage {"projectId":"apipassage","projectNumber":"256217368185","displayName":"apipassage","name":"projects/apipassage","resources":{"hostingSite":"apipassage","realtimeDatabaseInstance":"apipassage-default-rtdb"},"state":"ACTIVE","etag":"1_a6abe54b-a99f-44dd-ad24-04cefb5900b5"}
[info] i  functions: preparing codebase default for deployment 
[info] i  functions: ensuring required API cloudfunctions.googleapis.com is enabled... 
[info] i  functions: ensuring required API cloudbuild.googleapis.com is enabled... 
[info] i  artifactregistry: ensuring required API artifactregistry.googleapis.com is enabled... 
[debug] [2023-07-06T00:10:17.684Z] >>> [apiv2][query] GET https://serviceusage.googleapis.com/v1/projects/apipassage/services/cloudfunctions.googleapis.com [none]
[debug] [2023-07-06T00:10:17.684Z] >>> [apiv2][(partial)header] GET https://serviceusage.googleapis.com/v1/projects/apipassage/services/cloudfunctions.googleapis.com x-goog-quota-user=projects/apipassage
[debug] [2023-07-06T00:10:17.685Z] >>> [apiv2][query] GET https://serviceusage.googleapis.com/v1/projects/apipassage/services/runtimeconfig.googleapis.com [none]
[debug] [2023-07-06T00:10:17.685Z] >>> [apiv2][(partial)header] GET https://serviceusage.googleapis.com/v1/projects/apipassage/services/runtimeconfig.googleapis.com x-goog-quota-user=projects/apipassage
[debug] [2023-07-06T00:10:17.685Z] >>> [apiv2][query] GET https://serviceusage.googleapis.com/v1/projects/apipassage/services/cloudbuild.googleapis.com [none]
[debug] [2023-07-06T00:10:17.686Z] >>> [apiv2][(partial)header] GET https://serviceusage.googleapis.com/v1/projects/apipassage/services/cloudbuild.googleapis.com x-goog-quota-user=projects/apipassage
[debug] [2023-07-06T00:10:17.686Z] >>> [apiv2][query] GET https://serviceusage.googleapis.com/v1/projects/apipassage/services/artifactregistry.googleapis.com [none]
[debug] [2023-07-06T00:10:17.686Z] >>> [apiv2][(partial)header] GET https://serviceusage.googleapis.com/v1/projects/apipassage/services/artifactregistry.googleapis.com x-goog-quota-user=projects/apipassage
[debug] [2023-07-06T00:10:18.047Z] <<< [apiv2][status] GET https://serviceusage.googleapis.com/v1/projects/apipassage/services/runtimeconfig.googleapis.com 200
[debug] [2023-07-06T00:10:18.047Z] <<< [apiv2][body] GET https://serviceusage.googleapis.com/v1/projects/apipassage/services/runtimeconfig.googleapis.com [omitted]
[debug] [2023-07-06T00:10:18.079Z] <<< [apiv2][status] GET https://serviceusage.googleapis.com/v1/projects/apipassage/services/artifactregistry.googleapis.com 200
[debug] [2023-07-06T00:10:18.079Z] <<< [apiv2][body] GET https://serviceusage.googleapis.com/v1/projects/apipassage/services/artifactregistry.googleapis.com [omitted]
[warn] ⚠  artifactregistry: missing required API artifactregistry.googleapis.com. Enabling now... 
[debug] [2023-07-06T00:10:18.080Z] >>> [apiv2][query] POST https://serviceusage.googleapis.com/v1/projects/apipassage/services/artifactregistry.googleapis.com:enable [none]
[debug] [2023-07-06T00:10:18.080Z] >>> [apiv2][(partial)header] POST https://serviceusage.googleapis.com/v1/projects/apipassage/services/artifactregistry.googleapis.com:enable x-goog-quota-user=projects/apipassage
[debug] [2023-07-06T00:10:18.084Z] <<< [apiv2][status] GET https://serviceusage.googleapis.com/v1/projects/apipassage/services/cloudfunctions.googleapis.com 200
[debug] [2023-07-06T00:10:18.084Z] <<< [apiv2][body] GET https://serviceusage.googleapis.com/v1/projects/apipassage/services/cloudfunctions.googleapis.com [omitted]
[info] ✔  functions: required API cloudfunctions.googleapis.com is enabled 
[debug] [2023-07-06T00:10:18.130Z] <<< [apiv2][status] GET https://serviceusage.googleapis.com/v1/projects/apipassage/services/cloudbuild.googleapis.com 200
[debug] [2023-07-06T00:10:18.130Z] <<< [apiv2][body] GET https://serviceusage.googleapis.com/v1/projects/apipassage/services/cloudbuild.googleapis.com [omitted]
[info] ✔  functions: required API cloudbuild.googleapis.com is enabled 
[debug] [2023-07-06T00:10:18.534Z] <<< [apiv2][status] POST https://serviceusage.googleapis.com/v1/projects/apipassage/services/artifactregistry.googleapis.com:enable 200
[debug] [2023-07-06T00:10:18.534Z] <<< [apiv2][body] POST https://serviceusage.googleapis.com/v1/projects/apipassage/services/artifactregistry.googleapis.com:enable [omitted]
[debug] [2023-07-06T00:10:28.538Z] >>> [apiv2][query] GET https://serviceusage.googleapis.com/v1/projects/apipassage/services/artifactregistry.googleapis.com [none]
[debug] [2023-07-06T00:10:28.539Z] >>> [apiv2][(partial)header] GET https://serviceusage.googleapis.com/v1/projects/apipassage/services/artifactregistry.googleapis.com x-goog-quota-user=projects/apipassage
[debug] [2023-07-06T00:10:28.892Z] <<< [apiv2][status] GET https://serviceusage.googleapis.com/v1/projects/apipassage/services/artifactregistry.googleapis.com 200
[debug] [2023-07-06T00:10:28.892Z] <<< [apiv2][body] GET https://serviceusage.googleapis.com/v1/projects/apipassage/services/artifactregistry.googleapis.com [omitted]
[info] ✔  artifactregistry: required API artifactregistry.googleapis.com is enabled 
[debug] [2023-07-06T00:10:28.894Z] >>> [apiv2][query] GET https://firebase.googleapis.com/v1beta1/projects/apipassage/adminSdkConfig [none]
[debug] [2023-07-06T00:10:29.127Z] <<< [apiv2][status] GET https://firebase.googleapis.com/v1beta1/projects/apipassage/adminSdkConfig 200
[debug] [2023-07-06T00:10:29.128Z] <<< [apiv2][body] GET https://firebase.googleapis.com/v1beta1/projects/apipassage/adminSdkConfig {"projectId":"apipassage","databaseURL":"https://apipassage-default-rtdb.firebaseio.com","storageBucket":"apipassage.appspot.com"}
[debug] [2023-07-06T00:10:29.129Z] >>> [apiv2][query] GET https://runtimeconfig.googleapis.com/v1beta1/projects/apipassage/configs [none]
[debug] [2023-07-06T00:10:29.384Z] <<< [apiv2][status] GET https://runtimeconfig.googleapis.com/v1beta1/projects/apipassage/configs 200
[debug] [2023-07-06T00:10:29.384Z] <<< [apiv2][body] GET https://runtimeconfig.googleapis.com/v1beta1/projects/apipassage/configs {}
[debug] [2023-07-06T00:10:29.389Z] Validating nodejs source
[warn] ⚠  functions: package.json indicates an outdated version of firebase-functions. Please upgrade using npm install --save firebase-functions@latest in your functions directory. 
[warn] ⚠  functions: Please note that there will be breaking changes when you upgrade. 
[debug] [2023-07-06T00:10:29.960Z] > [functions] package.json contents: {
  "name": "functions",
  "scripts": {
    "lint": "eslint --ext .js,.ts .",
    "build": "tsc",
    "serve": "npm run build && firebase emulators:start --only functions",
    "shell": "npm run build && firebase functions:shell",
    "start": "npm run shell",
    "deploy": "firebase deploy --only functions",
    "logs": "firebase functions:log"
  },
  "engines": {
    "node": "14"
  },
  "main": "lib/index.js",
  "dependencies": {
    "@types/lru-cache": "^5.1.1",
    "axios": "^0.24.0",
    "cors": "^2.8.5",
    "eslint-config-prettier": "^8.3.0",
    "eslint-plugin-prettier": "^4.0.0",
    "firebase-admin": "^9.8.0",
    "firebase-functions": "^3.16.0",
    "node-ipinfo": "^3.0.1"
  },
  "devDependencies": {
    "@types/node": "^16.10.2",
    "@typescript-eslint/eslint-plugin": "^3.9.1",
    "@typescript-eslint/parser": "^3.8.0",
    "eslint": "^7.6.0",
    "eslint-config-google": "^0.14.0",
    "eslint-plugin-import": "^2.22.0",
    "firebase-functions-test": "^0.2.0",
    "typescript": "^5.1.6"
  },
  "private": true
}
[debug] [2023-07-06T00:10:29.960Z] Building nodejs source
[debug] [2023-07-06T00:10:29.961Z] Could not find functions.yaml. Must use http discovery
[debug] [2023-07-06T00:10:29.970Z] Found firebase-functions binary at '/Users/tyler/git/apipassage/functions/node_modules/.bin/firebase-functions'
[debug] [2023-07-06T00:10:30.085Z] Serving at port 8692

[debug] [2023-07-06T00:10:30.133Z] Got response from /__/functions.yaml {"endpoints":{"securitySearch":{"platform":"gcfv1","httpsTrigger":{},"entryPoint":"securitySearch"}},"specVersion":"v1alpha1","requiredAPIs":[]}
[debug] [2023-07-06T00:10:30.136Z] shutdown requested via /__/quitquitquit

[info] i  functions: preparing functions directory for uploading... 
[info] i  functions: packaged /Users/tyler/git/apipassage/functions (61.92 KB) for uploading 
[debug] [2023-07-06T00:10:30.168Z] >>> [apiv2][query] GET https://cloudfunctions.googleapis.com/v1/projects/apipassage/locations/-/functions [none]
[debug] [2023-07-06T00:10:30.716Z] <<< [apiv2][status] GET https://cloudfunctions.googleapis.com/v1/projects/apipassage/locations/-/functions 200
[debug] [2023-07-06T00:10:30.716Z] <<< [apiv2][body] GET https://cloudfunctions.googleapis.com/v1/projects/apipassage/locations/-/functions {"functions":[{"name":"projects/apipassage/locations/us-central1/functions/securitySearch","httpsTrigger":{"url":"https://us-central1-apipassage.cloudfunctions.net/securitySearch","securityLevel":"SECURE_ALWAYS"},"status":"ACTIVE","entryPoint":"securitySearch","timeout":"60s","availableMemoryMb":256,"serviceAccountEmail":"apipassage@appspot.gserviceaccount.com","updateTime":"2023-07-05T15:03:53.146Z","versionId":"1","labels":{"deployment-tool":"cli-firebase"},"sourceUploadUrl":"https://storage.googleapis.com/uploads-229093970397.us-central1.cloudfunctions.appspot.com/19ba6a3a-c7f0-4d19-a91e-8facd9aae8f5.zip","environmentVariables":{"FIREBASE_CONFIG":"{\"projectId\":\"apipassage\",\"databaseURL\":\"https://apipassage-default-rtdb.firebaseio.com\",\"storageBucket\":\"apipassage.appspot.com\"}","GCLOUD_PROJECT":"apipassage"},"runtime":"nodejs14","ingressSettings":"ALLOW_ALL","buildId":"f1e68cfe-9838-4ae0-9ab0-dd287fd9f4e4","buildName":"projects/256217368185/locations/us-central1/builds/f1e68cfe-9838-4ae0-9ab0-dd287fd9f4e4","dockerRegistry":"CONTAINER_REGISTRY"}]}
[debug] [2023-07-06T00:10:30.721Z] >>> [apiv2][query] GET https://cloudfunctions.googleapis.com/v2/projects/apipassage/locations/-/functions filter=environment%3D%22GEN_2%22
[debug] [2023-07-06T00:10:31.109Z] <<< [apiv2][status] GET https://cloudfunctions.googleapis.com/v2/projects/apipassage/locations/-/functions 200
[debug] [2023-07-06T00:10:31.110Z] <<< [apiv2][body] GET https://cloudfunctions.googleapis.com/v2/projects/apipassage/locations/-/functions {}
[debug] [2023-07-06T00:10:31.115Z] >>> [apiv2][query] GET https://firebase.googleapis.com/v1beta1/projects/apipassage [none]
[debug] [2023-07-06T00:10:31.221Z] <<< [apiv2][status] GET https://firebase.googleapis.com/v1beta1/projects/apipassage 200
[debug] [2023-07-06T00:10:31.221Z] <<< [apiv2][body] GET https://firebase.googleapis.com/v1beta1/projects/apipassage {"projectId":"apipassage","projectNumber":"256217368185","displayName":"apipassage","name":"projects/apipassage","resources":{"hostingSite":"apipassage","realtimeDatabaseInstance":"apipassage-default-rtdb"},"state":"ACTIVE","etag":"1_a6abe54b-a99f-44dd-ad24-04cefb5900b5"}
[debug] [2023-07-06T00:10:31.224Z] >>> [apiv2][query] POST https://firebasehosting.googleapis.com/v1beta1/projects/-/sites/apipassage/versions [none]
[debug] [2023-07-06T00:10:31.224Z] >>> [apiv2][body] POST https://firebasehosting.googleapis.com/v1beta1/projects/-/sites/apipassage/versions {"status":"CREATED","labels":{"deployment-tool":"cli-firebase"}}
[debug] [2023-07-06T00:10:31.834Z] <<< [apiv2][status] POST https://firebasehosting.googleapis.com/v1beta1/projects/-/sites/apipassage/versions 200
[debug] [2023-07-06T00:10:31.834Z] <<< [apiv2][body] POST https://firebasehosting.googleapis.com/v1beta1/projects/-/sites/apipassage/versions {"name":"projects/256217368185/sites/apipassage/versions/293e48836573d45e","status":"CREATED","config":{},"labels":{"deployment-tool":"cli-firebase"}}
[info] i  firestore: deploying indexes... 
[debug] [2023-07-06T00:10:31.838Z] >>> [apiv2][query] GET https://firebaserules.googleapis.com/v1/projects/apipassage/releases pageSize=10&pageToken=
[debug] [2023-07-06T00:10:32.058Z] <<< [apiv2][status] GET https://firebaserules.googleapis.com/v1/projects/apipassage/releases 200
[debug] [2023-07-06T00:10:32.059Z] <<< [apiv2][body] GET https://firebaserules.googleapis.com/v1/projects/apipassage/releases {"releases":[{"name":"projects/apipassage/releases/cloud.firestore","rulesetName":"projects/apipassage/rulesets/9918fe8f-4319-4f11-9cf3-3753b34e45e9","createTime":"2023-06-26T15:50:24.387265Z","updateTime":"2023-07-05T15:02:14.971587Z"}]}
[debug] [2023-07-06T00:10:32.060Z] >>> [apiv2][query] GET https://firebaserules.googleapis.com/v1/projects/apipassage/rulesets/9918fe8f-4319-4f11-9cf3-3753b34e45e9 [none]
[debug] [2023-07-06T00:10:32.149Z] <<< [apiv2][status] GET https://firebaserules.googleapis.com/v1/projects/apipassage/rulesets/9918fe8f-4319-4f11-9cf3-3753b34e45e9 200
[debug] [2023-07-06T00:10:32.149Z] <<< [apiv2][body] GET https://firebaserules.googleapis.com/v1/projects/apipassage/rulesets/9918fe8f-4319-4f11-9cf3-3753b34e45e9 [omitted]
[info] i  firestore: latest version of firestore.rules already up to date, skipping upload... 
[debug] [2023-07-06T00:10:32.154Z] >>> [apiv2][query] POST https://cloudfunctions.googleapis.com/v1/projects/apipassage/locations/us-central1/functions:generateUploadUrl [none]
[debug] [2023-07-06T00:10:32.154Z] >>> [apiv2][body] POST https://cloudfunctions.googleapis.com/v1/projects/apipassage/locations/us-central1/functions:generateUploadUrl {}
[debug] [2023-07-06T00:10:32.519Z] <<< [apiv2][status] POST https://cloudfunctions.googleapis.com/v1/projects/apipassage/locations/us-central1/functions:generateUploadUrl 200
[debug] [2023-07-06T00:10:32.520Z] <<< [apiv2][body] POST https://cloudfunctions.googleapis.com/v1/projects/apipassage/locations/us-central1/functions:generateUploadUrl {"uploadUrl":"https://storage.googleapis.com/uploads-229093970397.us-central1.cloudfunctions.appspot.com/8920f681-6dde-4f01-9cb1-ce9dc068b21b.zip?GoogleAccessId=service-256217368185@gcf-admin-robot.iam.gserviceaccount.com&Expires=1688604032&Signature=AGCmGkV6%2Bt764avf1X4h5oTH34WyrvpyFPMABxcXJaNKQ0CvXrTpQZVHsvzseoFoeUM9nywzrRNIDZMfboog%2Byvj4qAp4eiBu5Wf6X53xIMD7rrj5zAGidVJMKPbAK58tkeJ839C2MWeZduEgFTusOFjm0W7G711hiJs8qjlacF6BmdT2n0WjG2y5Hf5qjXKTH6k%2FIuipfLfFg4nzLj%2FJ%2BAPKOl6KbkhG1PCo9ls9o119PxYLRbNCru%2FhJvnYi9ahgYXPSGfiUGpcUGJjKhzL7R2utN%2F%2BoppXzXXWWCnKBS5sSxaySLoq4sTat3pqyvd%2BB4rB7MawCWxYrlpZmLUGg%3D%3D"}
[debug] [2023-07-06T00:10:32.525Z] >>> [apiv2][query] PUT https://storage.googleapis.com/uploads-229093970397.us-central1.cloudfunctions.appspot.com/8920f681-6dde-4f01-9cb1-ce9dc068b21b.zip GoogleAccessId=service-256217368185%40gcf-admin-robot.iam.gserviceaccount.com&Expires=1688604032&Signature=AGCmGkV6%2Bt764avf1X4h5oTH34WyrvpyFPMABxcXJaNKQ0CvXrTpQZVHsvzseoFoeUM9nywzrRNIDZMfboog%2Byvj4qAp4eiBu5Wf6X53xIMD7rrj5zAGidVJMKPbAK58tkeJ839C2MWeZduEgFTusOFjm0W7G711hiJs8qjlacF6BmdT2n0WjG2y5Hf5qjXKTH6k%2FIuipfLfFg4nzLj%2FJ%2BAPKOl6KbkhG1PCo9ls9o119PxYLRbNCru%2FhJvnYi9ahgYXPSGfiUGpcUGJjKhzL7R2utN%2F%2BoppXzXXWWCnKBS5sSxaySLoq4sTat3pqyvd%2BB4rB7MawCWxYrlpZmLUGg%3D%3D
[debug] [2023-07-06T00:10:32.525Z] >>> [apiv2][body] PUT https://storage.googleapis.com/uploads-229093970397.us-central1.cloudfunctions.appspot.com/8920f681-6dde-4f01-9cb1-ce9dc068b21b.zip [stream]
[debug] [2023-07-06T00:10:32.880Z] <<< [apiv2][status] PUT https://storage.googleapis.com/uploads-229093970397.us-central1.cloudfunctions.appspot.com/8920f681-6dde-4f01-9cb1-ce9dc068b21b.zip 200
[debug] [2023-07-06T00:10:32.880Z] <<< [apiv2][body] PUT https://storage.googleapis.com/uploads-229093970397.us-central1.cloudfunctions.appspot.com/8920f681-6dde-4f01-9cb1-ce9dc068b21b.zip [omitted]
[info] ✔  functions: functions folder uploaded successfully 
[info] i  hosting[apipassage]: beginning deploy... 
[info] i  hosting[apipassage]: found 20 files in build 
[debug] [2023-07-06T00:10:32.893Z] [hosting] uploading with 200 concurrency
[debug] [2023-07-06T00:10:33.451Z] [hosting] hash cache [YnVpbGQ] stored for 20 files
[debug] [2023-07-06T00:10:33.451Z] [hosting][hash queue][FINAL] {"max":552,"min":3,"avg":33.8,"active":0,"complete":20,"success":20,"errored":0,"retried":0,"total":20,"elapsed":556}
[debug] [2023-07-06T00:10:33.451Z] >>> [apiv2][query] POST https://firebasehosting.googleapis.com/v1beta1/projects/256217368185/sites/apipassage/versions/293e48836573d45e:populateFiles [none]
[debug] [2023-07-06T00:10:33.451Z] >>> [apiv2][body] POST https://firebasehosting.googleapis.com/v1beta1/projects/256217368185/sites/apipassage/versions/293e48836573d45e:populateFiles {"files":{"/asset-manifest.json":"18a0248e7a2e69149d5c11e32115613a49d7fa67cc622f845bc56c07d223278b","/index.html":"55ea571f61e43b5bddb633e3e0e2289c29f00589f566285c71a5168c9d5a3f65","/manifest.json":"7a5c487812a09947d9c0b466e2aec4ce79bf247c715929f85ef1ef33a52fd3fc","/favicon.ico":"b72f7455f00e4e58792d2bca892abb068e2213838c0316d6b7a0d6d16acd1955","/robots.txt":"391d14b3c2f8c9143a27a28c7399585142228d4d1bdbe2c87ac946de411fa9a2","/purple-logo.svg":"1f51fe5e9c18b749d0ac5ab3cdf3194e5d43a0b11aae3ed4dac4e65f01696bbc","/transparent-logo.svg":"e1f37c6e43b0b224deb5b866c960dac3b59cb7043ede1d74a205734d04ad4056","/static/css/main.fbd8cc39.css":"750af69deb065843021447fecbe8fec4da084c8f1738e8cbf69a9a82845ec6f2","/purple-simple.svg":"371d4c60a332f702cd483f4c6d910ee1e5362b8ceb0865ed92bf438207d6469f","/transparent-big.svg":"83570854ff07c48775e67139159622b5178ff4b7983f9b8c3e1d01dd081d00b1","/static/css/main.fbd8cc39.css.map":"11bfa94b4a8d203de98f2227b6665e8277601f30a4678b6031716eab83b6661b","/purple-big.svg":"dd0de1be0d3172895dbb99580f5dcdefb5707ce1708d346942c4277d7f72f4de","/static/js/787.28297b30.chunk.js":"9297f89d317a8b720ac459fcebcfcd8ed655aa567b85aede3b3ad2d1c78f7c68","/transparent-simple.svg":"9a9a3c29af6a8d903187a3c5394484b8b7a1f322e44b5b1a8425cf3d62cf21f8","/static/js/main.45fce30a.js.LICENSE.txt":"b1e66b6fd4c61f1be77ff188991fe609ceb921e74dee4fad3b3e6192d3a3f99d","/static/media/slim-logo-with-name.29d17746f3cd4694ec6794d9dae4777f.svg":"135ea434a2c4e0ed20cd0714d178cddc1a2d87084ea117f0d1d3aacb3a190355","/static/media/transparent-logo.869ff373c03a3a001c56c129e437f49a.svg":"e1f37c6e43b0b224deb5b866c960dac3b59cb7043ede1d74a205734d04ad4056","/static/js/787.28297b30.chunk.js.map":"8a32bd81778bd4b1cacc9ce2256a52f5ba463320734c6985ef82c103d951e3a2","/static/js/main.45fce30a.js":"f1e2e6f658bef6392c42ec228c3b8ff169315fc1b67be35d4363b8151900e23e","/static/js/main.45fce30a.js.map":"a729af9b7c61731440d0acad2aed276c0fc45f87642b851dd9ff9c2529202d03"}}
[debug] [2023-07-06T00:10:33.613Z] <<< [apiv2][status] POST https://firebasehosting.googleapis.com/v1beta1/projects/256217368185/sites/apipassage/versions/293e48836573d45e:populateFiles 200
[debug] [2023-07-06T00:10:33.613Z] <<< [apiv2][body] POST https://firebasehosting.googleapis.com/v1beta1/projects/256217368185/sites/apipassage/versions/293e48836573d45e:populateFiles {"uploadRequiredHashes":["55ea571f61e43b5bddb633e3e0e2289c29f00589f566285c71a5168c9d5a3f65","f1e2e6f658bef6392c42ec228c3b8ff169315fc1b67be35d4363b8151900e23e","a729af9b7c61731440d0acad2aed276c0fc45f87642b851dd9ff9c2529202d03","18a0248e7a2e69149d5c11e32115613a49d7fa67cc622f845bc56c07d223278b"],"uploadUrl":"https://upload-firebasehosting.googleapis.com/upload/sites/apipassage/versions/293e48836573d45e/files"}
[debug] [2023-07-06T00:10:33.614Z] >>> [apiv2][query] POST https://upload-firebasehosting.googleapis.com/upload/sites/apipassage/versions/293e48836573d45e/files/55ea571f61e43b5bddb633e3e0e2289c29f00589f566285c71a5168c9d5a3f65 [none]
[debug] [2023-07-06T00:10:33.614Z] >>> [apiv2][body] POST https://upload-firebasehosting.googleapis.com/upload/sites/apipassage/versions/293e48836573d45e/files/55ea571f61e43b5bddb633e3e0e2289c29f00589f566285c71a5168c9d5a3f65 [stream]
[debug] [2023-07-06T00:10:33.615Z] >>> [apiv2][query] POST https://upload-firebasehosting.googleapis.com/upload/sites/apipassage/versions/293e48836573d45e/files/f1e2e6f658bef6392c42ec228c3b8ff169315fc1b67be35d4363b8151900e23e [none]
[debug] [2023-07-06T00:10:33.615Z] >>> [apiv2][body] POST https://upload-firebasehosting.googleapis.com/upload/sites/apipassage/versions/293e48836573d45e/files/f1e2e6f658bef6392c42ec228c3b8ff169315fc1b67be35d4363b8151900e23e [stream]
[debug] [2023-07-06T00:10:33.616Z] >>> [apiv2][query] POST https://upload-firebasehosting.googleapis.com/upload/sites/apipassage/versions/293e48836573d45e/files/a729af9b7c61731440d0acad2aed276c0fc45f87642b851dd9ff9c2529202d03 [none]
[debug] [2023-07-06T00:10:33.616Z] >>> [apiv2][body] POST https://upload-firebasehosting.googleapis.com/upload/sites/apipassage/versions/293e48836573d45e/files/a729af9b7c61731440d0acad2aed276c0fc45f87642b851dd9ff9c2529202d03 [stream]
[debug] [2023-07-06T00:10:33.617Z] >>> [apiv2][query] POST https://upload-firebasehosting.googleapis.com/upload/sites/apipassage/versions/293e48836573d45e/files/18a0248e7a2e69149d5c11e32115613a49d7fa67cc622f845bc56c07d223278b [none]
[debug] [2023-07-06T00:10:33.617Z] >>> [apiv2][body] POST https://upload-firebasehosting.googleapis.com/upload/sites/apipassage/versions/293e48836573d45e/files/18a0248e7a2e69149d5c11e32115613a49d7fa67cc622f845bc56c07d223278b [stream]
[debug] [2023-07-06T00:10:33.617Z] [hosting][populate queue][FINAL] {"max":165,"min":165,"avg":165,"active":0,"complete":1,"success":1,"errored":0,"retried":0,"total":1,"elapsed":168}
[debug] [2023-07-06T00:10:33.618Z] [hosting] uploads queued: 4
[debug] [2023-07-06T00:10:34.159Z] <<< [apiv2][status] POST https://upload-firebasehosting.googleapis.com/upload/sites/apipassage/versions/293e48836573d45e/files/18a0248e7a2e69149d5c11e32115613a49d7fa67cc622f845bc56c07d223278b 200
[debug] [2023-07-06T00:10:34.159Z] <<< [apiv2][body] POST https://upload-firebasehosting.googleapis.com/upload/sites/apipassage/versions/293e48836573d45e/files/18a0248e7a2e69149d5c11e32115613a49d7fa67cc622f845bc56c07d223278b [stream]
[debug] [2023-07-06T00:10:34.191Z] <<< [apiv2][status] POST https://upload-firebasehosting.googleapis.com/upload/sites/apipassage/versions/293e48836573d45e/files/55ea571f61e43b5bddb633e3e0e2289c29f00589f566285c71a5168c9d5a3f65 200
[debug] [2023-07-06T00:10:34.191Z] <<< [apiv2][body] POST https://upload-firebasehosting.googleapis.com/upload/sites/apipassage/versions/293e48836573d45e/files/55ea571f61e43b5bddb633e3e0e2289c29f00589f566285c71a5168c9d5a3f65 [stream]
[debug] [2023-07-06T00:10:34.391Z] <<< [apiv2][status] POST https://upload-firebasehosting.googleapis.com/upload/sites/apipassage/versions/293e48836573d45e/files/f1e2e6f658bef6392c42ec228c3b8ff169315fc1b67be35d4363b8151900e23e 200
[debug] [2023-07-06T00:10:34.391Z] <<< [apiv2][body] POST https://upload-firebasehosting.googleapis.com/upload/sites/apipassage/versions/293e48836573d45e/files/f1e2e6f658bef6392c42ec228c3b8ff169315fc1b67be35d4363b8151900e23e [stream]
[debug] [2023-07-06T00:10:35.912Z] <<< [apiv2][status] POST https://upload-firebasehosting.googleapis.com/upload/sites/apipassage/versions/293e48836573d45e/files/a729af9b7c61731440d0acad2aed276c0fc45f87642b851dd9ff9c2529202d03 200
[debug] [2023-07-06T00:10:35.912Z] <<< [apiv2][body] POST https://upload-firebasehosting.googleapis.com/upload/sites/apipassage/versions/293e48836573d45e/files/a729af9b7c61731440d0acad2aed276c0fc45f87642b851dd9ff9c2529202d03 [stream]
[debug] [2023-07-06T00:10:35.912Z] [hosting][upload queue][FINAL] {"max":2298,"min":545,"avg":1049.75,"active":0,"complete":4,"success":4,"errored":0,"retried":0,"total":4,"elapsed":2299}
[info] ✔  hosting[apipassage]: file upload complete 
[debug] [2023-07-06T00:10:35.914Z] [hosting] deploy completed after 3029ms
[debug] [2023-07-06T00:10:35.915Z] [rules] releasing cloud.firestore/(default) with ruleset projects/apipassage/rulesets/9918fe8f-4319-4f11-9cf3-3753b34e45e9
[debug] [2023-07-06T00:10:35.916Z] >>> [apiv2][query] PATCH https://firebaserules.googleapis.com/v1/projects/apipassage/releases/cloud.firestore/(default) [none]
[debug] [2023-07-06T00:10:35.916Z] >>> [apiv2][body] PATCH https://firebaserules.googleapis.com/v1/projects/apipassage/releases/cloud.firestore/(default) {"release":{"name":"projects/apipassage/releases/cloud.firestore/(default)","rulesetName":"projects/apipassage/rulesets/9918fe8f-4319-4f11-9cf3-3753b34e45e9"}}
[debug] [2023-07-06T00:10:36.055Z] <<< [apiv2][status] PATCH https://firebaserules.googleapis.com/v1/projects/apipassage/releases/cloud.firestore/(default) 200
[debug] [2023-07-06T00:10:36.056Z] <<< [apiv2][body] PATCH https://firebaserules.googleapis.com/v1/projects/apipassage/releases/cloud.firestore/(default) {"name":"projects/apipassage/releases/cloud.firestore","rulesetName":"projects/apipassage/rulesets/9918fe8f-4319-4f11-9cf3-3753b34e45e9","createTime":"2023-06-26T15:50:24.387265Z","updateTime":"2023-07-06T00:10:36.106952Z"}
[debug] [2023-07-06T00:10:36.056Z] [rules] updated release projects/apipassage/releases/cloud.firestore
[info] ✔  firestore: released rules firestore.rules to cloud.firestore 
[info] i  functions: updating Node.js 14 (1st Gen) function securitySearch(us-central1)... 
[debug] [2023-07-06T00:10:36.062Z] >>> [apiv2][query] PATCH https://cloudfunctions.googleapis.com/v1/projects/apipassage/locations/us-central1/functions/securitySearch updateMask=name%2CsourceUploadUrl%2CentryPoint%2Cruntime%2CdockerRegistry%2Clabels%2ChttpsTrigger.securityLevel%2CenvironmentVariables%2CavailableMemoryMb%2CsourceToken%2CbuildEnvironmentVariables
[debug] [2023-07-06T00:10:36.062Z] >>> [apiv2][body] PATCH https://cloudfunctions.googleapis.com/v1/projects/apipassage/locations/us-central1/functions/securitySearch {"name":"projects/apipassage/locations/us-central1/functions/securitySearch","sourceUploadUrl":"https://storage.googleapis.com/uploads-229093970397.us-central1.cloudfunctions.appspot.com/8920f681-6dde-4f01-9cb1-ce9dc068b21b.zip?GoogleAccessId=service-256217368185@gcf-admin-robot.iam.gserviceaccount.com&Expires=1688604032&Signature=AGCmGkV6%2Bt764avf1X4h5oTH34WyrvpyFPMABxcXJaNKQ0CvXrTpQZVHsvzseoFoeUM9nywzrRNIDZMfboog%2Byvj4qAp4eiBu5Wf6X53xIMD7rrj5zAGidVJMKPbAK58tkeJ839C2MWeZduEgFTusOFjm0W7G711hiJs8qjlacF6BmdT2n0WjG2y5Hf5qjXKTH6k%2FIuipfLfFg4nzLj%2FJ%2BAPKOl6KbkhG1PCo9ls9o119PxYLRbNCru%2FhJvnYi9ahgYXPSGfiUGpcUGJjKhzL7R2utN%2F%2BoppXzXXWWCnKBS5sSxaySLoq4sTat3pqyvd%2BB4rB7MawCWxYrlpZmLUGg%3D%3D","entryPoint":"securitySearch","runtime":"nodejs14","dockerRegistry":"ARTIFACT_REGISTRY","labels":{"deployment-tool":"cli-firebase","firebase-functions-hash":"8039c26809b6dc0faa09e48c09afab0874b817fc"},"httpsTrigger":{"securityLevel":"SECURE_ALWAYS"},"environmentVariables":{"FIREBASE_CONFIG":"{\"projectId\":\"apipassage\",\"databaseURL\":\"https://apipassage-default-rtdb.firebaseio.com\",\"storageBucket\":\"apipassage.appspot.com\"}","GCLOUD_PROJECT":"apipassage","EVENTARC_CLOUD_EVENT_SOURCE":"projects/apipassage/locations/us-central1/functions/securitySearch"},"availableMemoryMb":256,"buildEnvironmentVariables":{"GOOGLE_NODE_RUN_SCRIPTS":""}}
[debug] [2023-07-06T00:10:36.467Z] <<< [apiv2][status] PATCH https://cloudfunctions.googleapis.com/v1/projects/apipassage/locations/us-central1/functions/securitySearch 200
[debug] [2023-07-06T00:10:36.467Z] <<< [apiv2][body] PATCH https://cloudfunctions.googleapis.com/v1/projects/apipassage/locations/us-central1/functions/securitySearch {"name":"operations/YXBpcGFzc2FnZS91cy1jZW50cmFsMS9zZWN1cml0eVNlYXJjaC9faVNtVHdhRW4ycw","metadata":{"@type":"type.googleapis.com/google.cloud.functions.v1.OperationMetadataV1","target":"projects/apipassage/locations/us-central1/functions/securitySearch","type":"UPDATE_FUNCTION","request":{"@type":"type.googleapis.com/google.cloud.functions.v1.CloudFunction","name":"projects/apipassage/locations/us-central1/functions/securitySearch","httpsTrigger":{"url":"https://us-central1-apipassage.cloudfunctions.net/securitySearch","securityLevel":"SECURE_ALWAYS"},"status":"ACTIVE","entryPoint":"securitySearch","timeout":"60s","availableMemoryMb":256,"serviceAccountEmail":"apipassage@appspot.gserviceaccount.com","updateTime":"2023-07-05T15:03:53.146Z","versionId":"1","labels":{"deployment-tool":"cli-firebase","firebase-functions-hash":"8039c26809b6dc0faa09e48c09afab0874b817fc"},"sourceUploadUrl":"https://storage.googleapis.com/uploads-229093970397.us-central1.cloudfunctions.appspot.com/8920f681-6dde-4f01-9cb1-ce9dc068b21b.zip?GoogleAccessId=service-256217368185@gcf-admin-robot.iam.gserviceaccount.com&Expires=1688604032&Signature=AGCmGkV6%2Bt764avf1X4h5oTH34WyrvpyFPMABxcXJaNKQ0CvXrTpQZVHsvzseoFoeUM9nywzrRNIDZMfboog%2Byvj4qAp4eiBu5Wf6X53xIMD7rrj5zAGidVJMKPbAK58tkeJ839C2MWeZduEgFTusOFjm0W7G711hiJs8qjlacF6BmdT2n0WjG2y5Hf5qjXKTH6k%2FIuipfLfFg4nzLj%2FJ%2BAPKOl6KbkhG1PCo9ls9o119PxYLRbNCru%2FhJvnYi9ahgYXPSGfiUGpcUGJjKhzL7R2utN%2F%2BoppXzXXWWCnKBS5sSxaySLoq4sTat3pqyvd%2BB4rB7MawCWxYrlpZmLUGg%3D%3D","environmentVariables":{"FIREBASE_CONFIG":"{\"projectId\":\"apipassage\",\"databaseURL\":\"https://apipassage-default-rtdb.firebaseio.com\",\"storageBucket\":\"apipassage.appspot.com\"}","GCLOUD_PROJECT":"apipassage","EVENTARC_CLOUD_EVENT_SOURCE":"projects/apipassage/locations/us-central1/functions/securitySearch"},"runtime":"nodejs14","ingressSettings":"ALLOW_ALL","buildId":"f1e68cfe-9838-4ae0-9ab0-dd287fd9f4e4","buildEnvironmentVariables":{"GOOGLE_NODE_RUN_SCRIPTS":""},"buildName":"projects/256217368185/locations/us-central1/builds/f1e68cfe-9838-4ae0-9ab0-dd287fd9f4e4","dockerRegistry":"ARTIFACT_REGISTRY"},"versionId":"2","updateTime":"2023-07-06T00:10:36Z"}}
[debug] [2023-07-06T00:10:36.468Z] >>> [apiv2][query] GET https://cloudfunctions.googleapis.com/v1/operations/YXBpcGFzc2FnZS91cy1jZW50cmFsMS9zZWN1cml0eVNlYXJjaC9faVNtVHdhRW4ycw [none]
[debug] [2023-07-06T00:10:36.565Z] <<< [apiv2][status] GET https://cloudfunctions.googleapis.com/v1/operations/YXBpcGFzc2FnZS91cy1jZW50cmFsMS9zZWN1cml0eVNlYXJjaC9faVNtVHdhRW4ycw 200
[debug] [2023-07-06T00:10:36.565Z] <<< [apiv2][body] GET https://cloudfunctions.googleapis.com/v1/operations/YXBpcGFzc2FnZS91cy1jZW50cmFsMS9zZWN1cml0eVNlYXJjaC9faVNtVHdhRW4ycw {"name":"operations/YXBpcGFzc2FnZS91cy1jZW50cmFsMS9zZWN1cml0eVNlYXJjaC9faVNtVHdhRW4ycw","metadata":{"@type":"type.googleapis.com/google.cloud.functions.v1.OperationMetadataV1","target":"projects/apipassage/locations/us-central1/functions/securitySearch","type":"UPDATE_FUNCTION","request":{"@type":"type.googleapis.com/google.cloud.functions.v1.CloudFunction","name":"projects/apipassage/locations/us-central1/functions/securitySearch","httpsTrigger":{"url":"https://us-central1-apipassage.cloudfunctions.net/securitySearch","securityLevel":"SECURE_ALWAYS"},"status":"ACTIVE","entryPoint":"securitySearch","timeout":"60s","availableMemoryMb":256,"serviceAccountEmail":"apipassage@appspot.gserviceaccount.com","updateTime":"2023-07-05T15:03:53.146Z","versionId":"1","labels":{"deployment-tool":"cli-firebase","firebase-functions-hash":"8039c26809b6dc0faa09e48c09afab0874b817fc"},"sourceUploadUrl":"https://storage.googleapis.com/uploads-229093970397.us-central1.cloudfunctions.appspot.com/8920f681-6dde-4f01-9cb1-ce9dc068b21b.zip?GoogleAccessId=service-256217368185@gcf-admin-robot.iam.gserviceaccount.com&Expires=1688604032&Signature=AGCmGkV6%2Bt764avf1X4h5oTH34WyrvpyFPMABxcXJaNKQ0CvXrTpQZVHsvzseoFoeUM9nywzrRNIDZMfboog%2Byvj4qAp4eiBu5Wf6X53xIMD7rrj5zAGidVJMKPbAK58tkeJ839C2MWeZduEgFTusOFjm0W7G711hiJs8qjlacF6BmdT2n0WjG2y5Hf5qjXKTH6k%2FIuipfLfFg4nzLj%2FJ%2BAPKOl6KbkhG1PCo9ls9o119PxYLRbNCru%2FhJvnYi9ahgYXPSGfiUGpcUGJjKhzL7R2utN%2F%2BoppXzXXWWCnKBS5sSxaySLoq4sTat3pqyvd%2BB4rB7MawCWxYrlpZmLUGg%3D%3D","environmentVariables":{"FIREBASE_CONFIG":"{\"projectId\":\"apipassage\",\"databaseURL\":\"https://apipassage-default-rtdb.firebaseio.com\",\"storageBucket\":\"apipassage.appspot.com\"}","GCLOUD_PROJECT":"apipassage","EVENTARC_CLOUD_EVENT_SOURCE":"projects/apipassage/locations/us-central1/functions/securitySearch"},"runtime":"nodejs14","ingressSettings":"ALLOW_ALL","buildId":"f1e68cfe-9838-4ae0-9ab0-dd287fd9f4e4","buildEnvironmentVariables":{"GOOGLE_NODE_RUN_SCRIPTS":""},"buildName":"projects/256217368185/locations/us-central1/builds/f1e68cfe-9838-4ae0-9ab0-dd287fd9f4e4","dockerRegistry":"ARTIFACT_REGISTRY"},"versionId":"2","updateTime":"2023-07-06T00:10:36Z"}}
[debug] [2023-07-06T00:10:37.067Z] [update-default-us-central1-securitySearch] Retrying task index 0
[debug] [2023-07-06T00:10:37.067Z] >>> [apiv2][query] GET https://cloudfunctions.googleapis.com/v1/operations/YXBpcGFzc2FnZS91cy1jZW50cmFsMS9zZWN1cml0eVNlYXJjaC9faVNtVHdhRW4ycw [none]
[debug] [2023-07-06T00:10:37.173Z] <<< [apiv2][status] GET https://cloudfunctions.googleapis.com/v1/operations/YXBpcGFzc2FnZS91cy1jZW50cmFsMS9zZWN1cml0eVNlYXJjaC9faVNtVHdhRW4ycw 200
[debug] [2023-07-06T00:10:37.174Z] <<< [apiv2][body] GET https://cloudfunctions.googleapis.com/v1/operations/YXBpcGFzc2FnZS91cy1jZW50cmFsMS9zZWN1cml0eVNlYXJjaC9faVNtVHdhRW4ycw {"name":"operations/YXBpcGFzc2FnZS91cy1jZW50cmFsMS9zZWN1cml0eVNlYXJjaC9faVNtVHdhRW4ycw","metadata":{"@type":"type.googleapis.com/google.cloud.functions.v1.OperationMetadataV1","target":"projects/apipassage/locations/us-central1/functions/securitySearch","type":"UPDATE_FUNCTION","request":{"@type":"type.googleapis.com/google.cloud.functions.v1.CloudFunction","name":"projects/apipassage/locations/us-central1/functions/securitySearch","httpsTrigger":{"url":"https://us-central1-apipassage.cloudfunctions.net/securitySearch","securityLevel":"SECURE_ALWAYS"},"status":"ACTIVE","entryPoint":"securitySearch","timeout":"60s","availableMemoryMb":256,"serviceAccountEmail":"apipassage@appspot.gserviceaccount.com","updateTime":"2023-07-05T15:03:53.146Z","versionId":"1","labels":{"deployment-tool":"cli-firebase","firebase-functions-hash":"8039c26809b6dc0faa09e48c09afab0874b817fc"},"sourceUploadUrl":"https://storage.googleapis.com/uploads-229093970397.us-central1.cloudfunctions.appspot.com/8920f681-6dde-4f01-9cb1-ce9dc068b21b.zip?GoogleAccessId=service-256217368185@gcf-admin-robot.iam.gserviceaccount.com&Expires=1688604032&Signature=AGCmGkV6%2Bt764avf1X4h5oTH34WyrvpyFPMABxcXJaNKQ0CvXrTpQZVHsvzseoFoeUM9nywzrRNIDZMfboog%2Byvj4qAp4eiBu5Wf6X53xIMD7rrj5zAGidVJMKPbAK58tkeJ839C2MWeZduEgFTusOFjm0W7G711hiJs8qjlacF6BmdT2n0WjG2y5Hf5qjXKTH6k%2FIuipfLfFg4nzLj%2FJ%2BAPKOl6KbkhG1PCo9ls9o119PxYLRbNCru%2FhJvnYi9ahgYXPSGfiUGpcUGJjKhzL7R2utN%2F%2BoppXzXXWWCnKBS5sSxaySLoq4sTat3pqyvd%2BB4rB7MawCWxYrlpZmLUGg%3D%3D","environmentVariables":{"FIREBASE_CONFIG":"{\"projectId\":\"apipassage\",\"databaseURL\":\"https://apipassage-default-rtdb.firebaseio.com\",\"storageBucket\":\"apipassage.appspot.com\"}","GCLOUD_PROJECT":"apipassage","EVENTARC_CLOUD_EVENT_SOURCE":"projects/apipassage/locations/us-central1/functions/securitySearch"},"runtime":"nodejs14","ingressSettings":"ALLOW_ALL","buildId":"f1e68cfe-9838-4ae0-9ab0-dd287fd9f4e4","buildEnvironmentVariables":{"GOOGLE_NODE_RUN_SCRIPTS":""},"buildName":"projects/256217368185/locations/us-central1/builds/f1e68cfe-9838-4ae0-9ab0-dd287fd9f4e4","dockerRegistry":"ARTIFACT_REGISTRY"},"versionId":"2","updateTime":"2023-07-06T00:10:36Z"}}
[debug] [2023-07-06T00:10:38.175Z] [update-default-us-central1-securitySearch] Retrying task index 0
[debug] [2023-07-06T00:10:38.176Z] >>> [apiv2][query] GET https://cloudfunctions.googleapis.com/v1/operations/YXBpcGFzc2FnZS91cy1jZW50cmFsMS9zZWN1cml0eVNlYXJjaC9faVNtVHdhRW4ycw [none]
[debug] [2023-07-06T00:10:38.251Z] <<< [apiv2][status] GET https://cloudfunctions.googleapis.com/v1/operations/YXBpcGFzc2FnZS91cy1jZW50cmFsMS9zZWN1cml0eVNlYXJjaC9faVNtVHdhRW4ycw 200
[debug] [2023-07-06T00:10:38.252Z] <<< [apiv2][body] GET https://cloudfunctions.googleapis.com/v1/operations/YXBpcGFzc2FnZS91cy1jZW50cmFsMS9zZWN1cml0eVNlYXJjaC9faVNtVHdhRW4ycw {"name":"operations/YXBpcGFzc2FnZS91cy1jZW50cmFsMS9zZWN1cml0eVNlYXJjaC9faVNtVHdhRW4ycw","metadata":{"@type":"type.googleapis.com/google.cloud.functions.v1.OperationMetadataV1","target":"projects/apipassage/locations/us-central1/functions/securitySearch","type":"UPDATE_FUNCTION","request":{"@type":"type.googleapis.com/google.cloud.functions.v1.CloudFunction","name":"projects/apipassage/locations/us-central1/functions/securitySearch","httpsTrigger":{"url":"https://us-central1-apipassage.cloudfunctions.net/securitySearch","securityLevel":"SECURE_ALWAYS"},"status":"ACTIVE","entryPoint":"securitySearch","timeout":"60s","availableMemoryMb":256,"serviceAccountEmail":"apipassage@appspot.gserviceaccount.com","updateTime":"2023-07-05T15:03:53.146Z","versionId":"1","labels":{"deployment-tool":"cli-firebase","firebase-functions-hash":"8039c26809b6dc0faa09e48c09afab0874b817fc"},"sourceUploadUrl":"https://storage.googleapis.com/uploads-229093970397.us-central1.cloudfunctions.appspot.com/8920f681-6dde-4f01-9cb1-ce9dc068b21b.zip?GoogleAccessId=service-256217368185@gcf-admin-robot.iam.gserviceaccount.com&Expires=1688604032&Signature=AGCmGkV6%2Bt764avf1X4h5oTH34WyrvpyFPMABxcXJaNKQ0CvXrTpQZVHsvzseoFoeUM9nywzrRNIDZMfboog%2Byvj4qAp4eiBu5Wf6X53xIMD7rrj5zAGidVJMKPbAK58tkeJ839C2MWeZduEgFTusOFjm0W7G711hiJs8qjlacF6BmdT2n0WjG2y5Hf5qjXKTH6k%2FIuipfLfFg4nzLj%2FJ%2BAPKOl6KbkhG1PCo9ls9o119PxYLRbNCru%2FhJvnYi9ahgYXPSGfiUGpcUGJjKhzL7R2utN%2F%2BoppXzXXWWCnKBS5sSxaySLoq4sTat3pqyvd%2BB4rB7MawCWxYrlpZmLUGg%3D%3D","environmentVariables":{"FIREBASE_CONFIG":"{\"projectId\":\"apipassage\",\"databaseURL\":\"https://apipassage-default-rtdb.firebaseio.com\",\"storageBucket\":\"apipassage.appspot.com\"}","GCLOUD_PROJECT":"apipassage","EVENTARC_CLOUD_EVENT_SOURCE":"projects/apipassage/locations/us-central1/functions/securitySearch"},"runtime":"nodejs14","ingressSettings":"ALLOW_ALL","buildId":"f1e68cfe-9838-4ae0-9ab0-dd287fd9f4e4","buildEnvironmentVariables":{"GOOGLE_NODE_RUN_SCRIPTS":""},"buildName":"projects/256217368185/locations/us-central1/builds/f1e68cfe-9838-4ae0-9ab0-dd287fd9f4e4","dockerRegistry":"ARTIFACT_REGISTRY"},"versionId":"2","updateTime":"2023-07-06T00:10:36Z"}}
[debug] [2023-07-06T00:10:40.253Z] [update-default-us-central1-securitySearch] Retrying task index 0
[debug] [2023-07-06T00:10:40.253Z] >>> [apiv2][query] GET https://cloudfunctions.googleapis.com/v1/operations/YXBpcGFzc2FnZS91cy1jZW50cmFsMS9zZWN1cml0eVNlYXJjaC9faVNtVHdhRW4ycw [none]
[debug] [2023-07-06T00:10:40.362Z] <<< [apiv2][status] GET https://cloudfunctions.googleapis.com/v1/operations/YXBpcGFzc2FnZS91cy1jZW50cmFsMS9zZWN1cml0eVNlYXJjaC9faVNtVHdhRW4ycw 200
[debug] [2023-07-06T00:10:40.362Z] <<< [apiv2][body] GET https://cloudfunctions.googleapis.com/v1/operations/YXBpcGFzc2FnZS91cy1jZW50cmFsMS9zZWN1cml0eVNlYXJjaC9faVNtVHdhRW4ycw {"name":"operations/YXBpcGFzc2FnZS91cy1jZW50cmFsMS9zZWN1cml0eVNlYXJjaC9faVNtVHdhRW4ycw","metadata":{"@type":"type.googleapis.com/google.cloud.functions.v1.OperationMetadataV1","target":"projects/apipassage/locations/us-central1/functions/securitySearch","type":"UPDATE_FUNCTION","request":{"@type":"type.googleapis.com/google.cloud.functions.v1.CloudFunction","name":"projects/apipassage/locations/us-central1/functions/securitySearch","httpsTrigger":{"url":"https://us-central1-apipassage.cloudfunctions.net/securitySearch","securityLevel":"SECURE_ALWAYS"},"status":"ACTIVE","entryPoint":"securitySearch","timeout":"60s","availableMemoryMb":256,"serviceAccountEmail":"apipassage@appspot.gserviceaccount.com","updateTime":"2023-07-05T15:03:53.146Z","versionId":"1","labels":{"deployment-tool":"cli-firebase","firebase-functions-hash":"8039c26809b6dc0faa09e48c09afab0874b817fc"},"sourceUploadUrl":"https://storage.googleapis.com/uploads-229093970397.us-central1.cloudfunctions.appspot.com/8920f681-6dde-4f01-9cb1-ce9dc068b21b.zip?GoogleAccessId=service-256217368185@gcf-admin-robot.iam.gserviceaccount.com&Expires=1688604032&Signature=AGCmGkV6%2Bt764avf1X4h5oTH34WyrvpyFPMABxcXJaNKQ0CvXrTpQZVHsvzseoFoeUM9nywzrRNIDZMfboog%2Byvj4qAp4eiBu5Wf6X53xIMD7rrj5zAGidVJMKPbAK58tkeJ839C2MWeZduEgFTusOFjm0W7G711hiJs8qjlacF6BmdT2n0WjG2y5Hf5qjXKTH6k%2FIuipfLfFg4nzLj%2FJ%2BAPKOl6KbkhG1PCo9ls9o119PxYLRbNCru%2FhJvnYi9ahgYXPSGfiUGpcUGJjKhzL7R2utN%2F%2BoppXzXXWWCnKBS5sSxaySLoq4sTat3pqyvd%2BB4rB7MawCWxYrlpZmLUGg%3D%3D","environmentVariables":{"FIREBASE_CONFIG":"{\"projectId\":\"apipassage\",\"databaseURL\":\"https://apipassage-default-rtdb.firebaseio.com\",\"storageBucket\":\"apipassage.appspot.com\"}","GCLOUD_PROJECT":"apipassage","EVENTARC_CLOUD_EVENT_SOURCE":"projects/apipassage/locations/us-central1/functions/securitySearch"},"runtime":"nodejs14","ingressSettings":"ALLOW_ALL","buildId":"f1e68cfe-9838-4ae0-9ab0-dd287fd9f4e4","buildEnvironmentVariables":{"GOOGLE_NODE_RUN_SCRIPTS":""},"buildName":"projects/256217368185/locations/us-central1/builds/f1e68cfe-9838-4ae0-9ab0-dd287fd9f4e4","dockerRegistry":"ARTIFACT_REGISTRY"},"versionId":"2","updateTime":"2023-07-06T00:10:36Z"}}
[debug] [2023-07-06T00:10:44.363Z] [update-default-us-central1-securitySearch] Retrying task index 0
[debug] [2023-07-06T00:10:44.364Z] >>> [apiv2][query] GET https://cloudfunctions.googleapis.com/v1/operations/YXBpcGFzc2FnZS91cy1jZW50cmFsMS9zZWN1cml0eVNlYXJjaC9faVNtVHdhRW4ycw [none]
[debug] [2023-07-06T00:10:44.446Z] <<< [apiv2][status] GET https://cloudfunctions.googleapis.com/v1/operations/YXBpcGFzc2FnZS91cy1jZW50cmFsMS9zZWN1cml0eVNlYXJjaC9faVNtVHdhRW4ycw 200
[debug] [2023-07-06T00:10:44.446Z] <<< [apiv2][body] GET https://cloudfunctions.googleapis.com/v1/operations/YXBpcGFzc2FnZS91cy1jZW50cmFsMS9zZWN1cml0eVNlYXJjaC9faVNtVHdhRW4ycw {"name":"operations/YXBpcGFzc2FnZS91cy1jZW50cmFsMS9zZWN1cml0eVNlYXJjaC9faVNtVHdhRW4ycw","metadata":{"@type":"type.googleapis.com/google.cloud.functions.v1.OperationMetadataV1","target":"projects/apipassage/locations/us-central1/functions/securitySearch","type":"UPDATE_FUNCTION","request":{"@type":"type.googleapis.com/google.cloud.functions.v1.CloudFunction","name":"projects/apipassage/locations/us-central1/functions/securitySearch","httpsTrigger":{"url":"https://us-central1-apipassage.cloudfunctions.net/securitySearch","securityLevel":"SECURE_ALWAYS"},"status":"ACTIVE","entryPoint":"securitySearch","timeout":"60s","availableMemoryMb":256,"serviceAccountEmail":"apipassage@appspot.gserviceaccount.com","updateTime":"2023-07-05T15:03:53.146Z","versionId":"1","labels":{"deployment-tool":"cli-firebase","firebase-functions-hash":"8039c26809b6dc0faa09e48c09afab0874b817fc"},"sourceUploadUrl":"https://storage.googleapis.com/uploads-229093970397.us-central1.cloudfunctions.appspot.com/8920f681-6dde-4f01-9cb1-ce9dc068b21b.zip?GoogleAccessId=service-256217368185@gcf-admin-robot.iam.gserviceaccount.com&Expires=1688604032&Signature=AGCmGkV6%2Bt764avf1X4h5oTH34WyrvpyFPMABxcXJaNKQ0CvXrTpQZVHsvzseoFoeUM9nywzrRNIDZMfboog%2Byvj4qAp4eiBu5Wf6X53xIMD7rrj5zAGidVJMKPbAK58tkeJ839C2MWeZduEgFTusOFjm0W7G711hiJs8qjlacF6BmdT2n0WjG2y5Hf5qjXKTH6k%2FIuipfLfFg4nzLj%2FJ%2BAPKOl6KbkhG1PCo9ls9o119PxYLRbNCru%2FhJvnYi9ahgYXPSGfiUGpcUGJjKhzL7R2utN%2F%2BoppXzXXWWCnKBS5sSxaySLoq4sTat3pqyvd%2BB4rB7MawCWxYrlpZmLUGg%3D%3D","environmentVariables":{"FIREBASE_CONFIG":"{\"projectId\":\"apipassage\",\"databaseURL\":\"https://apipassage-default-rtdb.firebaseio.com\",\"storageBucket\":\"apipassage.appspot.com\"}","GCLOUD_PROJECT":"apipassage","EVENTARC_CLOUD_EVENT_SOURCE":"projects/apipassage/locations/us-central1/functions/securitySearch"},"runtime":"nodejs14","ingressSettings":"ALLOW_ALL","buildId":"f1e68cfe-9838-4ae0-9ab0-dd287fd9f4e4","buildEnvironmentVariables":{"GOOGLE_NODE_RUN_SCRIPTS":""},"buildName":"projects/256217368185/locations/us-central1/builds/f1e68cfe-9838-4ae0-9ab0-dd287fd9f4e4","dockerRegistry":"ARTIFACT_REGISTRY"},"versionId":"2","updateTime":"2023-07-06T00:10:36Z"}}
[debug] [2023-07-06T00:10:52.447Z] [update-default-us-central1-securitySearch] Retrying task index 0
[debug] [2023-07-06T00:10:52.448Z] >>> [apiv2][query] GET https://cloudfunctions.googleapis.com/v1/operations/YXBpcGFzc2FnZS91cy1jZW50cmFsMS9zZWN1cml0eVNlYXJjaC9faVNtVHdhRW4ycw [none]
[debug] [2023-07-06T00:10:52.646Z] <<< [apiv2][status] GET https://cloudfunctions.googleapis.com/v1/operations/YXBpcGFzc2FnZS91cy1jZW50cmFsMS9zZWN1cml0eVNlYXJjaC9faVNtVHdhRW4ycw 200
[debug] [2023-07-06T00:10:52.647Z] <<< [apiv2][body] GET https://cloudfunctions.googleapis.com/v1/operations/YXBpcGFzc2FnZS91cy1jZW50cmFsMS9zZWN1cml0eVNlYXJjaC9faVNtVHdhRW4ycw {"name":"operations/YXBpcGFzc2FnZS91cy1jZW50cmFsMS9zZWN1cml0eVNlYXJjaC9faVNtVHdhRW4ycw","metadata":{"@type":"type.googleapis.com/google.cloud.functions.v1.OperationMetadataV1","target":"projects/apipassage/locations/us-central1/functions/securitySearch","type":"UPDATE_FUNCTION","request":{"@type":"type.googleapis.com/google.cloud.functions.v1.CloudFunction","name":"projects/apipassage/locations/us-central1/functions/securitySearch","httpsTrigger":{"url":"https://us-central1-apipassage.cloudfunctions.net/securitySearch","securityLevel":"SECURE_ALWAYS"},"status":"ACTIVE","entryPoint":"securitySearch","timeout":"60s","availableMemoryMb":256,"serviceAccountEmail":"apipassage@appspot.gserviceaccount.com","updateTime":"2023-07-05T15:03:53.146Z","versionId":"1","labels":{"deployment-tool":"cli-firebase","firebase-functions-hash":"8039c26809b6dc0faa09e48c09afab0874b817fc"},"sourceUploadUrl":"https://storage.googleapis.com/uploads-229093970397.us-central1.cloudfunctions.appspot.com/8920f681-6dde-4f01-9cb1-ce9dc068b21b.zip?GoogleAccessId=service-256217368185@gcf-admin-robot.iam.gserviceaccount.com&Expires=1688604032&Signature=AGCmGkV6%2Bt764avf1X4h5oTH34WyrvpyFPMABxcXJaNKQ0CvXrTpQZVHsvzseoFoeUM9nywzrRNIDZMfboog%2Byvj4qAp4eiBu5Wf6X53xIMD7rrj5zAGidVJMKPbAK58tkeJ839C2MWeZduEgFTusOFjm0W7G711hiJs8qjlacF6BmdT2n0WjG2y5Hf5qjXKTH6k%2FIuipfLfFg4nzLj%2FJ%2BAPKOl6KbkhG1PCo9ls9o119PxYLRbNCru%2FhJvnYi9ahgYXPSGfiUGpcUGJjKhzL7R2utN%2F%2BoppXzXXWWCnKBS5sSxaySLoq4sTat3pqyvd%2BB4rB7MawCWxYrlpZmLUGg%3D%3D","environmentVariables":{"FIREBASE_CONFIG":"{\"projectId\":\"apipassage\",\"databaseURL\":\"https://apipassage-default-rtdb.firebaseio.com\",\"storageBucket\":\"apipassage.appspot.com\"}","GCLOUD_PROJECT":"apipassage","EVENTARC_CLOUD_EVENT_SOURCE":"projects/apipassage/locations/us-central1/functions/securitySearch"},"runtime":"nodejs14","ingressSettings":"ALLOW_ALL","buildId":"f1e68cfe-9838-4ae0-9ab0-dd287fd9f4e4","buildEnvironmentVariables":{"GOOGLE_NODE_RUN_SCRIPTS":""},"buildName":"projects/256217368185/locations/us-central1/builds/f1e68cfe-9838-4ae0-9ab0-dd287fd9f4e4","dockerRegistry":"ARTIFACT_REGISTRY"},"versionId":"2","updateTime":"2023-07-06T00:10:36Z","buildId":"260d3811-be7e-4860-8a47-a664a12add2f","buildName":"projects/256217368185/locations/us-central1/builds/260d3811-be7e-4860-8a47-a664a12add2f"}}
[debug] [2023-07-06T00:11:02.648Z] [update-default-us-central1-securitySearch] Retrying task index 0
[debug] [2023-07-06T00:11:02.648Z] >>> [apiv2][query] GET https://cloudfunctions.googleapis.com/v1/operations/YXBpcGFzc2FnZS91cy1jZW50cmFsMS9zZWN1cml0eVNlYXJjaC9faVNtVHdhRW4ycw [none]
[debug] [2023-07-06T00:11:02.828Z] <<< [apiv2][status] GET https://cloudfunctions.googleapis.com/v1/operations/YXBpcGFzc2FnZS91cy1jZW50cmFsMS9zZWN1cml0eVNlYXJjaC9faVNtVHdhRW4ycw 200
[debug] [2023-07-06T00:11:02.828Z] <<< [apiv2][body] GET https://cloudfunctions.googleapis.com/v1/operations/YXBpcGFzc2FnZS91cy1jZW50cmFsMS9zZWN1cml0eVNlYXJjaC9faVNtVHdhRW4ycw {"name":"operations/YXBpcGFzc2FnZS91cy1jZW50cmFsMS9zZWN1cml0eVNlYXJjaC9faVNtVHdhRW4ycw","metadata":{"@type":"type.googleapis.com/google.cloud.functions.v1.OperationMetadataV1","target":"projects/apipassage/locations/us-central1/functions/securitySearch","type":"UPDATE_FUNCTION","request":{"@type":"type.googleapis.com/google.cloud.functions.v1.CloudFunction","name":"projects/apipassage/locations/us-central1/functions/securitySearch","httpsTrigger":{"url":"https://us-central1-apipassage.cloudfunctions.net/securitySearch","securityLevel":"SECURE_ALWAYS"},"status":"ACTIVE","entryPoint":"securitySearch","timeout":"60s","availableMemoryMb":256,"serviceAccountEmail":"apipassage@appspot.gserviceaccount.com","updateTime":"2023-07-05T15:03:53.146Z","versionId":"1","labels":{"deployment-tool":"cli-firebase","firebase-functions-hash":"8039c26809b6dc0faa09e48c09afab0874b817fc"},"sourceUploadUrl":"https://storage.googleapis.com/uploads-229093970397.us-central1.cloudfunctions.appspot.com/8920f681-6dde-4f01-9cb1-ce9dc068b21b.zip?GoogleAccessId=service-256217368185@gcf-admin-robot.iam.gserviceaccount.com&Expires=1688604032&Signature=AGCmGkV6%2Bt764avf1X4h5oTH34WyrvpyFPMABxcXJaNKQ0CvXrTpQZVHsvzseoFoeUM9nywzrRNIDZMfboog%2Byvj4qAp4eiBu5Wf6X53xIMD7rrj5zAGidVJMKPbAK58tkeJ839C2MWeZduEgFTusOFjm0W7G711hiJs8qjlacF6BmdT2n0WjG2y5Hf5qjXKTH6k%2FIuipfLfFg4nzLj%2FJ%2BAPKOl6KbkhG1PCo9ls9o119PxYLRbNCru%2FhJvnYi9ahgYXPSGfiUGpcUGJjKhzL7R2utN%2F%2BoppXzXXWWCnKBS5sSxaySLoq4sTat3pqyvd%2BB4rB7MawCWxYrlpZmLUGg%3D%3D","environmentVariables":{"FIREBASE_CONFIG":"{\"projectId\":\"apipassage\",\"databaseURL\":\"https://apipassage-default-rtdb.firebaseio.com\",\"storageBucket\":\"apipassage.appspot.com\"}","GCLOUD_PROJECT":"apipassage","EVENTARC_CLOUD_EVENT_SOURCE":"projects/apipassage/locations/us-central1/functions/securitySearch"},"runtime":"nodejs14","ingressSettings":"ALLOW_ALL","buildId":"f1e68cfe-9838-4ae0-9ab0-dd287fd9f4e4","buildEnvironmentVariables":{"GOOGLE_NODE_RUN_SCRIPTS":""},"buildName":"projects/256217368185/locations/us-central1/builds/f1e68cfe-9838-4ae0-9ab0-dd287fd9f4e4","dockerRegistry":"ARTIFACT_REGISTRY"},"versionId":"2","updateTime":"2023-07-06T00:10:36Z","buildId":"260d3811-be7e-4860-8a47-a664a12add2f","buildName":"projects/256217368185/locations/us-central1/builds/260d3811-be7e-4860-8a47-a664a12add2f"}}
[debug] [2023-07-06T00:11:12.829Z] [update-default-us-central1-securitySearch] Retrying task index 0
[debug] [2023-07-06T00:11:12.830Z] >>> [apiv2][query] GET https://cloudfunctions.googleapis.com/v1/operations/YXBpcGFzc2FnZS91cy1jZW50cmFsMS9zZWN1cml0eVNlYXJjaC9faVNtVHdhRW4ycw [none]
[debug] [2023-07-06T00:11:13.010Z] <<< [apiv2][status] GET https://cloudfunctions.googleapis.com/v1/operations/YXBpcGFzc2FnZS91cy1jZW50cmFsMS9zZWN1cml0eVNlYXJjaC9faVNtVHdhRW4ycw 200
[debug] [2023-07-06T00:11:13.011Z] <<< [apiv2][body] GET https://cloudfunctions.googleapis.com/v1/operations/YXBpcGFzc2FnZS91cy1jZW50cmFsMS9zZWN1cml0eVNlYXJjaC9faVNtVHdhRW4ycw {"name":"operations/YXBpcGFzc2FnZS91cy1jZW50cmFsMS9zZWN1cml0eVNlYXJjaC9faVNtVHdhRW4ycw","metadata":{"@type":"type.googleapis.com/google.cloud.functions.v1.OperationMetadataV1","target":"projects/apipassage/locations/us-central1/functions/securitySearch","type":"UPDATE_FUNCTION","request":{"@type":"type.googleapis.com/google.cloud.functions.v1.CloudFunction","name":"projects/apipassage/locations/us-central1/functions/securitySearch","httpsTrigger":{"url":"https://us-central1-apipassage.cloudfunctions.net/securitySearch","securityLevel":"SECURE_ALWAYS"},"status":"ACTIVE","entryPoint":"securitySearch","timeout":"60s","availableMemoryMb":256,"serviceAccountEmail":"apipassage@appspot.gserviceaccount.com","updateTime":"2023-07-05T15:03:53.146Z","versionId":"1","labels":{"deployment-tool":"cli-firebase","firebase-functions-hash":"8039c26809b6dc0faa09e48c09afab0874b817fc"},"sourceUploadUrl":"https://storage.googleapis.com/uploads-229093970397.us-central1.cloudfunctions.appspot.com/8920f681-6dde-4f01-9cb1-ce9dc068b21b.zip?GoogleAccessId=service-256217368185@gcf-admin-robot.iam.gserviceaccount.com&Expires=1688604032&Signature=AGCmGkV6%2Bt764avf1X4h5oTH34WyrvpyFPMABxcXJaNKQ0CvXrTpQZVHsvzseoFoeUM9nywzrRNIDZMfboog%2Byvj4qAp4eiBu5Wf6X53xIMD7rrj5zAGidVJMKPbAK58tkeJ839C2MWeZduEgFTusOFjm0W7G711hiJs8qjlacF6BmdT2n0WjG2y5Hf5qjXKTH6k%2FIuipfLfFg4nzLj%2FJ%2BAPKOl6KbkhG1PCo9ls9o119PxYLRbNCru%2FhJvnYi9ahgYXPSGfiUGpcUGJjKhzL7R2utN%2F%2BoppXzXXWWCnKBS5sSxaySLoq4sTat3pqyvd%2BB4rB7MawCWxYrlpZmLUGg%3D%3D","environmentVariables":{"FIREBASE_CONFIG":"{\"projectId\":\"apipassage\",\"databaseURL\":\"https://apipassage-default-rtdb.firebaseio.com\",\"storageBucket\":\"apipassage.appspot.com\"}","GCLOUD_PROJECT":"apipassage","EVENTARC_CLOUD_EVENT_SOURCE":"projects/apipassage/locations/us-central1/functions/securitySearch"},"runtime":"nodejs14","ingressSettings":"ALLOW_ALL","buildId":"f1e68cfe-9838-4ae0-9ab0-dd287fd9f4e4","buildEnvironmentVariables":{"GOOGLE_NODE_RUN_SCRIPTS":""},"buildName":"projects/256217368185/locations/us-central1/builds/f1e68cfe-9838-4ae0-9ab0-dd287fd9f4e4","dockerRegistry":"ARTIFACT_REGISTRY"},"versionId":"2","updateTime":"2023-07-06T00:11:04Z","buildId":"260d3811-be7e-4860-8a47-a664a12add2f","buildName":"projects/256217368185/locations/us-central1/builds/260d3811-be7e-4860-8a47-a664a12add2f"},"done":true,"error":{"code":3,"message":"Build failed: npm ERR! Cannot read property '@types/lru-cache' of undefined\n\nnpm ERR! A complete log of this run can be found in:\nnpm ERR!     /www-data-home/.npm/_logs/2023-07-06T00_11_02_466Z-debug.log; Error ID: beaf8772"}}
[debug] [2023-07-06T00:11:13.011Z] Got source token undefined for region us-central1
[error] Build failed: npm ERR! Cannot read property '@types/lru-cache' of undefined

npm ERR! A complete log of this run can be found in:
npm ERR!     /www-data-home/.npm/_logs/2023-07-06T00_11_02_466Z-debug.log; Error ID: beaf8772
[debug] [2023-07-06T00:11:13.015Z] Total Function Deployment time: 36953
[debug] [2023-07-06T00:11:13.016Z] 1 Functions Deployed
[debug] [2023-07-06T00:11:13.016Z] 1 Functions Errored
[debug] [2023-07-06T00:11:13.016Z] 0 Function Deployments Aborted
[debug] [2023-07-06T00:11:13.016Z] Average Function Deployment time: 36952
[info] 
[info] Functions deploy had errors with the following functions:
	securitySearch(us-central1)
[debug] [2023-07-06T00:11:13.018Z] Not printing URL for HTTPS function. Typically this means it didn't match a filter or we failed deployment
[info] i  functions: cleaning up build files... 
[debug] [2023-07-06T00:11:13.024Z] >>> [apiv2][query] DELETE https://artifactregistry.googleapis.com/v1beta2/projects/apipassage/locations/us-central1/repositories/gcf-artifacts/packages/security_search [none]
[debug] [2023-07-06T00:11:13.027Z] >>> [apiv2][query] GET https://us.gcr.io/v2/apipassage/gcf/us-central1/tags/list [none]
[debug] [2023-07-06T00:11:13.256Z] <<< [apiv2][status] DELETE https://artifactregistry.googleapis.com/v1beta2/projects/apipassage/locations/us-central1/repositories/gcf-artifacts/packages/security_search 404
[debug] [2023-07-06T00:11:13.256Z] <<< [apiv2][body] DELETE https://artifactregistry.googleapis.com/v1beta2/projects/apipassage/locations/us-central1/repositories/gcf-artifacts/packages/security_search {"error":{"code":404,"message":"Package \"projects/apipassage/locations/us-central1/repositories/gcf-artifacts/packages/security_search\" was not found.","status":"NOT_FOUND"}}
[debug] [2023-07-06T00:11:13.328Z] <<< [apiv2][status] GET https://us.gcr.io/v2/apipassage/gcf/us-central1/tags/list 200
[debug] [2023-07-06T00:11:13.328Z] <<< [apiv2][body] GET https://us.gcr.io/v2/apipassage/gcf/us-central1/tags/list {"child":[],"manifest":{},"name":"apipassage/gcf/us-central1","tags":[]}
[debug] [2023-07-06T00:11:13.329Z] Could not find image for function projects/apipassage/locations/us-central1/functions/securitySearch
[debug] [2023-07-06T00:11:13.329Z] Functions deploy failed.
[debug] [2023-07-06T00:11:13.329Z] {
  "endpoint": {
    "id": "securitySearch",
    "project": "apipassage",
    "region": "us-central1",
    "entryPoint": "securitySearch",
    "platform": "gcfv1",
    "runtime": "nodejs14",
    "httpsTrigger": {},
    "environmentVariables": {
      "FIREBASE_CONFIG": "{\"projectId\":\"apipassage\",\"databaseURL\":\"https://apipassage-default-rtdb.firebaseio.com\",\"storageBucket\":\"apipassage.appspot.com\"}",
      "GCLOUD_PROJECT": "apipassage",
      "EVENTARC_CLOUD_EVENT_SOURCE": "projects/apipassage/locations/us-central1/functions/securitySearch"
    },
    "codebase": "default",
    "availableMemoryMb": 256,
    "securityLevel": "SECURE_ALWAYS",
    "targetedByOnly": false,
    "hash": "8039c26809b6dc0faa09e48c09afab0874b817fc",
    "labels": {
      "deployment-tool": "cli-firebase"
    }
  },
  "op": "update",
  "original": {
    "name": "FirebaseError",
    "children": [],
    "exit": 1,
    "message": "Build failed: npm ERR! Cannot read property '@types/lru-cache' of undefined\n\nnpm ERR! A complete log of this run can be found in:\nnpm ERR!     /www-data-home/.npm/_logs/2023-07-06T00_11_02_466Z-debug.log; Error ID: beaf8772",
    "status": 3
  }
}
[debug] [2023-07-06T00:11:13.331Z] Error: Failed to update function securitySearch in region us-central1
    at /Users/tyler/git/apipassage/node_modules/firebase-tools/lib/deploy/functions/release/fabricator.js:49:11
    at process.processTicksAndRejections (node:internal/process/task_queues:95:5)
    at async Fabricator.updateV1Function (/Users/tyler/git/apipassage/node_modules/firebase-tools/lib/deploy/functions/release/fabricator.js:330:32)
    at async Fabricator.updateEndpoint (/Users/tyler/git/apipassage/node_modules/firebase-tools/lib/deploy/functions/release/fabricator.js:148:13)
    at async handle (/Users/tyler/git/apipassage/node_modules/firebase-tools/lib/deploy/functions/release/fabricator.js:86:17)
[error] 
[error] Error: There was an error deploying functions
